Log file open, 08/29/18 10:15:46
LogWindows: Failed to load 'aqProf.dll' (GetLastError=126)
LogWindows: File 'aqProf.dll' does not exist
LogWindows: Failed to load 'VSPerf140.dll' (GetLastError=126)
LogWindows: File 'VSPerf140.dll' does not exist
LogWindows: Failed to load 'VtuneApi.dll' (GetLastError=126)
LogWindows: File 'VtuneApi.dll' does not exist
LogWindows: Failed to load 'VtuneApi32e.dll' (GetLastError=126)
LogWindows: File 'VtuneApi32e.dll' does not exist
LogInit: Display: Running engine for game: BrawlyBoys
LogPlatformFile: Not using cached read wrapper
LogTaskGraph: Started task graph with 5 named threads and 23 total threads with 3 sets of task threads.
LogStats: Stats thread started at 0.463217
LogD3D11RHI: Loaded GFSDK_Aftermath_Lib.x64.dll
LogICUInternationalization: Display: ICU TimeZone Detection - Raw Offset: +12:00, Platform Override: ''
LogPluginManager: Mounting plugin Paper2D
LogPluginManager: Mounting plugin AISupport
LogPluginManager: Mounting plugin LightPropagationVolume
LogPluginManager: Mounting plugin CLionSourceCodeAccess
LogPluginManager: Mounting plugin CodeLiteSourceCodeAccess
LogPluginManager: Mounting plugin GitSourceControl
LogPluginManager: Mounting plugin KDevelopSourceCodeAccess
LogPluginManager: Mounting plugin NullSourceCodeAccess
LogPluginManager: Mounting plugin PerforceSourceControl
LogPluginManager: Mounting plugin SubversionSourceControl
LogPluginManager: Mounting plugin UObjectPlugin
LogPluginManager: Mounting plugin VisualStudioCodeSourceCodeAccess
LogPluginManager: Mounting plugin VisualStudioSourceCodeAccess
LogPluginManager: Mounting plugin XCodeSourceCodeAccess
LogPluginManager: Mounting plugin AssetManagerEditor
LogPluginManager: Mounting plugin CryptoKeys
LogPluginManager: Mounting plugin DataValidation
LogPluginManager: Mounting plugin FacialAnimation
LogPluginManager: Mounting plugin GameplayTagsEditor
LogPluginManager: Mounting plugin MacGraphicsSwitching
LogPluginManager: Mounting plugin MeshEditor
LogPluginManager: Mounting plugin MobileLauncherProfileWizard
LogPluginManager: Mounting plugin PluginBrowser
LogPluginManager: Mounting plugin SpeedTreeImporter
LogPluginManager: Mounting plugin DatasmithContent
LogPluginManager: Mounting plugin AlembicImporter
LogPluginManager: Mounting plugin AppleImageUtils
LogPluginManager: Mounting plugin AppleVision
LogPluginManager: Mounting plugin BackChannel
LogPluginManager: Mounting plugin CharacterAI
LogPluginManager: Mounting plugin GeometryCache
LogPluginManager: Mounting plugin HTML5Networking
LogPluginManager: Mounting plugin ProxyLODPlugin
LogPluginManager: Mounting plugin MagicLeap
LogPluginManager: Mounting plugin MagicLeapEmulator
LogPluginManager: Mounting plugin MagicLeapMedia
LogPluginManager: Mounting plugin AndroidMedia
LogPluginManager: Mounting plugin AvfMedia
LogPluginManager: Mounting plugin ImgMedia
LogPluginManager: Mounting plugin LinearTimecode
LogPluginManager: Mounting plugin MediaCompositing
LogPluginManager: Mounting plugin MediaPlayerEditor
LogPluginManager: Mounting plugin WmfMedia
LogPluginManager: Mounting plugin TcpMessaging
LogPluginManager: Mounting plugin UdpMessaging
LogPluginManager: Mounting plugin ActorSequence
LogPluginManager: Mounting plugin LevelSequenceEditor
LogPluginManager: Mounting plugin MatineeToLevelSequence
LogPluginManager: Mounting plugin NetcodeUnitTest
LogPluginManager: Mounting plugin NUTUnrealEngine4
LogPluginManager: Mounting plugin OnlineSubsystemGooglePlay
LogPluginManager: Mounting plugin OnlineSubsystemIOS
LogPluginManager: Mounting plugin OnlineSubsystem
LogPluginManager: Mounting plugin OnlineSubsystemNull
LogPluginManager: Mounting plugin OnlineSubsystemUtils
LogPluginManager: Mounting plugin LauncherChunkInstaller
LogPluginManager: Mounting plugin AndroidDeviceProfileSelector
LogPluginManager: Mounting plugin AndroidMoviePlayer
LogPluginManager: Mounting plugin AndroidPermission
LogPluginManager: Mounting plugin AppleMoviePlayer
LogPluginManager: Mounting plugin ArchVisCharacter
LogPluginManager: Mounting plugin AudioCapture
LogPluginManager: Mounting plugin CableComponent
LogPluginManager: Mounting plugin CustomMeshComponent
LogPluginManager: Mounting plugin EditableMesh
LogPluginManager: Mounting plugin ExampleDeviceProfileSelector
LogPluginManager: Mounting plugin GoogleCloudMessaging
LogPluginManager: Mounting plugin ImmediatePhysics
LogPluginManager: Mounting plugin IOSDeviceProfileSelector
LogPluginManager: Mounting plugin LinuxDeviceProfileSelector
LogPluginManager: Mounting plugin LocationServicesBPLibrary
LogPluginManager: Mounting plugin MobilePatchingUtils
LogPluginManager: Mounting plugin OculusVR
LogPluginManager: Plugin shader directory ../../../Engine/Plugins/Runtime/Oculus/OculusVR/Shaders found
LogPluginManager: Mapping shader source directory ../../../Engine/Plugins/Runtime/Oculus/OculusVR/Shaders to virtual directory /Plugin/OculusVR
LogPluginManager: Mounting plugin PhysXVehicles
LogPluginManager: Mounting plugin ProceduralMeshComponent
LogPluginManager: Mounting plugin RuntimePhysXCooking
LogPluginManager: Mounting plugin SteamVR
LogPluginManager: Mounting plugin WindowsMoviePlayer
LogStreaming: Display: Took  0.103s to configure plugins.
LogInit: Using libcurl 7.55.1-DEV
LogInit:  - built for x86_64-pc-win32
LogInit:  - supports SSL with OpenSSL/1.0.2h
LogInit:  - supports HTTP deflate (compression) using libz 1.2.8
LogInit:  - other features:
LogInit:      CURL_VERSION_SSL
LogInit:      CURL_VERSION_LIBZ
LogInit:      CURL_VERSION_IPV6
LogInit:      CURL_VERSION_ASYNCHDNS
LogInit:      CURL_VERSION_LARGEFILE
LogInit:      CURL_VERSION_IDN
LogInit:  CurlRequestOptions (configurable via config and command line):
LogInit:  - bVerifyPeer = false  - Libcurl will NOT verify peer certificate
LogInit:  - bUseHttpProxy = false  - Libcurl will NOT use HTTP proxy
LogInit:  - bDontReuseConnections = false  - Libcurl will reuse connections
LogInit:  - CertBundlePath = nullptr  - Libcurl will use whatever was configured at build time.
LogInit:  - MaxHostConnections = 16  - Libcurl will limit the number of connections to a host
LogInit:  - LocalHostAddr = Default
LogInit:  - BufferSize = 65536
LogInit: WinSock: version 1.1 (2.2), MaxSocks=32767, MaxUdp=65467
LogHMD: Failed initializing OVRPlugin 1.25.0
LogInit: Build: ++UE4+Release-4.20-CL-4302132
LogInit: Engine Version: 4.20.2-4302132+++UE4+Release-4.20
LogInit: Compatible Engine Version: 4.20.0-4212847+++UE4+Release-4.20
LogInit: Net CL: 4212847
LogInit: OS: Windows 10 (), CPU: Intel(R) Core(TM) i7-7700 CPU @ 3.60GHz, GPU: NVIDIA GeForce GTX 1080
LogInit: Compiled (64-bit): Aug 21 2018 02:06:06
LogInit: Compiled with Visual C++: 19.13.26129.00
LogInit: Build Configuration: Development
LogInit: Branch Name: ++UE4+Release-4.20
LogInit: Command Line:  -skipcompile
LogInit: Base Directory: D:/Epic/UE_4.20/Engine/Binaries/Win64/
LogInit: Installed Engine Build: 1
LogDevObjectVersion: Number of dev versions registered: 20
LogDevObjectVersion:   Dev-Blueprints (B0D832E4-1F89-4F0D-ACCF-7EB736FD4AA2): 10
LogDevObjectVersion:   Dev-Build (E1C64328-A22C-4D53-A36C-8E866417BD8C): 0
LogDevObjectVersion:   Dev-Core (375EC13C-06E4-48FB-B500-84F0262A717E): 2
LogDevObjectVersion:   Dev-Editor (E4B068ED-F494-42E9-A231-DA0B2E46BB41): 24
LogDevObjectVersion:   Dev-Framework (CFFC743F-43B0-4480-9391-14DF171D2073): 34
LogDevObjectVersion:   Dev-Mobile (B02B49B5-BB20-44E9-A304-32B752E40360): 2
LogDevObjectVersion:   Dev-Networking (A4E4105C-59A1-49B5-A7C5-40C4547EDFEE): 0
LogDevObjectVersion:   Dev-Online (39C831C9-5AE6-47DC-9A44-9C173E1C8E7C): 0
LogDevObjectVersion:   Dev-Physics (78F01B33-EBEA-4F98-B9B4-84EACCB95AA2): 0
LogDevObjectVersion:   Dev-Platform (6631380F-2D4D-43E0-8009-CF276956A95A): 0
LogDevObjectVersion:   Dev-Rendering (12F88B9F-8875-4AFC-A67C-D90C383ABD29): 26
LogDevObjectVersion:   Dev-Sequencer (7B5AE74C-D270-4C10-A958-57980B212A5A): 9
LogDevObjectVersion:   Dev-VR (D7296918-1DD6-4BDD-9DE2-64A83CC13884): 2
LogDevObjectVersion:   Dev-LoadTimes (C2A15278-BFE7-4AFE-6C17-90FF531DF755): 1
LogDevObjectVersion:   Private-Geometry (6EACA3D4-40EC-4CC1-B786-8BED09428FC5): 3
LogDevObjectVersion:   Dev-AnimPhys (29E575DD-E0A3-4627-9D10-D276232CDCEA): 17
LogDevObjectVersion:   Dev-ReflectionCapture (6B266CEC-1EC7-4B8F-A30B-E4D90942FC07): 1
LogDevObjectVersion:   Dev-Automation (0DF73D61-A23F-47EA-B727-89E90C41499A): 1
LogDevObjectVersion:   FortniteMain (601D1886-AC64-4F84-AA16-D3DE0DEAC7D6): 12
LogDevObjectVersion:   Dev-Enterprise (9DFFBCD6-494F-0158-E221-12823C92A888): 1
LogStreaming: Display: Took  0.000s to delete old logs.
LogInit: Presizing for max 8388607 objects, including 0 objects not considered by GC, pre-allocating 0 bytes for permanent pool.
LogInit: Object subsystem initialized
[2018.08.28-22.15.47:210][  0]LogInit: Selected Device Profile: [Windows]
[2018.08.28-22.15.47:210][  0]LogInit: Applying CVar settings loaded from the selected device profile: [Windows]
[2018.08.28-22.15.47:217][  0]LogHAL: Display: Platform has ~ 32 GB [34317369344 / 34359738368 / 32], which maps to Largest [LargestMinGB=32, LargerMinGB=12, DefaultMinGB=8, SmallerMinGB=6, SmallestMinGB=0)
[2018.08.28-22.15.47:217][  0]LogInit: Setting Device Profile CVar: [[r.Vulkan.UseRealUBs:1]]
[2018.08.28-22.15.47:218][  0]LogInit: Going up to parent DeviceProfile []
[2018.08.28-22.15.47:218][  0]LogInit: Computer: 1805C026
[2018.08.28-22.15.47:218][  0]LogInit: User: brandonvan7367
[2018.08.28-22.15.47:218][  0]LogInit: CPU Page size=4096, Cores=4
[2018.08.28-22.15.47:218][  0]LogInit: High frequency timer resolution =3.515628 MHz
[2018.08.28-22.15.47:219][  0]LogMemory: Memory total: Physical=32.0GB (32GB approx)
[2018.08.28-22.15.47:219][  0]LogMemory: Platform Memory Stats for Windows
[2018.08.28-22.15.47:219][  0]LogMemory: Process Physical Memory: 106.13 MB used, 106.13 MB peak
[2018.08.28-22.15.47:219][  0]LogMemory: Process Virtual Memory: 95.80 MB used, 95.80 MB peak
[2018.08.28-22.15.47:219][  0]LogMemory: Physical Memory: 6203.46 MB used,  26524.14 MB free, 32727.59 MB total
[2018.08.28-22.15.47:219][  0]LogMemory: Virtual Memory: 555.11 MB used,  26524.14 MB free, 134217728.00 MB total
[2018.08.28-22.15.47:598][  0]LogInit: Using OS detected language (en-US).
[2018.08.28-22.15.47:598][  0]LogInit: Using OS detected locale (en-US).
[2018.08.28-22.15.47:599][  0]LogTextLocalizationManager: No specific localization for 'en-US' exists, so the 'en' localization will be used.
[2018.08.28-22.15.47:904][  0]LogStreaming: Display: Took  0.306s to InitEngineTextLocalization.
[2018.08.28-22.15.47:904][  0]LogInit: Setting process to per monitor DPI aware
[2018.08.28-22.15.47:944][  0]LogSlate: New Slate User Created.  User Index 0, Is Virtual User: 0
[2018.08.28-22.15.47:944][  0]LogSlate: Slate User Registered.  User Index 0, Is Virtual User: 0
[2018.08.28-22.15.48:136][  0]LogHMD: Failed to initialize OpenVR with code 110
[2018.08.28-22.15.48:136][  0]LogD3D11RHI: D3D11 adapters:
[2018.08.28-22.15.48:212][  0]LogD3D11RHI:    0. 'NVIDIA GeForce GTX 1080' (Feature Level 11_0)
[2018.08.28-22.15.48:212][  0]LogD3D11RHI:       8086/0/16363 MB DedicatedVideo/DedicatedSystem/SharedSystem, Outputs:2, VendorId:0x10de
[2018.08.28-22.15.48:221][  0]LogD3D11RHI:    1. 'Microsoft Basic Render Driver' (Feature Level 11_0)
[2018.08.28-22.15.48:221][  0]LogD3D11RHI:       0/0/16363 MB DedicatedVideo/DedicatedSystem/SharedSystem, Outputs:0, VendorId:0x1414
[2018.08.28-22.15.48:221][  0]LogD3D11RHI: Chosen D3D11 Adapter: 0
[2018.08.28-22.15.48:227][  0]LogD3D11RHI: Creating new Direct3DDevice
[2018.08.28-22.15.48:227][  0]LogD3D11RHI:     GPU DeviceId: 0x1b80 (for the marketing name, search the web for "GPU Device Id")
[2018.08.28-22.15.48:227][  0]LogWindows: EnumDisplayDevices:
[2018.08.28-22.15.48:227][  0]LogWindows:    0. 'NVIDIA GeForce GTX 1080' (P:0 D:1)
[2018.08.28-22.15.48:227][  0]LogWindows:    1. 'NVIDIA GeForce GTX 1080' (P:1 D:1)
[2018.08.28-22.15.48:228][  0]LogWindows:    2. 'NVIDIA GeForce GTX 1080' (P:0 D:0)
[2018.08.28-22.15.48:228][  0]LogWindows:    3. 'NVIDIA GeForce GTX 1080' (P:0 D:0)
[2018.08.28-22.15.48:228][  0]LogWindows:    4. 'Mirage Driver' (P:0 D:0)
[2018.08.28-22.15.48:228][  0]LogWindows: DebugString: GetVideoDriverDetailsInvalid PrimaryIsNotTheChoosenAdapter FoundDriverCount:4 
[2018.08.28-22.15.48:228][  0]LogD3D11RHI:     Adapter Name: NVIDIA GeForce GTX 1080
[2018.08.28-22.15.48:228][  0]LogD3D11RHI:   Driver Version: 388.13 (internal:23.21.13.8813, unified:388.13)
[2018.08.28-22.15.48:228][  0]LogD3D11RHI:      Driver Date: 10-27-2017
[2018.08.28-22.15.48:228][  0]LogRHI: Texture pool is 5660 MB (70% of 8086 MB)
[2018.08.28-22.15.48:255][  0]LogD3D11RHI: Async texture creation enabled
[2018.08.28-22.15.48:265][  0]LogD3D11RHI: GPU Timing Frequency: 1000.000000 (Debug: 2 1)
[2018.08.28-22.15.48:350][  0]LogShaderCompilers: Guid format shader working directory is -17 characters bigger than the processId version (../../../../../Users/brandon.van7367/Documents/Unreal Projects/BrawlyBoys/Intermediate/Shaders/WorkingDirectory/2524/).
[2018.08.28-22.15.48:350][  0]LogShaderCompilers: Cleaned the shader compiler working directory 'D:/Users/brandon.van7367/AppData/Local/Temp/UnrealShaderWorkingDir/FF1916914017B9DEDD88108DDD0BFE69/'.
[2018.08.28-22.15.48:591][  0]LogTemp: Display: Loaded TP AllDesktopTargetPlatform
[2018.08.28-22.15.48:605][  0]LogTemp: Display: Loaded TP MacClientTargetPlatform
[2018.08.28-22.15.48:618][  0]LogTemp: Display: Loaded TP MacNoEditorTargetPlatform
[2018.08.28-22.15.48:631][  0]LogTemp: Display: Loaded TP MacServerTargetPlatform
[2018.08.28-22.15.48:644][  0]LogTemp: Display: Loaded TP MacTargetPlatform
[2018.08.28-22.15.48:658][  0]LogTemp: Display: Loaded TP WindowsClientTargetPlatform
[2018.08.28-22.15.48:673][  0]LogTemp: Display: Loaded TP WindowsNoEditorTargetPlatform
[2018.08.28-22.15.48:686][  0]LogTemp: Display: Loaded TP WindowsServerTargetPlatform
[2018.08.28-22.15.48:694][  0]LogTemp: Display: Loaded TP WindowsTargetPlatform
[2018.08.28-22.15.48:758][  0]LogTemp: Display: Loaded TP AndroidTargetPlatform
[2018.08.28-22.15.48:759][  0]LogTemp: Display: Loaded TP AndroidTargetPlatform
[2018.08.28-22.15.48:759][  0]LogTemp: Display: Loaded TP AndroidTargetPlatform
[2018.08.28-22.15.48:759][  0]LogTemp: Display: Loaded TP AndroidTargetPlatform
[2018.08.28-22.15.48:759][  0]LogTemp: Display: Loaded TP AndroidTargetPlatform
[2018.08.28-22.15.48:759][  0]LogTemp: Display: Loaded TP AndroidTargetPlatform
[2018.08.28-22.15.48:759][  0]LogTemp: Display: Loaded TP AndroidTargetPlatform
[2018.08.28-22.15.48:759][  0]LogTemp: Display: Loaded TP AndroidTargetPlatform
[2018.08.28-22.15.48:759][  0]LogTemp: Display: Loaded TP AndroidTargetPlatform
[2018.08.28-22.15.48:759][  0]LogTemp: Display: Loaded TP AndroidTargetPlatform
[2018.08.28-22.15.48:760][  0]LogTemp: Display: Loaded TP AndroidTargetPlatform
[2018.08.28-22.15.48:760][  0]LogTemp: Display: Loaded TP AndroidTargetPlatform
[2018.08.28-22.15.48:760][  0]LogTemp: Display: Loaded TP AndroidTargetPlatform
[2018.08.28-22.15.48:760][  0]LogTemp: Display: Loaded TP AndroidTargetPlatform
[2018.08.28-22.15.48:760][  0]LogTemp: Display: Loaded TP AndroidTargetPlatform
[2018.08.28-22.15.48:760][  0]LogTemp: Display: Loaded TP AndroidTargetPlatform
[2018.08.28-22.15.48:760][  0]LogTemp: Display: Loaded TP AndroidTargetPlatform
[2018.08.28-22.15.48:760][  0]LogTemp: Display: Loaded TP AndroidTargetPlatform
[2018.08.28-22.15.48:763][  0]LogTemp: Display: Loaded TP HTML5TargetPlatform
[2018.08.28-22.15.48:826][  0]LogTemp: Display: Loaded TP IOSTargetPlatform
[2018.08.28-22.15.48:826][  0]LogTemp: Display: Loaded TP IOSTargetPlatform
[2018.08.28-22.15.48:849][  0]LogTemp: Display: Loaded TP TVOSTargetPlatform
[2018.08.28-22.15.48:849][  0]LogTemp: Display: Loaded TP TVOSTargetPlatform
[2018.08.28-22.15.48:863][  0]LogTemp: Display: Loaded TP LinuxClientTargetPlatform
[2018.08.28-22.15.48:876][  0]LogTemp: Display: Loaded TP LinuxNoEditorTargetPlatform
[2018.08.28-22.15.48:889][  0]LogTemp: Display: Loaded TP LinuxServerTargetPlatform
[2018.08.28-22.15.48:902][  0]LogTemp: Display: Loaded TP LinuxTargetPlatform
[2018.08.28-22.15.48:914][  0]LogTemp: Display: Loaded TP LuminTargetPlatform
[2018.08.28-22.15.48:914][  0]LogTargetPlatformManager: Display: Building Assets For Windows
[2018.08.28-22.15.49:022][  0]LogXGEController: Cannot use XGE Controller as Incredibuild is not installed on this machine.
[2018.08.28-22.15.49:022][  0]LogShaderCompilers: Cannot use XGE Shader Compiler as Incredibuild is not installed on this machine.
[2018.08.28-22.15.49:022][  0]LogShaderCompilers: Display: Using Local Shader Compiler.
[2018.08.28-22.15.49:582][  0]LogDerivedDataCache: Display: Max Cache Size: 512 MB
[2018.08.28-22.15.49:633][  0]LogDerivedDataCache: Loaded boot cache 0.05s 89MB D:/Users/brandon.van7367/AppData/Local/UnrealEngine/4.20/DerivedDataCache/Boot.ddc.
[2018.08.28-22.15.49:633][  0]LogDerivedDataCache: Display: Loaded Boot cache: D:/Users/brandon.van7367/AppData/Local/UnrealEngine/4.20/DerivedDataCache/Boot.ddc
[2018.08.28-22.15.49:634][  0]LogDerivedDataCache: FDerivedDataBackendGraph:  Pak pak cache file ../../../../../Users/brandon.van7367/Documents/Unreal Projects/BrawlyBoys/DerivedDataCache/DDC.ddp not found, will not use a pak cache.
[2018.08.28-22.15.49:634][  0]LogDerivedDataCache: Unable to find inner node Pak for hierarchical cache Hierarchy.
[2018.08.28-22.15.49:634][  0]LogDerivedDataCache: FDerivedDataBackendGraph:  CompressedPak pak cache file ../../../../../Users/brandon.van7367/Documents/Unreal Projects/BrawlyBoys/DerivedDataCache/Compressed.ddp not found, will not use a pak cache.
[2018.08.28-22.15.49:634][  0]LogDerivedDataCache: Unable to find inner node CompressedPak for hierarchical cache Hierarchy.
[2018.08.28-22.15.49:645][  0]LogDerivedDataCache: Display: Pak cache opened for reading ../../../Engine/DerivedDataCache/Compressed.ddp.
[2018.08.28-22.15.49:657][  0]LogDerivedDataCache: Using Local data cache path D:/Users/brandon.van7367/AppData/Local/UnrealEngine/Common/DerivedDataCache: Writable
[2018.08.28-22.15.49:658][  0]LogDerivedDataCache: Shared data cache path not found in *engine.ini, will not use an Shared cache.
[2018.08.28-22.15.49:658][  0]LogDerivedDataCache: Unable to find inner node Shared for hierarchical cache Hierarchy.
[2018.08.28-22.15.49:673][  0]LogMaterial: Verifying Global Shaders for PCD3D_SM5
[2018.08.28-22.15.49:675][  0]LogSlate: Using FreeType 2.6.0
[2018.08.28-22.15.49:675][  0]LogSlate: SlateFontServices - WITH_FREETYPE: 1, WITH_HARFBUZZ: 1
[2018.08.28-22.15.49:747][  0]LogAssetRegistry: FAssetRegistry took 0.0284 seconds to start up
[2018.08.28-22.15.49:997][  0]LogInit: Selected Device Profile: [Windows]
[2018.08.28-22.15.50:122][  0]LogSimplygon: Simplygon DLL not present - disabling.
[2018.08.28-22.15.50:130][  0]LogMeshReduction: Using SimplygonSwarm for distributed automatic mesh merging
[2018.08.28-22.15.50:130][  0]LogMeshReduction: Using ProxyLODMeshReduction for automatic mesh merging
[2018.08.28-22.15.50:130][  0]LogMeshReduction: Using QuadricMeshReduction for automatic static mesh reduction
[2018.08.28-22.15.50:130][  0]LogMeshReduction: No automatic skeletal mesh reduction module available
[2018.08.28-22.15.50:146][  0]LogNetVersion: BrawlyBoys 1.0.0, NetCL: 4212847, EngineNetVer: 5, GameNetVer: 0 (Checksum: 875117717)
[2018.08.28-22.15.50:536][  0]LogPackageLocalizationCache: Processed 11 localized package path(s) for 2 prioritized culture(s) in 0.076256 seconds
[2018.08.28-22.15.50:542][  0]LogUObjectArray: 38425 objects as part of root set at end of initial load.
[2018.08.28-22.15.50:542][  0]LogUObjectAllocator: 6690872 out of 0 bytes used by permanent object pool.
[2018.08.28-22.15.50:542][  0]LogUObjectArray: CloseDisregardForGC: 0/0 objects in disregard for GC pool
[2018.08.28-22.15.51:410][  0]LogTcpMessaging: Initializing TcpMessaging bridge
[2018.08.28-22.15.51:426][  0]LogUdpMessaging: Initializing bridge on interface 0.0.0.0:0 to multicast group 230.0.0.1:6666.
[2018.08.28-22.15.51:725][  0]SourceControl: Source control is disabled
[2018.08.28-22.15.51:725][  0]SourceControl: Source control is disabled
[2018.08.28-22.15.51:729][  0]SourceControl: Source control is disabled
[2018.08.28-22.15.51:732][  0]SourceControl: Source control is disabled
[2018.08.28-22.15.51:974][  0]LogAndroidPermission: UAndroidPermissionCallbackProxy::GetInstance
[2018.08.28-22.15.52:045][  0]LogOcInput: OculusInput pre-init called
[2018.08.28-22.15.52:107][  0]LogEngine: Initializing Engine...
[2018.08.28-22.15.52:108][  0]LogHMD: Failed to initialize OpenVR with code 110
[2018.08.28-22.15.52:109][  0]LogStats: UGameplayTagsManager::ConstructGameplayTagTree: ImportINI prefixes -  0.000 s
[2018.08.28-22.15.52:109][  0]LogStats: UGameplayTagsManager::ConstructGameplayTagTree: Construct from data asset -  0.000 s
[2018.08.28-22.15.52:110][  0]LogStats: UGameplayTagsManager::ConstructGameplayTagTree: ImportINI -  0.000 s
[2018.08.28-22.15.52:110][  0]LogStats: UGameplayTagsManager::ConstructGameplayTagTree: GameplayTagTreeChangedEvent.Broadcast -  0.000 s
[2018.08.28-22.15.52:276][  0]LogInit: Initializing FReadOnlyCVARCache
[2018.08.28-22.15.52:289][  0]LogAIModule: Creating AISystem for world Untitled
[2018.08.28-22.15.52:297][  0]LogInit: XAudio2 using 'Digital Audio (S/PDIF) (High Definition Audio Device)' : 2 channels at 48 kHz using 16 bits per sample (channel mask 0x3)
[2018.08.28-22.15.52:309][  0]LogInit: FAudioDevice initialized.
[2018.08.28-22.15.52:309][  0]LogNetVersion: Set ProjectVersion to 1.0.0.0. Version Checksum will be recalculated on next use.
[2018.08.28-22.15.52:445][  0]LogDerivedDataCache: Saved boot cache 0.14s 89MB D:/Users/brandon.van7367/AppData/Local/UnrealEngine/4.20/DerivedDataCache/Boot.ddc.
[2018.08.28-22.15.52:448][  0]LogInit: Texture streaming: Enabled
[2018.08.28-22.15.52:470][  0]LogEngineSessionManager: EngineSessionManager initialized
[2018.08.28-22.15.52:480][  0]LogInit: Transaction tracking system initialized
[2018.08.28-22.15.52:512][  0]BlueprintLog: New page: Editor Load
[2018.08.28-22.15.52:653][  0]LocalizationService: Localization service is disabled
[2018.08.28-22.15.52:915][  0]LogCook: Display: Max memory allowance for cook 16384mb min free memory 0mb
[2018.08.28-22.15.52:915][  0]LogCook: Display: Mobile HDR setting 1
[2018.08.28-22.15.52:915][  0]LogGameplayTags: Display: UGameplayTagsManager::DoneAddingNativeTags. DelegateIsBound: 0
[2018.08.28-22.15.52:915][  0]LogStats: UGameplayTagsManager::ConstructGameplayTagTree: ImportINI prefixes -  0.000 s
[2018.08.28-22.15.52:915][  0]LogStats: UGameplayTagsManager::ConstructGameplayTagTree: Construct from data asset -  0.000 s
[2018.08.28-22.15.52:916][  0]LogStats: UGameplayTagsManager::ConstructGameplayTagTree: ImportINI -  0.000 s
[2018.08.28-22.15.52:916][  0]LogStats: UGameplayTagsManager::ConstructGameplayTagTree: GameplayTagTreeChangedEvent.Broadcast -  0.000 s
[2018.08.28-22.15.53:078][  0]LogFileCache: Scanning file cache for directory 'D:/Users/brandon.van7367/Documents/Unreal Projects/BrawlyBoys/Content/' took 0.02s
[2018.08.28-22.15.53:078][  0]SourceControl: Source control is disabled
[2018.08.28-22.15.53:171][  0]LogWindowsTextInputMethodSystem: Display: IME system now deactivated.
[2018.08.28-22.15.53:172][  0]LogSlate: Took 0.000191 seconds to synchronously load lazily loaded font '../../../Engine/Content/Slate/Fonts/Roboto-Regular.ttf' (155K)
[2018.08.28-22.16.06:475][  0]LogSlate: Window 'Restore Packages' being destroyed
[2018.08.28-22.16.06:476][  0]LogWindowsTextInputMethodSystem: Display: IME system now deactivated.
[2018.08.28-22.16.06:478][  0]LogWindowsTextInputMethodSystem: Display: IME system now deactivated.
[2018.08.28-22.16.06:482][  0]Cmd: MAP LOAD FILE="../../../../../Users/brandon.van7367/Documents/Unreal Projects/BrawlyBoys/Content/SideScrollerCPP/Maps/SideScrollerExampleMap.umap" TEMPLATE=0 SHOWPROGRESS=1 FEATURELEVEL=3
[2018.08.28-22.16.06:482][  0]LightingResults: New page: Lighting Build
[2018.08.28-22.16.06:486][  0]MapCheck: New page: Map Check
[2018.08.28-22.16.06:486][  0]LightingResults: New page: Lighting Build
[2018.08.28-22.16.06:637][  0]LogAIModule: Creating AISystem for world SideScrollerExampleMap
[2018.08.28-22.16.06:645][  0]LogEditorServer: Finished looking for orphan Actors (0.000 secs)
[2018.08.28-22.16.06:666][  0]Cmd: MAP CHECKDEP NOCLEARLOG
[2018.08.28-22.16.06:712][  0]MapCheck: Map check complete: 0 Error(s), 0 Warning(s), took 45.664ms to complete.
[2018.08.28-22.16.06:712][  0]LogFileHelpers: Loading map 'SideScrollerExampleMap' took 0.231
[2018.08.28-22.16.06:751][  0]LogSlate: Updating window title bar state: overlay mode, drag disabled, window buttons hidden, title bar hidden
[2018.08.28-22.16.06:757][  0]LogSlate: Updating window title bar state: overlay mode, drag disabled, window buttons hidden, title bar hidden
[2018.08.28-22.16.06:764][  0]LogSlate: Updating window title bar state: overlay mode, drag disabled, window buttons hidden, title bar hidden
[2018.08.28-22.16.06:773][  0]LogSlate: Updating window title bar state: overlay mode, drag disabled, window buttons hidden, title bar hidden
[2018.08.28-22.16.06:779][  0]LogCollectionManager: Loaded 0 collections in 0.000991 seconds
[2018.08.28-22.16.06:825][  0]LogFileCache: Scanning file cache for directory 'D:/Users/brandon.van7367/Documents/Unreal Projects/BrawlyBoys/Saved/Collections/' took 0.01s
[2018.08.28-22.16.06:826][  0]LogFileCache: Scanning file cache for directory 'D:/Users/brandon.van7367/Documents/Unreal Projects/BrawlyBoys/Content/Developers/brandonvan7367/Collections/' took 0.01s
[2018.08.28-22.16.06:826][  0]LogFileCache: Scanning file cache for directory 'D:/Users/brandon.van7367/Documents/Unreal Projects/BrawlyBoys/Content/Collections/' took 0.01s
[2018.08.28-22.16.06:826][  0]LogCollectionManager: Rebuilt the GUID cache for 0 collections in 0.000000 seconds
[2018.08.28-22.16.06:834][  0]LogContentBrowser: Native class hierarchy populated in 0.0077 seconds. Added 2574 classes and 605 folders.
[2018.08.28-22.16.06:839][  0]LogContentBrowser: Native class hierarchy updated for 'WidgetCarousel' in 0.0002 seconds. Added 0 classes and 0 folders.
[2018.08.28-22.16.06:866][  0]LogContentBrowser: Native class hierarchy updated for 'AddContentDialog' in 0.0002 seconds. Added 0 classes and 0 folders.
[2018.08.28-22.16.06:893][  0]LogContentBrowser: Native class hierarchy updated for 'SceneOutliner' in 0.0003 seconds. Added 1 classes and 2 folders.
[2018.08.28-22.16.06:904][  0]LogSlate: Took 0.000178 seconds to synchronously load lazily loaded font '../../../Engine/Content/Slate/Fonts/Roboto-Bold.ttf' (160K)
[2018.08.28-22.16.06:908][  0]LogSlate: Took 0.000231 seconds to synchronously load lazily loaded font '../../../Engine/Content/Editor/Slate/Fonts/FontAwesome.ttf' (139K)
[2018.08.28-22.16.06:948][  0]LogRenderer: Reallocating scene render targets to support 1208x580 Format 10 NumSamples 1 (Frame:1).
[2018.08.28-22.16.07:085][  0]LogContentBrowser: Native class hierarchy updated for 'HierarchicalLODOutliner' in 0.0003 seconds. Added 0 classes and 0 folders.
[2018.08.28-22.16.07:085][  0]LogLoad: (Engine Initialization) Total time: 21.42 seconds
[2018.08.28-22.16.07:085][  0]LogLoad: (Engine Initialization) Total Blueprint compile time: 0.00 seconds
[2018.08.28-22.16.07:114][  0]LogAssetRegistry: Asset discovery search completed in 17.3913 seconds
[2018.08.28-22.16.07:116][  0]LogCollectionManager: Rebuilt the object cache for 0 collections in 0.000001 seconds (found 0 objects)
[2018.08.28-22.16.07:116][  0]LogCollectionManager: Fixed up redirectors for 0 collections in 0.000178 seconds (updated 0 objects)
[2018.08.28-22.16.07:117][  0]LogContentStreaming: Texture pool size now 1000 MB
[2018.08.28-22.16.07:131][  0]LogSlate: Took 0.000159 seconds to synchronously load lazily loaded font '../../../Engine/Content/Slate/Fonts/Roboto-Light.ttf' (167K)
[2018.08.28-22.16.08:106][106]LogSlate: Took 0.000231 seconds to synchronously load lazily loaded font '../../../Engine/Content/Slate/Fonts/Roboto-Light.ttf' (167K)
[2018.08.28-22.16.09:513][275]LogSlate: FSceneViewport::OnFocusLost() reason 0
[2018.08.28-22.16.09:668][289]LogSlate: Window 'BrawlyBoys - Unreal Editor' being destroyed
[2018.08.28-22.16.09:669][289]LogWindowsTextInputMethodSystem: Display: IME system now deactivated.
[2018.08.28-22.16.09:670][289]LogWindowsTextInputMethodSystem: Display: IME system now deactivated.
[2018.08.28-22.16.09:826][290]Cmd: QUIT_EDITOR
[2018.08.28-22.16.09:844][290]LogExit: Preparing to exit.
[2018.08.28-22.16.10:852][290]LogExit: Editor shut down
[2018.08.28-22.16.10:853][290]LogExit: Transaction tracking system shut down
[2018.08.28-22.16.11:476][290]LogExit: Object subsystem successfully closed.
[2018.08.28-22.16.11:509][290]LogShaderCompilers: Display: Shaders left to compile 0
[2018.08.28-22.16.11:512][290]LogD3D11RHI: Shutdown
[2018.08.28-22.16.11:512][290]LogD3D11RHI: CleanupD3DDevice
[2018.08.28-22.16.11:514][290]LogD3D11RHI: ~FD3D11DynamicRHI
[2018.08.28-22.16.11:522][290]LogModuleManager: Shutting down and abandoning module HierarchicalLODOutliner (612)
[2018.08.28-22.16.11:523][290]LogModuleManager: Shutting down and abandoning module SceneOutliner (610)
[2018.08.28-22.16.11:523][290]LogModuleManager: Shutting down and abandoning module AddContentDialog (608)
[2018.08.28-22.16.11:523][290]LogModuleManager: Shutting down and abandoning module WidgetCarousel (607)
[2018.08.28-22.16.11:524][290]LogModuleManager: Shutting down and abandoning module EditorWidgets (604)
[2018.08.28-22.16.11:524][290]LogModuleManager: Shutting down and abandoning module CollectionManager (602)
[2018.08.28-22.16.11:524][290]LogModuleManager: Shutting down and abandoning module StatsViewer (600)
[2018.08.28-22.16.11:524][290]LogModuleManager: Shutting down and abandoning module FoliageEdit (598)
[2018.08.28-22.16.11:524][290]LogModuleManager: Shutting down and abandoning module LandscapeEditor (596)
[2018.08.28-22.16.11:524][290]LogModuleManager: Shutting down and abandoning module MeshPaintMode (594)
[2018.08.28-22.16.11:524][290]LogModuleManager: Shutting down and abandoning module SceneDepthPickerMode (592)
[2018.08.28-22.16.11:525][290]LogModuleManager: Shutting down and abandoning module ActorPickerMode (590)
[2018.08.28-22.16.11:525][290]LogModuleManager: Shutting down and abandoning module GeometryMode (588)
[2018.08.28-22.16.11:525][290]LogModuleManager: Shutting down and abandoning module TextureAlignMode (586)
[2018.08.28-22.16.11:525][290]LogModuleManager: Shutting down and abandoning module BspMode (584)
[2018.08.28-22.16.11:525][290]LogModuleManager: Shutting down and abandoning module PIEPreviewDeviceProfileSelector (582)
[2018.08.28-22.16.11:525][290]LogModuleManager: Shutting down and abandoning module SequenceRecorderSections (580)
[2018.08.28-22.16.11:525][290]LogModuleManager: Shutting down and abandoning module AutomationWorker (578)
[2018.08.28-22.16.11:525][290]LogModuleManager: Shutting down and abandoning module AudioCaptureEditor (576)
[2018.08.28-22.16.11:525][290]LogModuleManager: Shutting down and abandoning module SequenceRecorder (575)
[2018.08.28-22.16.11:525][290]LogModuleManager: Shutting down and abandoning module MatineeToLevelSequence (572)
[2018.08.28-22.16.11:525][290]LogModuleManager: Shutting down and abandoning module LevelSequenceEditor (570)
[2018.08.28-22.16.11:525][290]LogModuleManager: Shutting down and abandoning module PlacementMode (569)
[2018.08.28-22.16.11:525][290]LogModuleManager: Shutting down and abandoning module MaterialEditor (568)
[2018.08.28-22.16.11:526][290]LogModuleManager: Shutting down and abandoning module WmfMediaFactory (564)
[2018.08.28-22.16.11:526][290]LogModuleManager: Shutting down and abandoning module WmfMediaEditor (562)
[2018.08.28-22.16.11:526][290]LogModuleManager: Shutting down and abandoning module MediaPlayerEditor (560)
[2018.08.28-22.16.11:526][290]LogModuleManager: Shutting down and abandoning module OpenExrWrapper (558)
[2018.08.28-22.16.11:526][290]LogModuleManager: Shutting down and abandoning module ImgMediaFactory (556)
[2018.08.28-22.16.11:526][290]LogModuleManager: Shutting down and abandoning module ImgMediaEditor (554)
[2018.08.28-22.16.11:526][290]LogModuleManager: Shutting down and abandoning module AvfMediaFactory (552)
[2018.08.28-22.16.11:526][290]LogModuleManager: Shutting down and abandoning module AvfMediaEditor (550)
[2018.08.28-22.16.11:526][290]LogModuleManager: Shutting down and abandoning module AndroidMediaFactory (548)
[2018.08.28-22.16.11:526][290]LogModuleManager: Shutting down and abandoning module AndroidMediaEditor (546)
[2018.08.28-22.16.11:526][290]LogModuleManager: Shutting down and abandoning module MagicLeapCameraPreviewFactory (544)
[2018.08.28-22.16.11:526][290]LogModuleManager: Shutting down and abandoning module MagicLeapMediaFactory (542)
[2018.08.28-22.16.11:526][290]LogModuleManager: Shutting down and abandoning module MagicLeapMediaEditor (540)
[2018.08.28-22.16.11:526][290]LogModuleManager: Shutting down and abandoning module CharacterAI (538)
[2018.08.28-22.16.11:526][290]LogModuleManager: Shutting down and abandoning module SmartSnapping (536)
[2018.08.28-22.16.11:526][290]LogModuleManager: Shutting down and abandoning module SessionServices (534)
[2018.08.28-22.16.11:526][290]LogModuleManager: Shutting down and abandoning module ViewportSnapping (532)
[2018.08.28-22.16.11:526][290]LogModuleManager: Shutting down and abandoning module ViewportInteraction (530)
[2018.08.28-22.16.11:527][290]LogModuleManager: Shutting down and abandoning module ClothPainter (528)
[2018.08.28-22.16.11:527][290]LogModuleManager: Shutting down and abandoning module SkeletalMeshEditor (527)
[2018.08.28-22.16.11:527][290]LogModuleManager: Shutting down and abandoning module LogVisualizer (524)
[2018.08.28-22.16.11:527][290]LogModuleManager: Shutting down and abandoning module IntroTutorials (522)
[2018.08.28-22.16.11:527][290]LogModuleManager: Shutting down and abandoning module GameProjectGeneration (521)
[2018.08.28-22.16.11:527][290]LogModuleManager: Shutting down and abandoning module LuminPlatformEditor (518)
[2018.08.28-22.16.11:527][290]LogModuleManager: Shutting down and abandoning module IOSPlatformEditor (516)
[2018.08.28-22.16.11:527][290]LogModuleManager: Shutting down and abandoning module HTML5PlatformEditor (514)
[2018.08.28-22.16.11:527][290]LogModuleManager: Shutting down and abandoning module AndroidPlatformEditor (512)
[2018.08.28-22.16.11:527][290]LogModuleManager: Shutting down and abandoning module AndroidDeviceDetection (511)
[2018.08.28-22.16.11:877][290]LogModuleManager: Shutting down and abandoning module WindowsPlatformEditor (508)
[2018.08.28-22.16.11:878][290]LogModuleManager: Shutting down and abandoning module LuminRuntimeSettings (506)
[2018.08.28-22.16.11:878][290]LogModuleManager: Shutting down and abandoning module IOSRuntimeSettings (504)
[2018.08.28-22.16.11:878][290]LogModuleManager: Shutting down and abandoning module AndroidRuntimeSettings (502)
[2018.08.28-22.16.11:878][290]LogModuleManager: Shutting down and abandoning module InputBindingEditor (500)
[2018.08.28-22.16.11:878][290]LogModuleManager: Shutting down and abandoning module MergeActors (498)
[2018.08.28-22.16.11:878][290]LogModuleManager: Shutting down and abandoning module LocalizationDashboard (496)
[2018.08.28-22.16.11:879][290]LogModuleManager: Shutting down and abandoning module LocalizationService (495)
[2018.08.28-22.16.11:879][290]LogModuleManager: Shutting down and abandoning module HardwareTargeting (492)
[2018.08.28-22.16.11:879][290]LogModuleManager: Shutting down and abandoning module DeviceProfileEditor (490)
[2018.08.28-22.16.11:879][290]LogModuleManager: Shutting down and abandoning module UndoHistory (488)
[2018.08.28-22.16.11:879][290]LogModuleManager: Shutting down and abandoning module XmlParser (486)
[2018.08.28-22.16.11:879][290]LogModuleManager: Shutting down and abandoning module Blutility (484)
[2018.08.28-22.16.11:879][290]LogModuleManager: Shutting down and abandoning module ProjectSettingsViewer (482)
[2018.08.28-22.16.11:879][290]LogModuleManager: Shutting down and abandoning module ProjectTargetPlatformEditor (481)
[2018.08.28-22.16.11:879][290]LogModuleManager: Shutting down and abandoning module EditorSettingsViewer (478)
[2018.08.28-22.16.11:879][290]LogModuleManager: Shutting down and abandoning module SettingsEditor (476)
[2018.08.28-22.16.11:880][290]LogModuleManager: Shutting down and abandoning module ProjectLauncher (474)
[2018.08.28-22.16.11:880][290]LogModuleManager: Shutting down and abandoning module SessionFrontend (472)
[2018.08.28-22.16.11:880][290]LogModuleManager: Shutting down and abandoning module ProfilerClient (470)
[2018.08.28-22.16.11:880][290]LogModuleManager: Shutting down and abandoning module DeviceManager (468)
[2018.08.28-22.16.11:880][290]LogModuleManager: Shutting down and abandoning module TargetDeviceServices (467)
[2018.08.28-22.16.11:942][290]LogModuleManager: Shutting down and abandoning module AutomationController (464)
[2018.08.28-22.16.11:942][290]LogModuleManager: Shutting down and abandoning module AutomationWindow (462)
[2018.08.28-22.16.11:942][290]LogModuleManager: Shutting down and abandoning module Layers (460)
[2018.08.28-22.16.11:943][290]LogModuleManager: Shutting down and abandoning module ComponentVisualizers (458)
[2018.08.28-22.16.11:943][290]LogModuleManager: Shutting down and abandoning module DetailCustomizations (456)
[2018.08.28-22.16.11:943][290]LogModuleManager: Shutting down and abandoning module PackagesDialog (454)
[2018.08.28-22.16.11:943][290]LogModuleManager: Shutting down and abandoning module Persona (452)
[2018.08.28-22.16.11:943][290]LogModuleManager: Shutting down and abandoning module AdvancedPreviewScene (451)
[2018.08.28-22.16.11:943][290]LogModuleManager: Shutting down and abandoning module AnimGraph (449)
[2018.08.28-22.16.11:943][290]LogModuleManager: Shutting down and abandoning module Kismet (446)
[2018.08.28-22.16.11:944][290]LogModuleManager: Shutting down and abandoning module GraphEditor (444)
[2018.08.28-22.16.11:944][290]LogModuleManager: Shutting down and abandoning module ClassViewer (442)
[2018.08.28-22.16.11:944][290]LogModuleManager: Shutting down and abandoning module Toolbox (440)
[2018.08.28-22.16.11:944][290]LogModuleManager: Shutting down and abandoning module DesktopPlatform (439)
[2018.08.28-22.16.11:944][290]LogModuleManager: Shutting down and abandoning module ModuleUI (436)
[2018.08.28-22.16.11:944][290]LogModuleManager: Shutting down and abandoning module MovieSceneTools (434)
[2018.08.28-22.16.11: