Log file open, 09/05/18 10:29:45
LogWindows: Failed to load 'aqProf.dll' (GetLastError=126)
LogWindows: File 'aqProf.dll' does not exist
LogWindows: Failed to load 'VSPerf140.dll' (GetLastError=126)
LogWindows: File 'VSPerf140.dll' does not exist
LogWindows: Failed to load 'VtuneApi.dll' (GetLastError=126)
LogWindows: File 'VtuneApi.dll' does not exist
LogWindows: Failed to load 'VtuneApi32e.dll' (GetLastError=126)
LogWindows: File 'VtuneApi32e.dll' does not exist
LogInit: Display: Running engine for game: GrabCharacter
LogPlatformFile: Not using cached read wrapper
LogTaskGraph: Started task graph with 5 named threads and 23 total threads with 3 sets of task threads.
LogStats: Stats thread started at 0.272660
LogD3D11RHI: Loaded GFSDK_Aftermath_Lib.x64.dll
LogICUInternationalization: Display: ICU TimeZone Detection - Raw Offset: +12:00, Platform Override: ''
LogPluginManager: Mounting plugin Paper2D
LogPluginManager: Mounting plugin AISupport
LogPluginManager: Mounting plugin LightPropagationVolume
LogPluginManager: Mounting plugin CLionSourceCodeAccess
LogPluginManager: Mounting plugin CodeLiteSourceCodeAccess
LogPluginManager: Mounting plugin GitSourceControl
LogPluginManager: Mounting plugin KDevelopSourceCodeAccess
LogPluginManager: Mounting plugin NullSourceCodeAccess
LogPluginManager: Mounting plugin PerforceSourceControl
LogPluginManager: Mounting plugin SubversionSourceControl
LogPluginManager: Mounting plugin UObjectPlugin
LogPluginManager: Mounting plugin VisualStudioCodeSourceCodeAccess
LogPluginManager: Mounting plugin VisualStudioSourceCodeAccess
LogPluginManager: Mounting plugin XCodeSourceCodeAccess
LogPluginManager: Mounting plugin AssetManagerEditor
LogPluginManager: Mounting plugin CryptoKeys
LogPluginManager: Mounting plugin DataValidation
LogPluginManager: Mounting plugin FacialAnimation
LogPluginManager: Mounting plugin GameplayTagsEditor
LogPluginManager: Mounting plugin MacGraphicsSwitching
LogPluginManager: Mounting plugin MeshEditor
LogPluginManager: Mounting plugin MobileLauncherProfileWizard
LogPluginManager: Mounting plugin PluginBrowser
LogPluginManager: Mounting plugin SpeedTreeImporter
LogPluginManager: Mounting plugin DatasmithContent
LogPluginManager: Mounting plugin AlembicImporter
LogPluginManager: Mounting plugin AppleImageUtils
LogPluginManager: Mounting plugin AppleVision
LogPluginManager: Mounting plugin BackChannel
LogPluginManager: Mounting plugin CharacterAI
LogPluginManager: Mounting plugin GeometryCache
LogPluginManager: Mounting plugin HTML5Networking
LogPluginManager: Mounting plugin ProxyLODPlugin
LogPluginManager: Mounting plugin MagicLeap
LogPluginManager: Mounting plugin MagicLeapEmulator
LogPluginManager: Mounting plugin MagicLeapMedia
LogPluginManager: Mounting plugin AndroidMedia
LogPluginManager: Mounting plugin AvfMedia
LogPluginManager: Mounting plugin ImgMedia
LogPluginManager: Mounting plugin LinearTimecode
LogPluginManager: Mounting plugin MediaCompositing
LogPluginManager: Mounting plugin MediaPlayerEditor
LogPluginManager: Mounting plugin WmfMedia
LogPluginManager: Mounting plugin TcpMessaging
LogPluginManager: Mounting plugin UdpMessaging
LogPluginManager: Mounting plugin ActorSequence
LogPluginManager: Mounting plugin LevelSequenceEditor
LogPluginManager: Mounting plugin MatineeToLevelSequence
LogPluginManager: Mounting plugin NetcodeUnitTest
LogPluginManager: Mounting plugin NUTUnrealEngine4
LogPluginManager: Mounting plugin OnlineSubsystemGooglePlay
LogPluginManager: Mounting plugin OnlineSubsystemIOS
LogPluginManager: Mounting plugin OnlineSubsystem
LogPluginManager: Mounting plugin OnlineSubsystemNull
LogPluginManager: Mounting plugin OnlineSubsystemUtils
LogPluginManager: Mounting plugin LauncherChunkInstaller
LogPluginManager: Mounting plugin AndroidDeviceProfileSelector
LogPluginManager: Mounting plugin AndroidMoviePlayer
LogPluginManager: Mounting plugin AndroidPermission
LogPluginManager: Mounting plugin AppleMoviePlayer
LogPluginManager: Mounting plugin ArchVisCharacter
LogPluginManager: Mounting plugin AudioCapture
LogPluginManager: Mounting plugin CableComponent
LogPluginManager: Mounting plugin CustomMeshComponent
LogPluginManager: Mounting plugin EditableMesh
LogPluginManager: Mounting plugin ExampleDeviceProfileSelector
LogPluginManager: Mounting plugin GoogleCloudMessaging
LogPluginManager: Mounting plugin ImmediatePhysics
LogPluginManager: Mounting plugin IOSDeviceProfileSelector
LogPluginManager: Mounting plugin LinuxDeviceProfileSelector
LogPluginManager: Mounting plugin LocationServicesBPLibrary
LogPluginManager: Mounting plugin MobilePatchingUtils
LogPluginManager: Mounting plugin OculusVR
LogPluginManager: Plugin shader directory ../../../Engine/Plugins/Runtime/Oculus/OculusVR/Shaders found
LogPluginManager: Mapping shader source directory ../../../Engine/Plugins/Runtime/Oculus/OculusVR/Shaders to virtual directory /Plugin/OculusVR
LogPluginManager: Mounting plugin PhysXVehicles
LogPluginManager: Mounting plugin ProceduralMeshComponent
LogPluginManager: Mounting plugin RuntimePhysXCooking
LogPluginManager: Mounting plugin SteamVR
LogPluginManager: Mounting plugin WindowsMoviePlayer
LogStreaming: Display: Took  0.093s to configure plugins.
LogInit: Using libcurl 7.55.1-DEV
LogInit:  - built for x86_64-pc-win32
LogInit:  - supports SSL with OpenSSL/1.0.2h
LogInit:  - supports HTTP deflate (compression) using libz 1.2.8
LogInit:  - other features:
LogInit:      CURL_VERSION_SSL
LogInit:      CURL_VERSION_LIBZ
LogInit:      CURL_VERSION_IPV6
LogInit:      CURL_VERSION_ASYNCHDNS
LogInit:      CURL_VERSION_LARGEFILE
LogInit:      CURL_VERSION_IDN
LogInit:  CurlRequestOptions (configurable via config and command line):
LogInit:  - bVerifyPeer = false  - Libcurl will NOT verify peer certificate
LogInit:  - bUseHttpProxy = false  - Libcurl will NOT use HTTP proxy
LogInit:  - bDontReuseConnections = false  - Libcurl will reuse connections
LogInit:  - CertBundlePath = nullptr  - Libcurl will use whatever was configured at build time.
LogInit:  - MaxHostConnections = 16  - Libcurl will limit the number of connections to a host
LogInit:  - LocalHostAddr = Default
LogInit:  - BufferSize = 65536
LogInit: WinSock: version 1.1 (2.2), MaxSocks=32767, MaxUdp=65467
LogHMD: Failed initializing OVRPlugin 1.25.0
LogInit: Build: ++UE4+Release-4.20-CL-4302132
LogInit: Engine Version: 4.20.2-4302132+++UE4+Release-4.20
LogInit: Compatible Engine Version: 4.20.0-4212847+++UE4+Release-4.20
LogInit: Net CL: 4212847
LogInit: OS: Windows 10 (), CPU: Intel(R) Core(TM) i7-7700 CPU @ 3.60GHz, GPU: NVIDIA GeForce GTX 1080
LogInit: Compiled (64-bit): Aug 21 2018 02:06:06
LogInit: Compiled with Visual C++: 19.13.26129.00
LogInit: Build Configuration: Development
LogInit: Branch Name: ++UE4+Release-4.20
LogInit: Command Line:  
LogInit: Base Directory: C:/apps/UE_4.20/Engine/Binaries/Win64/
LogInit: Installed Engine Build: 1
LogDevObjectVersion: Number of dev versions registered: 20
LogDevObjectVersion:   Dev-Blueprints (B0D832E4-1F89-4F0D-ACCF-7EB736FD4AA2): 10
LogDevObjectVersion:   Dev-Build (E1C64328-A22C-4D53-A36C-8E866417BD8C): 0
LogDevObjectVersion:   Dev-Core (375EC13C-06E4-48FB-B500-84F0262A717E): 2
LogDevObjectVersion:   Dev-Editor (E4B068ED-F494-42E9-A231-DA0B2E46BB41): 24
LogDevObjectVersion:   Dev-Framework (CFFC743F-43B0-4480-9391-14DF171D2073): 34
LogDevObjectVersion:   Dev-Mobile (B02B49B5-BB20-44E9-A304-32B752E40360): 2
LogDevObjectVersion:   Dev-Networking (A4E4105C-59A1-49B5-A7C5-40C4547EDFEE): 0
LogDevObjectVersion:   Dev-Online (39C831C9-5AE6-47DC-9A44-9C173E1C8E7C): 0
LogDevObjectVersion:   Dev-Physics (78F01B33-EBEA-4F98-B9B4-84EACCB95AA2): 0
LogDevObjectVersion:   Dev-Platform (6631380F-2D4D-43E0-8009-CF276956A95A): 0
LogDevObjectVersion:   Dev-Rendering (12F88B9F-8875-4AFC-A67C-D90C383ABD29): 26
LogDevObjectVersion:   Dev-Sequencer (7B5AE74C-D270-4C10-A958-57980B212A5A): 9
LogDevObjectVersion:   Dev-VR (D7296918-1DD6-4BDD-9DE2-64A83CC13884): 2
LogDevObjectVersion:   Dev-LoadTimes (C2A15278-BFE7-4AFE-6C17-90FF531DF755): 1
LogDevObjectVersion:   Private-Geometry (6EACA3D4-40EC-4CC1-B786-8BED09428FC5): 3
LogDevObjectVersion:   Dev-AnimPhys (29E575DD-E0A3-4627-9D10-D276232CDCEA): 17
LogDevObjectVersion:   Dev-ReflectionCapture (6B266CEC-1EC7-4B8F-A30B-E4D90942FC07): 1
LogDevObjectVersion:   Dev-Automation (0DF73D61-A23F-47EA-B727-89E90C41499A): 1
LogDevObjectVersion:   FortniteMain (601D1886-AC64-4F84-AA16-D3DE0DEAC7D6): 12
LogDevObjectVersion:   Dev-Enterprise (9DFFBCD6-494F-0158-E221-12823C92A888): 1
LogStreaming: Display: Took  0.001s to delete old logs.
LogInit: Presizing for max 8388607 objects, including 0 objects not considered by GC, pre-allocating 0 bytes for permanent pool.
LogInit: Object subsystem initialized
[2018.09.04-22.29.45:917][  0]LogInit: Selected Device Profile: [Windows]
[2018.09.04-22.29.45:917][  0]LogInit: Applying CVar settings loaded from the selected device profile: [Windows]
[2018.09.04-22.29.45:924][  0]LogHAL: Display: Platform has ~ 32 GB [34317541376 / 34359738368 / 32], which maps to Largest [LargestMinGB=32, LargerMinGB=12, DefaultMinGB=8, SmallerMinGB=6, SmallestMinGB=0)
[2018.09.04-22.29.45:924][  0]LogInit: Setting Device Profile CVar: [[r.Vulkan.UseRealUBs:1]]
[2018.09.04-22.29.45:924][  0]LogInit: Going up to parent DeviceProfile []
[2018.09.04-22.29.45:924][  0]LogInit: Computer: 1805C024
[2018.09.04-22.29.45:924][  0]LogInit: User: mitchelljan7103
[2018.09.04-22.29.45:924][  0]LogInit: CPU Page size=4096, Cores=4
[2018.09.04-22.29.45:924][  0]LogInit: High frequency timer resolution =3.515626 MHz
[2018.09.04-22.29.45:924][  0]LogMemory: Memory total: Physical=32.0GB (32GB approx)
[2018.09.04-22.29.45:924][  0]LogMemory: Platform Memory Stats for Windows
[2018.09.04-22.29.45:924][  0]LogMemory: Process Physical Memory: 102.09 MB used, 102.09 MB peak
[2018.09.04-22.29.45:924][  0]LogMemory: Process Virtual Memory: 93.66 MB used, 93.66 MB peak
[2018.09.04-22.29.45:924][  0]LogMemory: Physical Memory: 9780.43 MB used,  22947.33 MB free, 32727.76 MB total
[2018.09.04-22.29.45:924][  0]LogMemory: Virtual Memory: 552.51 MB used,  22947.33 MB free, 134217728.00 MB total
[2018.09.04-22.29.45:948][  0]LogInit: Using OS detected language (en-US).
[2018.09.04-22.29.45:948][  0]LogInit: Using OS detected locale (en-US).
[2018.09.04-22.29.45:948][  0]LogTextLocalizationManager: No specific localization for 'en-US' exists, so the 'en' localization will be used.
[2018.09.04-22.29.46:245][  0]LogStreaming: Display: Took  0.297s to InitEngineTextLocalization.
[2018.09.04-22.29.46:246][  0]LogInit: Setting process to per monitor DPI aware
[2018.09.04-22.29.46:273][  0]LogSlate: New Slate User Created.  User Index 0, Is Virtual User: 0
[2018.09.04-22.29.46:274][  0]LogSlate: Slate User Registered.  User Index 0, Is Virtual User: 0
[2018.09.04-22.29.46:483][  0]LogHMD: Failed to initialize OpenVR with code 110
[2018.09.04-22.29.46:483][  0]LogD3D11RHI: D3D11 adapters:
[2018.09.04-22.29.46:533][  0]LogD3D11RHI:    0. 'NVIDIA GeForce GTX 1080' (Feature Level 11_0)
[2018.09.04-22.29.46:533][  0]LogD3D11RHI:       8086/0/16363 MB DedicatedVideo/DedicatedSystem/SharedSystem, Outputs:2, VendorId:0x10de
[2018.09.04-22.29.46:535][  0]LogD3D11RHI:    1. 'Microsoft Basic Render Driver' (Feature Level 11_0)
[2018.09.04-22.29.46:535][  0]LogD3D11RHI:       0/0/16363 MB DedicatedVideo/DedicatedSystem/SharedSystem, Outputs:0, VendorId:0x1414
[2018.09.04-22.29.46:535][  0]LogD3D11RHI: Chosen D3D11 Adapter: 0
[2018.09.04-22.29.46:542][  0]LogD3D11RHI: Creating new Direct3DDevice
[2018.09.04-22.29.46:542][  0]LogD3D11RHI:     GPU DeviceId: 0x1b80 (for the marketing name, search the web for "GPU Device Id")
[2018.09.04-22.29.46:542][  0]LogWindows: EnumDisplayDevices:
[2018.09.04-22.29.46:543][  0]LogWindows:    0. 'NVIDIA GeForce GTX 1080' (P:1 D:1)
[2018.09.04-22.29.46:543][  0]LogWindows:    1. 'NVIDIA GeForce GTX 1080' (P:0 D:1)
[2018.09.04-22.29.46:543][  0]LogWindows:    2. 'NVIDIA GeForce GTX 1080' (P:0 D:0)
[2018.09.04-22.29.46:543][  0]LogWindows:    3. 'NVIDIA GeForce GTX 1080' (P:0 D:0)
[2018.09.04-22.29.46:543][  0]LogWindows:    4. 'Mirage Driver' (P:0 D:0)
[2018.09.04-22.29.46:543][  0]LogWindows: DebugString: GetVideoDriverDetailsInvalid PrimaryIsNotTheChoosenAdapter FoundDriverCount:4 
[2018.09.04-22.29.46:543][  0]LogD3D11RHI:     Adapter Name: NVIDIA GeForce GTX 1080
[2018.09.04-22.29.46:543][  0]LogD3D11RHI:   Driver Version: 388.13 (internal:23.21.13.8813, unified:388.13)
[2018.09.04-22.29.46:543][  0]LogD3D11RHI:      Driver Date: 10-27-2017
[2018.09.04-22.29.46:543][  0]LogRHI: Texture pool is 5660 MB (70% of 8086 MB)
[2018.09.04-22.29.46:570][  0]LogD3D11RHI: Async texture creation enabled
[2018.09.04-22.29.46:580][  0]LogD3D11RHI: GPU Timing Frequency: 1000.000000 (Debug: 2 1)
[2018.09.04-22.29.46:666][  0]LogShaderCompilers: Guid format shader working directory is -10 characters bigger than the processId version (D:/Users/mitchell.jan7103/Documents/GitHub/BrawlyBoys/GrabCharacter/Intermediate/Shaders/WorkingDirectory/9824/).
[2018.09.04-22.29.46:666][  0]LogShaderCompilers: Cleaned the shader compiler working directory 'D:/Users/mitchell.jan7103/AppData/Local/Temp/UnrealShaderWorkingDir/2D9024A043590FB9197A3E84E1AA4159/'.
[2018.09.04-22.29.46:899][  0]LogTemp: Display: Loaded TP AllDesktopTargetPlatform
[2018.09.04-22.29.46:911][  0]LogTemp: Display: Loaded TP MacClientTargetPlatform
[2018.09.04-22.29.46:923][  0]LogTemp: Display: Loaded TP MacNoEditorTargetPlatform
[2018.09.04-22.29.46:935][  0]LogTemp: Display: Loaded TP MacServerTargetPlatform
[2018.09.04-22.29.46:947][  0]LogTemp: Display: Loaded TP MacTargetPlatform
[2018.09.04-22.29.46:959][  0]LogTemp: Display: Loaded TP WindowsClientTargetPlatform
[2018.09.04-22.29.46:971][  0]LogTemp: Display: Loaded TP WindowsNoEditorTargetPlatform
[2018.09.04-22.29.46:983][  0]LogTemp: Display: Loaded TP WindowsServerTargetPlatform
[2018.09.04-22.29.46:989][  0]LogTemp: Display: Loaded TP WindowsTargetPlatform
[2018.09.04-22.29.47:063][  0]LogTemp: Display: Loaded TP AndroidTargetPlatform
[2018.09.04-22.29.47:063][  0]LogTemp: Display: Loaded TP AndroidTargetPlatform
[2018.09.04-22.29.47:063][  0]LogTemp: Display: Loaded TP AndroidTargetPlatform
[2018.09.04-22.29.47:063][  0]LogTemp: Display: Loaded TP AndroidTargetPlatform
[2018.09.04-22.29.47:063][  0]LogTemp: Display: Loaded TP AndroidTargetPlatform
[2018.09.04-22.29.47:063][  0]LogTemp: Display: Loaded TP AndroidTargetPlatform
[2018.09.04-22.29.47:063][  0]LogTemp: Display: Loaded TP AndroidTargetPlatform
[2018.09.04-22.29.47:063][  0]LogTemp: Display: Loaded TP AndroidTargetPlatform
[2018.09.04-22.29.47:063][  0]LogTemp: Display: Loaded TP AndroidTargetPlatform
[2018.09.04-22.29.47:063][  0]LogTemp: Display: Loaded TP AndroidTargetPlatform
[2018.09.04-22.29.47:063][  0]LogTemp: Display: Loaded TP AndroidTargetPlatform
[2018.09.04-22.29.47:063][  0]LogTemp: Display: Loaded TP AndroidTargetPlatform
[2018.09.04-22.29.47:063][  0]LogTemp: Display: Loaded TP AndroidTargetPlatform
[2018.09.04-22.29.47:063][  0]LogTemp: Display: Loaded TP AndroidTargetPlatform
[2018.09.04-22.29.47:063][  0]LogTemp: Display: Loaded TP AndroidTargetPlatform
[2018.09.04-22.29.47:064][  0]LogTemp: Display: Loaded TP AndroidTargetPlatform
[2018.09.04-22.29.47:064][  0]LogTemp: Display: Loaded TP AndroidTargetPlatform
[2018.09.04-22.29.47:064][  0]LogTemp: Display: Loaded TP AndroidTargetPlatform
[2018.09.04-22.29.47:066][  0]LogTemp: Display: Loaded TP HTML5TargetPlatform
[2018.09.04-22.29.47:127][  0]LogTemp: Display: Loaded TP IOSTargetPlatform
[2018.09.04-22.29.47:127][  0]LogTemp: Display: Loaded TP IOSTargetPlatform
[2018.09.04-22.29.47:159][  0]LogTemp: Display: Loaded TP TVOSTargetPlatform
[2018.09.04-22.29.47:159][  0]LogTemp: Display: Loaded TP TVOSTargetPlatform
[2018.09.04-22.29.47:177][  0]LogTemp: Display: Loaded TP LinuxClientTargetPlatform
[2018.09.04-22.29.47:193][  0]LogTemp: Display: Loaded TP LinuxNoEditorTargetPlatform
[2018.09.04-22.29.47:207][  0]LogTemp: Display: Loaded TP LinuxServerTargetPlatform
[2018.09.04-22.29.47:221][  0]LogTemp: Display: Loaded TP LinuxTargetPlatform
[2018.09.04-22.29.47:230][  0]LogTemp: Display: Loaded TP LuminTargetPlatform
[2018.09.04-22.29.47:230][  0]LogTargetPlatformManager: Display: Building Assets For Windows
[2018.09.04-22.29.47:287][  0]LogXGEController: Cleaning working directory: D:/Users/mitchell.jan7103/AppData/Local/Temp/UnrealXGEWorkingDir/
[2018.09.04-22.29.47:287][  0]LogXGEController: Cannot use XGE Controller as Incredibuild is not installed on this machine.
[2018.09.04-22.29.47:287][  0]LogShaderCompilers: Cannot use XGE Shader Compiler as Incredibuild is not installed on this machine.
[2018.09.04-22.29.47:287][  0]LogShaderCompilers: Display: Using Local Shader Compiler.
[2018.09.04-22.29.47:996][  0]LogDerivedDataCache: Display: Max Cache Size: 512 MB
[2018.09.04-22.29.48:039][  0]LogDerivedDataCache: Loaded boot cache 0.04s 73MB D:/Users/mitchell.jan7103/AppData/Local/UnrealEngine/4.20/DerivedDataCache/Boot.ddc.
[2018.09.04-22.29.48:039][  0]LogDerivedDataCache: Display: Loaded Boot cache: D:/Users/mitchell.jan7103/AppData/Local/UnrealEngine/4.20/DerivedDataCache/Boot.ddc
[2018.09.04-22.29.48:039][  0]LogDerivedDataCache: FDerivedDataBackendGraph:  Pak pak cache file D:/Users/mitchell.jan7103/Documents/GitHub/BrawlyBoys/GrabCharacter/DerivedDataCache/DDC.ddp not found, will not use a pak cache.
[2018.09.04-22.29.48:039][  0]LogDerivedDataCache: Unable to find inner node Pak for hierarchical cache Hierarchy.
[2018.09.04-22.29.48:039][  0]LogDerivedDataCache: FDerivedDataBackendGraph:  CompressedPak pak cache file D:/Users/mitchell.jan7103/Documents/GitHub/BrawlyBoys/GrabCharacter/DerivedDataCache/Compressed.ddp not found, will not use a pak cache.
[2018.09.04-22.29.48:039][  0]LogDerivedDataCache: Unable to find inner node CompressedPak for hierarchical cache Hierarchy.
[2018.09.04-22.29.48:050][  0]LogDerivedDataCache: Display: Pak cache opened for reading ../../../Engine/DerivedDataCache/Compressed.ddp.
[2018.09.04-22.29.48:062][  0]LogDerivedDataCache: Using Local data cache path D:/Users/mitchell.jan7103/AppData/Local/UnrealEngine/Common/DerivedDataCache: Writable
[2018.09.04-22.29.48:062][  0]LogDerivedDataCache: Shared data cache path not found in *engine.ini, will not use an Shared cache.
[2018.09.04-22.29.48:062][  0]LogDerivedDataCache: Unable to find inner node Shared for hierarchical cache Hierarchy.
[2018.09.04-22.29.48:077][  0]LogMaterial: Verifying Global Shaders for PCD3D_SM5
[2018.09.04-22.29.48:078][  0]LogSlate: Using FreeType 2.6.0
[2018.09.04-22.29.48:079][  0]LogSlate: SlateFontServices - WITH_FREETYPE: 1, WITH_HARFBUZZ: 1
[2018.09.04-22.29.48:150][  0]LogAssetRegistry: FAssetRegistry took 0.0260 seconds to start up
[2018.09.04-22.29.48:446][  0]LogInit: Selected Device Profile: [Windows]
[2018.09.04-22.29.48:572][  0]LogSimplygon: Simplygon DLL not present - disabling.
[2018.09.04-22.29.48:576][  0]LogMeshReduction: Using SimplygonSwarm for distributed automatic mesh merging
[2018.09.04-22.29.48:576][  0]LogMeshReduction: Using ProxyLODMeshReduction for automatic mesh merging
[2018.09.04-22.29.48:576][  0]LogMeshReduction: Using QuadricMeshReduction for automatic static mesh reduction
[2018.09.04-22.29.48:576][  0]LogMeshReduction: No automatic skeletal mesh reduction module available
[2018.09.04-22.29.48:592][  0]LogNetVersion: GrabCharacter 1.0.0, NetCL: 4212847, EngineNetVer: 5, GameNetVer: 0 (Checksum: 1405580293)
[2018.09.04-22.29.49:042][  0]LogPackageLocalizationCache: Processed 11 localized package path(s) for 2 prioritized culture(s) in 0.074120 seconds
[2018.09.04-22.29.49:049][  0]LogUObjectArray: 38425 objects as part of root set at end of initial load.
[2018.09.04-22.29.49:049][  0]LogUObjectAllocator: 6690872 out of 0 bytes used by permanent object pool.
[2018.09.04-22.29.49:049][  0]LogUObjectArray: CloseDisregardForGC: 0/0 objects in disregard for GC pool
[2018.09.04-22.29.49:871][  0]LogTcpMessaging: Initializing TcpMessaging bridge
[2018.09.04-22.29.49:884][  0]LogUdpMessaging: Initializing bridge on interface 0.0.0.0:0 to multicast group 230.0.0.1:6666.
[2018.09.04-22.29.50:020][  0]SourceControl: Source control is disabled
[2018.09.04-22.29.50:021][  0]SourceControl: Source control is disabled
[2018.09.04-22.29.50:023][  0]SourceControl: Source control is disabled
[2018.09.04-22.29.50:024][  0]SourceControl: Source control is disabled
[2018.09.04-22.29.50:185][  0]LogAndroidPermission: UAndroidPermissionCallbackProxy::GetInstance
[2018.09.04-22.29.50:223][  0]LogOcInput: OculusInput pre-init called
[2018.09.04-22.29.50:277][  0]LogEngine: Initializing Engine...
[2018.09.04-22.29.50:277][  0]LogHMD: Failed to initialize OpenVR with code 110
[2018.09.04-22.29.50:278][  0]LogStats: UGameplayTagsManager::ConstructGameplayTagTree: ImportINI prefixes -  0.000 s
[2018.09.04-22.29.50:278][  0]LogStats: UGameplayTagsManager::ConstructGameplayTagTree: Construct from data asset -  0.000 s
[2018.09.04-22.29.50:278][  0]LogStats: UGameplayTagsManager::ConstructGameplayTagTree: ImportINI -  0.000 s
[2018.09.04-22.29.50:278][  0]LogStats: UGameplayTagsManager::ConstructGameplayTagTree: GameplayTagTreeChangedEvent.Broadcast -  0.000 s
[2018.09.04-22.29.50:451][  0]LogInit: Initializing FReadOnlyCVARCache
[2018.09.04-22.29.50:463][  0]LogAIModule: Creating AISystem for world Untitled
[2018.09.04-22.29.50:469][  0]LogInit: XAudio2 using 'Headphones (High Definition Audio Device)' : 2 channels at 48 kHz using 16 bits per sample (channel mask 0x3)
[2018.09.04-22.29.50:483][  0]LogInit: FAudioDevice initialized.
[2018.09.04-22.29.50:484][  0]LogNetVersion: Set ProjectVersion to 1.0.0.0. Version Checksum will be recalculated on next use.
[2018.09.04-22.29.50:681][  0]LogDerivedDataCache: Saved boot cache 0.20s 71MB D:/Users/mitchell.jan7103/AppData/Local/UnrealEngine/4.20/DerivedDataCache/Boot.ddc.
[2018.09.04-22.29.50:683][  0]LogInit: Texture streaming: Enabled
[2018.09.04-22.29.50:697][  0]LogEngineSessionManager: EngineSessionManager initialized
[2018.09.04-22.29.50:708][  0]LogInit: Transaction tracking system initialized
[2018.09.04-22.29.50:727][  0]BlueprintLog: New page: Editor Load
[2018.09.04-22.29.50:796][  0]LocalizationService: Localization service is disabled
[2018.09.04-22.29.51:036][  0]LogCook: Display: Max memory allowance for cook 16384mb min free memory 0mb
[2018.09.04-22.29.51:036][  0]LogCook: Display: Mobile HDR setting 1
[2018.09.04-22.29.51:036][  0]LogGameplayTags: Display: UGameplayTagsManager::DoneAddingNativeTags. DelegateIsBound: 0
[2018.09.04-22.29.51:036][  0]LogStats: UGameplayTagsManager::ConstructGameplayTagTree: ImportINI prefixes -  0.000 s
[2018.09.04-22.29.51:036][  0]LogStats: UGameplayTagsManager::ConstructGameplayTagTree: Construct from data asset -  0.000 s
[2018.09.04-22.29.51:036][  0]LogStats: UGameplayTagsManager::ConstructGameplayTagTree: ImportINI -  0.000 s
[2018.09.04-22.29.51:036][  0]LogStats: UGameplayTagsManager::ConstructGameplayTagTree: GameplayTagTreeChangedEvent.Broadcast -  0.000 s
[2018.09.04-22.29.51:140][  0]LogFileCache: Scanning file cache for directory 'D:/Users/mitchell.jan7103/Documents/GitHub/BrawlyBoys/GrabCharacter/Content/' took 0.01s
[2018.09.04-22.29.51:140][  0]SourceControl: Source control is disabled
[2018.09.04-22.29.51:141][  0]Cmd: MAP LOAD FILE="D:/Users/mitchell.jan7103/Documents/GitHub/BrawlyBoys/GrabCharacter/Content/Demo/Maps/DemoLevel.umap" TEMPLATE=0 SHOWPROGRESS=1 FEATURELEVEL=3
[2018.09.04-22.29.51:141][  0]LogEditorServer: Warning: Can't find file 'D:/Users/mitchell.jan7103/Documents/GitHub/BrawlyBoys/GrabCharacter/Content/Demo/Maps/DemoLevel.umap'
[2018.09.04-22.29.51:141][  0]Cmd: MAP CHECKDEP NOCLEARLOG
[2018.09.04-22.29.51:226][  0]MapCheck: Map check complete: 0 Error(s), 0 Warning(s), took 85.672ms to complete.
[2018.09.04-22.29.51:226][  0]LogFileHelpers: Loading map 'DemoLevel' took 0.086
[2018.09.04-22.29.51:321][  0]LogSlate: Updating window title bar state: overlay mode, drag disabled, window buttons hidden, title bar hidden
[2018.09.04-22.29.51:327][  0]LogSlate: Updating window title bar state: overlay mode, drag disabled, window buttons hidden, title bar hidden
[2018.09.04-22.29.51:334][  0]LogSlate: Updating window title bar state: overlay mode, drag disabled, window buttons hidden, title bar hidden
[2018.09.04-22.29.51:341][  0]LogSlate: Updating window title bar state: overlay mode, drag disabled, window buttons hidden, title bar hidden
[2018.09.04-22.29.51:346][  0]LogCollectionManager: Loaded 0 collections in 0.001013 seconds
[2018.09.04-22.29.51:387][  0]LogFileCache: Scanning file cache for directory 'D:/Users/mitchell.jan7103/Documents/GitHub/BrawlyBoys/GrabCharacter/Saved/Collections/' took 0.01s
[2018.09.04-22.29.51:387][  0]LogFileCache: Scanning file cache for directory 'D:/Users/mitchell.jan7103/Documents/GitHub/BrawlyBoys/GrabCharacter/Content/Developers/mitchelljan7103/Collections/' took 0.01s
[2018.09.04-22.29.51:387][  0]LogFileCache: Scanning file cache for directory 'D:/Users/mitchell.jan7103/Documents/GitHub/BrawlyBoys/GrabCharacter/Content/Collections/' took 0.01s
[2018.09.04-22.29.51:387][  0]LogCollectionManager: Rebuilt the GUID cache for 0 collections in 0.000001 seconds
[2018.09.04-22.29.51:394][  0]LogContentBrowser: Native class hierarchy populated in 0.0071 seconds. Added 2572 classes and 603 folders.
[2018.09.04-22.29.51:400][  0]LogContentBrowser: Native class hierarchy updated for 'WidgetCarousel' in 0.0002 seconds. Added 0 classes and 0 folders.
[2018.09.04-22.29.51:435][  0]LogContentBrowser: Native class hierarchy updated for 'AddContentDialog' in 0.0002 seconds. Added 0 classes and 0 folders.
[2018.09.04-22.29.51:440][  0]LogContentBrowser: Native class hierarchy updated for 'SceneOutliner' in 0.0002 seconds. Added 1 classes and 2 folders.
[2018.09.04-22.29.51:505][  0]LogSlate: Took 0.000317 seconds to synchronously load lazily loaded font '../../../Engine/Content/Slate/Fonts/Roboto-Regular.ttf' (155K)
[2018.09.04-22.29.51:507][  0]LogSlate: Took 0.000176 seconds to synchronously load lazily loaded font '../../../Engine/Content/Slate/Fonts/Roboto-Bold.ttf' (160K)
[2018.09.04-22.29.51:511][  0]LogSlate: Took 0.000207 seconds to synchronously load lazily loaded font '../../../Engine/Content/Editor/Slate/Fonts/FontAwesome.ttf' (139K)
[2018.09.04-22.29.51:513][  0]LogSlate: Took 0.000174 seconds to synchronously load lazily loaded font '../../../Engine/Content/Slate/Fonts/DroidSansMono.ttf' (77K)
[2018.09.04-22.29.51:580][  0]LogRenderer: Reallocating scene render targets to support 1208x580 Format 10 NumSamples 1 (Frame:1).
[2018.09.04-22.29.51:639][  0]LogSlate: FSceneViewport::OnFocusLost() reason 2
[2018.09.04-22.29.51:651][  0]LogSlate: Window 'Tutorials' being destroyed
[2018.09.04-22.29.51:681][  0]LogContentBrowser: Native class hierarchy updated for 'HierarchicalLODOutliner' in 0.0003 seconds. Added 0 classes and 0 folders.
[2018.09.04-22.29.51:681][  0]LogLoad: (Engine Initialization) Total time: 7.02 seconds
[2018.09.04-22.29.51:681][  0]LogLoad: (Engine Initialization) Total Blueprint compile time: 0.00 seconds
[2018.09.04-22.29.51:691][  0]LogWindowsTextInputMethodSystem: Display: IME system now deactivated.
[2018.09.04-22.29.51:712][  0]LogContentStreaming: Texture pool size now 1000 MB
[2018.09.04-22.29.51:737][  0]LogSlate: Took 0.000144 seconds to synchronously load lazily loaded font '../../../Engine/Content/Slate/Fonts/Roboto-Light.ttf' (167K)
[2018.09.04-22.29.51:755][  1]LogAssetRegistry: Asset discovery search completed in 3.6281 seconds
[2018.09.04-22.29.51:757][  1]LogCollectionManager: Rebuilt the object cache for 0 collections in 0.000000 seconds (found 0 objects)
[2018.09.04-22.29.51:757][  1]LogCollectionManager: Fixed up redirectors for 0 collections in 0.000182 seconds (updated 0 objects)
[2018.09.04-22.29.57:688][709]LogSlate: FSceneViewport::OnFocusLost() reason 0
[2018.09.04-22.29.59:374][910]LogSlate: Took 0.000262 seconds to synchronously load lazily loaded font '../../../Engine/Content/Slate/Fonts/Roboto-Light.ttf' (167K)
[2018.09.04-22.29.59:534][910]LogTexture: Display: Building textures: background_test (BGRA8, 1280X719)
[2018.09.04-22.29.59:534][910]LogMaterial: Display: Missing cached shader map for material Wall, compiling. 
[2018.09.04-22.29.59:587][910]LogTexture: Display: Building textures: low_rock_lambert1_Normal (BC5, 1024X1024)
[2018.09.04-22.29.59:587][910]LogTexture: Display: Building textures: Rock (AutoDXT, 1024X1024)
[2018.09.04-22.29.59:593][910]LogShaderCompilers: Display: Shaders left to compile 27
[2018.09.04-22.29.59:593][910]LogShaderCompilers: Display: Shaders left to compile 17
[2018.09.04-22.29.59:593][910]LogShaderCompilers: Display: Shaders left to compile 7
[2018.09.04-22.29.59:593][910]LogStaticMesh: Building static mesh Rock...
[2018.09.04-22.29.59:606][910]LogStaticMesh: Built static mesh [0.01s] /Game/Mesh/Rock.Rock
[2018.09.04-22.29.59:629][910]LogMaterial: Display: Missing cached shader map for material Ground, compiling. 
[2018.09.04-22.29.59:648][910]LogShaderCompilers: Display: Shaders left to compile 27
[2018.09.04-22.29.59:648][910]LogMaterial: Display: Missing cached shader map for material Rock, compiling. 
[2018.09.04-22.29.59:733][910]LogAIModule: Creating AISystem for world test
[2018.09.04-22.29.59:742][910]LogAssetEditorManager: Opening Asset editor for World /Game/EthansStuff/Maps/test.test
[2018.09.04-22.29.59:763][910]Cmd: MAP LOAD FILE="D:/Users/mitchell.jan7103/Documents/GitHub/BrawlyBoys/GrabCharacter/Content/EthansStuff/Maps/test.umap" TEMPLATE=0 SHOWPROGRESS=1 FEATURELEVEL=3
[2018.09.04-22.29.59:763][910]LightingResults: New page: Lighting Build
[2018.09.04-22.29.59:767][910]LogContentBrowser: Native class hierarchy updated for 'StatsViewer' in 0.0002 seconds. Added 5 classes and 0 folders.
[2018.09.04-22.29.59:767][910]LoadErrors: New page: Loading map: test.umap
[2018.09.04-22.29.59:768][910]MapCheck: New page: Map Check
[2018.09.04-22.29.59:768][910]LightingResults: New page: Lighting Build
[2018.09.04-22.29.59:793][910]LogEditorServer: Finished looking for orphan Actors (0.000 secs)
[2018.09.04-22.29.59:830][910]Cmd: MAP CHECKDEP NOCLEARLOG
[2018.09.04-22.29.59:932][910]MapCheck: Map check complete: 0 Error(s), 0 Warning(s), took 102.224ms to complete.
[2018.09.04-22.29.59:932][910]LogFileHelpers: Loading map 'test' took 0.170
[2018.09.04-22.30.01:629][103]LogShaderCompilers: Display: Shaders left to compile 39
[2018.09.04-22.30.01:672][108]LogShaderCompilers: Display: Shaders left to compile 29
[2018.09.04-22.30.02:017][149]LogShaderCompilers: Display: Shaders left to compile 19
[2018.09.04-22.30.02:687][228]LogShaderCompilers: Display: Shaders left to compile 9
[2018.09.04-22.30.11:098][228]LogSlate: FSceneViewport::OnFocusLost() reason 0
[2018.09.04-22.30.39:058][586]LogFactory: FactoryCreateFile: SoundWave with ReimportSoundFactory (0 0 D:\Users\mitchell.jan7103\Desktop\proto4.2.wav)
[2018.09.04-22.30.52:309][692]LogAssetEditorManager: Opening Asset editor for Material /Game/Material/Wall.Wall
[2018.09.04-22.30.52:324][692]LogMaterial: Display: Missing cached shader map for material Wall, compiling. 
[2018.09.04-22.30.52:766][692]LogMaterial: Display: Missing cached shader map for material Wall, compiling. 
[2018.09.04-22.30.52:779][692]LogMaterial: Display: Missing cached shader map for material Wall, compiling. 
[2018.09.04-22.30.52:821][692]LogShaderCompilers: Display: Shaders left to compile 26
[2018.09.04-22.30.52:821][692]LogShaderCompilers: Display: Shaders left to compile 25
[2018.09.04-22.30.52:821][692]LogShaderCompilers: Display: Shaders left to compile 24
[2018.09.04-22.30.52:821][692]LogShaderCompilers: Display: Shaders left to compile 23
[2018.09.04-22.30.52:852][692]LogMaterial: Display: Missing cached shader map for material FMatExpressionPreview MaterialExpressionTextureSample_0, compiling. 
[2018.09.04-22.30.52:857][692]LogMaterial: Display: Missing cached shader map for material FMatExpressionPreview MaterialExpressionConstant3Vector_0, compiling. 
[2018.09.04-22.30.52:883][692]LogSlate: Took 0.001049 seconds to synchronously load lazily loaded font '../../../Engine/Content/Slate/Fonts/Roboto-BoldCondensed.ttf' (158K)
[2018.09.04-22.30.53:288][704]LogShaderCompilers: Display: Shaders left to compile 26
[2018.09.04-22.30.53:334][708]LogShaderCompilers: Display: Shaders left to compile 25
[2018.09.04-22.30.53:388][713]LogShaderCompilers: Display: Shaders left to compile 24
[2018.09.04-22.30.53:398][714]LogShaderCompilers: Display: Shaders left to compile 23
[2018.09.04-22.30.53:486][722]LogShaderCompilers: Display: Shaders left to compile 22
[2018.09.04-22.30.53:509][724]LogShaderCompilers: Display: Shaders left to compile 21
[2018.09.04-22.30.53:572][730]LogShaderCompilers: Display: Shaders left to compile 20
[2018.09.04-22.30.53:572][730]LogShaderCompilers: Display: Shaders left to compile 19
[2018.09.04-22.30.53:640][736]LogShaderCompilers: Display: Shaders left to compile 18
[2018.09.04-22.30.53:650][737]LogShaderCompilers: Display: Shaders left to compile 17
[2018.09.04-22.30.53:705][741]LogShaderCompilers: Display: Shaders left to compile 16
[2018.09.04-22.30.53:740][744]LogShaderCompilers: Display: Shaders left to compile 15
[2018.09.04-22.30.53:789][748]LogShaderCompilers: Display: Shaders left to compile 14
[2018.09.04-22.30.53:978][764]LogShaderCompilers: Display: Shaders left to compile 13
[2018.09.04-22.30.54:026][768]LogShaderCompilers: Display: Shaders left to compile 12
[2018.09.04-22.30.54:091][774]LogShaderCompilers: Display: Shaders left to compile 11
[2018.09.04-22.30.54:147][779]LogShaderCompilers: Display: Shaders left to compile 10
[2018.09.04-22.30.54:247][788]LogShaderCompilers: Display: Shaders left to compile 9
[2018.09.04-22.30.54:337][796]LogShaderCompilers: Display: Shaders left to compile 8
[2018.09.04-22.30.54:463][808]LogShaderCompilers: Display: Shaders left to compile 7
[2018.09.04-22.30.54:474][809]LogShaderCompilers: Display: Shaders left to compile 6
[2018.09.04-22.30.54:525][814]LogShaderCompilers: Display: Shaders left to compile 5
[2018.09.04-22.30.54:649][827]LogShaderCompilers: Display: Shaders left to compile 4
[2018.09.04-22.30.54:678][830]LogShaderCompilers: Display: Shaders left to compile 3
[2018.09.04-22.30.54:781][841]LogShaderCompilers: Display: Shaders left to compile 2
[2018.09.04-22.30.54:891][852]LogShaderCompilers: Display: Shaders left to compile 1
[2018.09.04-22.30.55:617][937]MaterialEditorStats: Base pass shader: 106 instructions
[2018.09.04-22.30.55:617][937]MaterialEditorStats: Base pass shader with Volumetric Lightmap: 179 instructions
[2018.09.04-22.30.55:617][937]MaterialEditorStats: Base pass vertex shader: 36 instructions
[2018.09.04-22.30.55:617][937]MaterialEditorStats: Texture samplers: 4/16
[2018.09.04-22.30.55:618][937]MaterialEditorStats: Texture Lookups (Est.): VS(0), PS(1)
[2018.09.04-22.30.55:618][937]MaterialEditorStats: User interpolators: 2/4 Scalars (1/4 Vectors) (TexCoords: 2, Custom: 0)
[2018.09.04-22.31.19:896][279]LogFactory: FactoryCreateFile: Texture with ReimportTextureFactory (0 0 D:\Users\mitchell.jan7103\Desktop\prototype 4\background.png)
[2018.09.04-22.31.19:914][279]LogTexture: Display: Building textures: background (BGRA8, 1280X719)
[2018.09.04-22.31.29:759][805]LogMaterial: Display: Missing cached shader map for material Wall, compiling. 
[2018.09.04-22.31.29:770][805]LogMaterial: Warning: FMaterialUniformExpressionTexture had invalid TextureIndex! (0 / 0)
[2018.09.04-22.31.29:807][806]LogShaderCompilers: Display: Shaders left to compile 26
[2018.09.04-22.31.29:807][806]LogShaderCompilers: Display: Shaders left to compile 25
[2018.09.04-22.31.29:807][806]LogShaderCompilers: Display: Shaders left to compile 24
[2018.09.04-22.31.29:807][806]LogShaderCompilers: Display: Shaders left to compile 23
[2018.09.04-22.31.30:272][853]LogShaderCompilers: Display: Shaders left to compile 22
[2018.09.04-22.31.30:284][854]LogShaderCompilers: Display: Shaders left to compile 21
[2018.09.04-22.31.30:333][858]LogShaderCompilers: Display: Shaders left to compile 20
[2018.09.04-22.31.30:333][858]LogShaderCompilers: Display: Shaders left to compile 19
[2018.09.04-22.31.30:467][869]LogShaderCompilers: Display: Shaders left to compile 18
[2018.09.04-22.31.30:479][870]LogShaderCompilers: Display: Shaders left to compile 17
[2018.09.04-22.31.30:502][872]LogShaderCompilers: Display: Shaders left to compile 16
[2018.09.04-22.31.30:503][872]LogShaderCompilers: Display: Shaders left to compile 15
[2018.09.04-22.31.30:617][881]LogShaderCompilers: Display: Shaders left to compile 14
[2018.09.04-22.31.30:631][882]LogShaderCompilers: Display: Shaders left to compile 13
[2018.09.04-22.31.30:645][883]LogShaderCompilers: Display: Shaders left to compile 12
[2018.09.04-22.31.30:679][886]LogShaderCompilers: Display: Shaders left to compile 11
[2018.09.04-22.31.30:769][894]LogShaderCompilers: Display: Shaders left to compile 10
[2018.09.04-22.31.30:896][904]LogShaderCompilers: Display: Shaders left to compile 9
[2018.09.04-22.31.31:035][915]LogShaderCompilers: Display: Shaders left to compile 8
[2018.09.04-22.31.31:036][915]LogShaderCompilers: Display: Shaders left to compile 7
[2018.09.04-22.31.31:141][924]LogShaderCompilers: Display: Shaders left to compile 6
[2018.09.04-22.31.31:261][934]LogShaderCompilers: Display: Shaders left to compile 5
[2018.09.04-22.31.31:274][935]LogShaderCompilers: Display: Shaders left to compile 4
[2018.09.04-22.31.31:445][949]LogShaderCompilers: Display: Shaders left to compile 3
[2018.09.04-22.31.31:491][953]LogShaderCompilers: Display: Shaders left to compile 2
[2018.09.04-22.31.31:579][961]LogShaderCompilers: Display: Shaders left to compile 1
[2018.09.04-22.31.31:917][994]MaterialEditorStats: Base pass shader: 103 instructions
[2018.09.04-22.31.31:917][994]MaterialEditorStats: Base pass shader with Volumetric Lightmap: 176 instructions
[2018.09.04-22.31.31:917][994]MaterialEditorStats: Base pass vertex shader: 35 instructions
[2018.09.04-22.31.31:917][994]MaterialEditorStats: Texture samplers: 3/16
[2018.09.04-22.31.34:391][275]LogMaterial: Display: Missing cached shader map for material Wall, compiling. 
[2018.09.04-22.31.34:404][275]LogShaderCompilers: Display: Shaders left to compile 26
[2018.09.04-22.31.34:404][275]LogShaderCompilers: Display: Shaders left to compile 25
[2018.09.04-22.31.34:404][275]LogShaderCompilers: Display: Shaders left to compile 24
[2018.09.04-22.31.34:404][275]LogShaderCompilers: Display: Shaders left to compile 23
[2018.09.04-22.31.34:404][275]LogMaterial: Display: Missing cached shader map for material FMatExpressionPreview MaterialExpressionTextureSample_1, compiling. 
[2018.09.04-22.31.34:433][275]LogMaterial: Display: Missing cached shader map for material FMatExpressionPreview MaterialExpressionConstant3Vector_0, compiling. 
[2018.09.04-22.31.34:438][275]LogMaterial: Display: Missing cached shader map for material FMatExpressionPreview MaterialExpressionTextureSample_1, compiling. 
[2018.09.04-22.31.34:560][281]LogShaderCompilers: Display: Shaders left to compile 26
[2018.09.04-22.31.34:571][282]LogShaderCompilers: Display: Shaders left to compile 25
[2018.09.04-22.31.34:602][285]LogShaderCompilers: Display: Shaders left to compile 24
[2018.09.04-22.31.34:602][285]LogShaderCompilers: Display: Shaders left to compile 23
[2018.09.04-22.31.34:735][296]LogShaderCompilers: Display: Shaders left to compile 22
[2018.09.04-22.31.34:747][297]LogShaderCompilers: Display: Shaders left to compile 21
[2018.09.04-22.31.34:757][298]LogShaderCompilers: Display: Shaders left to compile 20
[2018.09.04-22.31.34:758][298]LogShaderCompilers: Display: Shaders left to compile 19
[2018.09.04-22.31.34:874][308]LogShaderCompilers: Display: Shaders left to compile 18
[2018.09.04-22.31.34:885][309]LogShaderCompilers: Display: Shaders left to compile 17
[2018.09.04-22.31.34:897][310]LogShaderCompilers: Display: Shaders left to compile 16
[2018.09.04-22.31.34:907][311]LogShaderCompilers: Display: Shaders left to compile 15
[2018.09.04-22.31.35:016][321]LogShaderCompilers: Display: Shaders left to compile 14
[2018.09.04-22.31.35:123][330]LogShaderCompilers: Display: Shaders left to compile 13
[2018.09.04-22.31.35:222][338]LogShaderCompilers: Display: Shaders left to compile 12
[2018.09.04-22.31.35:267][342]LogShaderCompilers: Display: Shaders left to compile 11
[2018.09.04-22.31.35:338][348]LogShaderCompilers: Display: Shaders left to compile 10
[2018.09.04-22.31.35:433][356]LogShaderCompilers: Display: Shaders left to compile 9
[2018.09.04-22.31.35:467][359]LogShaderCompilers: Display: Shaders left to compile 8
[2018.09.04-22.31.35:624][372]LogShaderCompilers: Display: Shaders left to compile 7
[2018.09.04-22.31.35:635][373]LogShaderCompilers: Display: Shaders left to compile 6
[2018.09.04-22.31.35:726][382]LogShaderCompilers: Display: Shaders left to compile 5
[2018.09.04-22.31.35:758][385]LogShaderCompilers: Display: Shaders left to compile 4
[2018.09.04-22.31.35:831][392]LogShaderCompilers: Display: Shaders left to compile 3
[2018.09.04-22.31.35:928][401]LogShaderCompilers: Display: Shaders left to compile 2
[2018.09.04-22.31.36:025][410]LogShaderCompilers: Display: Shaders left to compile 1
[2018.09.04-22.31.36:964][519]LogMaterial: Display: Missing cached shader map for material Wall, compiling. 
[2018.09.04-22.31.36:980][519]LogShaderCompilers: Display: Shaders left to compile 26
[2018.09.04-22.31.36:980][519]LogShaderCompilers: Display: Shaders left to compile 25
[2018.09.04-22.31.36:980][519]LogShaderCompilers: Display: Shaders left to compile 24
[2018.09.04-22.31.36:980][519]LogShaderCompilers: Display: Shaders left to compile 23
[2018.09.04-22.31.36:982][519]LogMaterial: Display: Missing cached shader map for material FMatExpressionPreview MaterialExpressionTextureSample_1, compiling. 
[2018.09.04-22.31.37:122][528]LogShaderCompilers: Display: Shaders left to compile 24
[2018.09.04-22.31.37:182][533]LogShaderCompilers: Display: Shaders left to compile 23
[2018.09.04-22.31.37:205][535]LogShaderCompilers: Display: Shaders left to compile 22
[2018.09.04-22.31.37:237][538]LogShaderCompilers: Display: Shaders left to compile 21
[2018.09.04-22.31.37:367][548]LogShaderCompilers: Display: Shaders left to compile 20
[2018.09.04-22.31.37:368][548]LogShaderCompilers: Display: Shaders left to compile 19
[2018.09.04-22.31.37:403][551]LogShaderCompilers: Display: Shaders left to compile 18
[2018.09.04-22.31.37:426][553]LogShaderCompilers: Display: Shaders left to compile 17
[2018.09.04-22.31.37:513][560]LogShaderCompilers: Display: Shaders left to compile 16
[2018.09.04-22.31.37:552][563]LogShaderCompilers: Display: Shaders left to compile 15
[2018.09.04-22.31.37:575][565]LogShaderCompilers: Display: Shaders left to compile 14
[2018.09.04-22.31.37:576][565]LogShaderCompilers: Display: Shaders left to compile 13
[2018.09.04-22.31.37:688][575]LogShaderCompilers: Display: Shaders left to compile 12
[2018.09.04-22.31.37:839][587]LogShaderCompilers: Display: Shaders left to compile 11
[2018.09.04-22.31.37:997][601]LogShaderCompilers: Display: Shaders left to compile 10
[2018.09.04-22.31.37:997][601]LogShaderCompilers: Display: Shaders left to compile 9
[2018.09.04-22.31.38:076][608]LogShaderCompilers: Display: Shaders left to compile 8
[2018.09.04-22.31.38:202][620]LogShaderCompilers: Display: Shaders left to compile 7
[2018.09.04-22.31.38:202][620]LogShaderCompilers: Display: Shaders left to compile 6
[2018.09.04-22.31.38:353][634]LogShaderCompilers: Display: Shaders left to compile 5
[2018.09.04-22.31.38:399][638]LogShaderCompilers: Display: Shaders left to compile 4
[2018.09.04-22.31.38:431][641]LogShaderCompilers: Display: Shaders left to compile 3
[2018.09.04-22.31.38:502][648]LogShaderCompilers: Display: Shaders left to compile 2
[2018.09.04-22.31.38:609][658]LogShaderCompilers: Display: Shaders left to compile 1
[2018.09.04-22.31.39:986][819]MaterialEditorStats: Base pass shader: 106 instructions
[2018.09.04-22.31.39:987][819]MaterialEditorStats: Base pass shader with Volumetric Lightmap: 179 instructions
[2018.09.04-22.31.39:987][819]MaterialEditorStats: Base pass vertex shader: 36 instructions
[2018.09.04-22.31.39:987][819]MaterialEditorStats: Texture samplers: 4/16
[2018.09.04-22.31.39:987][819]MaterialEditorStats: Texture Lookups (Est.): VS(0), PS(1)
[2018.09.04-22.31.39:987][819]MaterialEditorStats: User interpolators: 2/4 Scalars (1/4 Vectors) (TexCoords: 2, Custom: 0)
[2018.09.04-22.31.41:454][985]LogMaterialEditor: Saving and Compiling material Wall
[2018.09.04-22.31.41:998][985]LogMaterial: Display: Missing cached shader map for material Wall, compiling. 
[2018.09.04-22.31.42:042][985]LogShaderCompilers: Display: Shaders left to compile 26
[2018.09.04-22.31.42:042][985]LogShaderCompilers: Display: Shaders left to compile 25
[2018.09.04-22.31.42:042][985]LogShaderCompilers: Display: Shaders left to compile 24
[2018.09.04-22.31.42:042][985]LogShaderCompilers: Display: Shaders left to compile 23
[2018.09.04-22.31.42:053][985]LogMaterial: Display: Missing cached shader map for material Wall, compiling. 
[2018.09.04-22.31.42:071][985]LogMaterial: Display: Missing cached shader map for material Wall, compiling. 
[2018.09.04-22.31.42:115][985]LogMaterial: Display: Missing cached shader map for material FDebugViewModeMaterialProxy Wall, compiling. 
[2018.09.04-22.31.43:479][985]LogShaderCompilers: Display: Shaders left to compile 50
[2018.09.04-22.31.43:480][985]LogShaderCompilers: Display: Shaders left to compile 49
[2018.09.04-22.31.43:480][985]LogShaderCompilers: Display: Shaders left to compile 48
[2018.09.04-22.31.43:480][985]LogShaderCompilers: Display: Shaders left to compile 47
[2018.09.04-22.31.43:480][985]LogShaderCompilers: Display: Shaders left to compile 46
[2018.09.04-22.31.43:480][985]LogShaderCompilers: Display: Shaders left to compile 45
[2018.09.04-22.31.43:480][985]LogShaderCompilers: Display: Shaders left to compile 44
[2018.09.04-22.31.43:480][985]LogShaderCompilers: Display: Shaders left to compile 43
[2018.09.04-22.31.43:480][985]LogShaderCompilers: Display: Shaders left to compile 42
[2018.09.04-22.31.43:480][985]LogShaderCompilers: Display: Shaders left to compile 41
[2018.09.04-22.31.43:480][985]LogShaderCompilers: Display: Shaders left to compile 40
[2018.09.04-22.31.43:481][985]LogShaderCompilers: Display: Shaders left to compile 39
[2018.09.04-22.31.43:481][985]LogShaderCompilers: Display: Shaders left to compile 38
[2018.09.04-22.31.43:481][985]LogShaderCompilers: Display: Shaders left to compile 37
[2018.09.04-22.31.43:481][985]LogShaderCompilers: Display: Shaders left to compile 36
[2018.09.04-22.31.43:481][985]LogShaderCompilers: Display: Shaders left to compile 35
[2018.09.04-22.31.43:481][985]LogShaderCompilers: Display: Shaders left to compile 34
[2018.09.04-22.31.43:481][985]LogShaderCompilers: Display: Shaders left to compile 33
[2018.09.04-22.31.43:481][985]LogShaderCompilers: Display: Shaders left to compile 32
[2018.09.04-22.31.43:481][985]LogShaderCompilers: Display: Shaders left to compile 31
[2018.09.04-22.31.43:481][985]LogShaderCompilers: Display: Shaders left to compile 30
[2018.09.04-22.31.43:481][985]LogShaderCompilers: Display: Shaders left to compile 29
[2018.09.04-22.31.43:481][985]LogShaderCompilers: Display: Shaders left to compile 28
[2018.09.04-22.31.43:482][985]LogShaderCompilers: Display: Shaders left to compile 27
[2018.09.04-22.31.43:482][985]LogShaderCompilers: Display: Shaders left to compile 17
[2018.09.04-22.31.43:482][985]LogShaderCompilers: Display: Shaders left to compile 7
[2018.09.04-22.31.43:483][985]TextureStreamingBuild: Display: Compiling optional shaders took 1.376 seconds.
[2018.09.04-22.31.45:285][985]Cmd: OBJ SAVEPACKAGE PACKAGE="/Game/Material/Wall" FILE="D:/Users/mitchell.jan7103/Documents/GitHub/BrawlyBoys/GrabCharacter/Content/Material/Wall.uasset" SILENT=true
[2018.09.04-22.31.45:300][985]LogSavePackage: Moving 'D:/Users/mitchell.jan7103/Documents/GitHub/BrawlyBoys/GrabCharacter/Saved/Wall903413744F74FC7825DA00AB17E57969.tmp' to 'D:/Users/mitchell.jan7103/Documents/GitHub/BrawlyBoys/GrabCharacter/Content/Material/Wall.uasset'
[2018.09.04-22.32.02:949][ 14]LogSlate: FSceneViewport::OnFocusLost() reason 0
[2018.09.04-22.32.46:324][214]LogEditorViewport: Clicking on Actor (context menu): StaticMeshActor (Plane3)
[2018.09.04-22.32.46:390][214]LogSlate: FSceneViewport::OnFocusLost() reason 2
[2018.09.04-22.33.09:824][974]LogSlate: FSceneViewport::OnFocusLost() reason 0
[2018.09.04-22.33.13:947][467]LogEditorViewport: Clicking on Actor (context menu): AmbientSound (music)
[2018.09.04-22.33.13:971][467]LogSlate: FSceneViewport::OnFocusLost() reason 2
[2018.09.04-22.33.15:300][626]LogEditorViewport: Clicking on Actor (LMB): AmbientSound (music)
[2018.09.04-22.33.16:461][763]LogSlate: FSceneViewport::OnFocusLost() reason 0
[2018.09.04-22.33.16:528][771]LogAudioDerivedData: Display: Building compressed audio format OGG hash OGG wave proto4_2...
[2018.09.04-22.33.16:531][771]LogTemp: Couldn't find amount to resample to.
[2018.09.04-22.33.17:529][771]LogAudioDerivedData: Display: Updated SoundWave->RawPCMDataSize from 0 to 11289600 while cooking SoundWave /Game/EthansStuff/proto4_2.proto4_2.
[2018.09.04-22.33.18:516][887]LogAssetEditorManager: Opening Asset editor for SoundCue /Game/EthansStuff/music.music
[2018.09.04-22.33.40:486][347]LogSlate: Window 'music*' being destroyed
[2018.09.04-22.33.40:489][347]LogSlate: Window 'music*' being destroyed
[2018.09.04-22.33.41:830][497]LogSlate: FSceneViewport::OnFocusLost() reason 0
[2018.09.04-22.33.42:046][506]LogSavePackage: Moving 'D:/Users/mitchell.jan7103/Documents/GitHub/BrawlyBoys/GrabCharacter/Saved/test30D6D4524B778E3EC454E8BCF9D571C5.tmp' to 'D:/Users/mitchell.jan7103/Documents/GitHub/BrawlyBoys/GrabCharacter/Content/EthansStuff/Maps/test.umap'
[2018.09.04-22.33.42:738][586]LogSlate: FSceneViewport::OnFocusLost() reason 0
[2018.09.04-22.33.43:853][594]LogSlate: Window 'Save Content' being destroyed
[2018.09.04-22.33.43:864][594]LogSlate: FSceneViewport::OnFocusLost() reason 2
[2018.09.04-22.33.43:867][594]Cmd: OBJ SAVEPACKAGE PACKAGE="/Game/EthansStuff/music" FILE="D:/Users/mitchell.jan7103/Documents/GitHub/BrawlyBoys/GrabCharacter/Content/EthansStuff/music.uasset" SILENT=true
[2018.09.04-22.33.43:870][594]LogSavePackage: Moving 'D:/Users/mitchell.jan7103/Documents/GitHub/BrawlyBoys/GrabCharacter/Saved/music51DB332349BAFC04F8E15484FEF18870.tmp' to 'D:/Users/mitchell.jan7103/Documents/GitHub/BrawlyBoys/GrabCharacter/Content/EthansStuff/music.uasset'
[2018.09.04-22.33.43:885][594]Cmd: OBJ SAVEPACKAGE PACKAGE="/Game/EthansStuff/proto4_2" FILE="D:/Users/mitchell.jan7103/Documents/GitHub/BrawlyBoys/GrabCharacter/Content/EthansStuff/proto4_2.uasset" SILENT=true
[2018.09.04-22.33.43:893][594]LogSavePackage: Moving 'D:/Users/mitchell.jan7103/Documents/GitHub/BrawlyBoys/GrabCharacter/Saved/proto4_2ABB12BA34EED77CEDC44D3B637D9BAB4.tmp' to 'D:/Users/mitchell.jan7103/Documents/GitHub/BrawlyBoys/GrabCharacter/Content/EthansStuff/proto4_2.uasset'
[2018.09.04-22.33.43:903][594]Cmd: OBJ SAVEPACKAGE PACKAGE="/Game/Textures/background" FILE="D:/Users/mitchell.jan7103/Documents/GitHub/BrawlyBoys/GrabCharacter/Content/Textures/background.uasset" SILENT=true
[2018.09.04-22.33.43:934][594]LogSavePackage: Moving 'D:/Users/mitchell.jan7103/Documents/GitHub/BrawlyBoys/GrabCharacter/Saved/background10426A91456D4CEFCE4DA1938755E637.tmp' to 'D:/Users/mitchell.jan7103/Documents/GitHub/BrawlyBoys/GrabCharacter/Content/Textures/background.uasset'
[2018.09.04-22.33.45:925][832]LogSlate: FSceneViewport::OnFocusLost() reason 0
[2018.09.04-22.33.46:058][848]LogTemp: Repeating last play command: New Editor Window (PIE)
[2018.09.04-22.33.46:067][848]LogBlueprintUserMessages: Early PlayInEditor Detection: Level '/Game/EthansStuff/Maps/test.test:PersistentLevel' has LevelScriptBlueprint '/Game/EthansStuff/Maps/test.test:PersistentLevel.test' with GeneratedClass '/Game/EthansStuff/Maps/test.test_C' with ClassGeneratedBy '/Game/EthansStuff/Maps/test.test:PersistentLevel.test'
[2018.09.04-22.33.46:068][848]LogPlayLevel: PlayLevel: No blueprints needed recompiling
[2018.09.04-22.33.46:083][848]PIE: New page: PIE session: test (Sep 5, 2018, 10:33:46 PM)
[2018.09.04-22.33.46:083][848]LogPlayLevel: Creating play world package: /Game/EthansStuff/Maps/UEDPIE_0_test
[2018.09.04-22.33.46:088][848]LogPlayLevel: PIE: StaticDuplicateObject took: (0.005066s)
[2018.09.04-22.33.46:089][848]LogAIModule: Creating AISystem for world test
[2018.09.04-22.33.46:089][848]LogPlayLevel: PIE: World Init took: (0.000710s)
[2018.09.04-22.33.46:089][848]LogPlayLevel: PIE: Created PIE world by copying editor world from /Game/EthansStuff/Maps/test.test to /Game/EthansStuff/Maps/UEDPIE_0_test.test (0.006232s)
[2018.09.04-22.33.46:111][848]LogInit: XAudio2 using 'Headphones (High Definition Audio Device)' : 2 channels at 48 kHz using 16 bits per sample (channel mask 0x3)
[2018.09.04-22.33.46:117][848]LogInit: FAudioDevice initialized.
[2018.09.04-22.33.46:124][848]LogSlate: Updating window title bar state: overlay mode, drag disabled, window buttons hidden, title bar hidden
[2018.09.04-22.33.46:268][848]LogTexture: Display: Building textures: Happy_mask (BGRA8, 30X30)
[2018.09.04-22.33.46:268][848]LogLoad: Game class is '2DSideScrollerGameMode_C'
[2018.09.04-22.33.46:270][848]LogWorld: Bringing World /Game/EthansStuff/Maps/UEDPIE_0_test.test up for play (max tick rate 0) at 2018.09.05-10.33.46
[2018.09.04-22.33.46:271][848]LogWorld: Bringing up level for play took: 0.001409
[2018.09.04-22.33.46:289][848]LogContentBrowser: Native class hierarchy updated for 'MovieSceneCapture' in 0.0003 seconds. Added 10 classes and 0 folders.
[2018.09.04-22.33.46:300][848]PIE: Play in editor start time for /Game/EthansStuff/Maps/UEDPIE_0_test -0.688
[2018.09.04-22.33.46:300][848]LogBlueprintUserMessages: Late PlayInEditor Detection: Level '/Game/EthansStuff/Maps/test.test:PersistentLevel' has LevelScriptBlueprint '/Game/EthansStuff/Maps/test.test:PersistentLevel.test' with GeneratedClass '/Game/EthansStuff/Maps/test.test_C' with ClassGeneratedBy '/Game/EthansStuff/Maps/test.test:PersistentLevel.test'
[2018.09.04-22.33.46:325][848]LogRenderer: Reallocating scene render targets to support 1208x684 Format 10 NumSamples 1 (Frame:1).
[2018.09.04-22.33.51:991][522]LogSlate: Window 'GrabCharacter Game Preview Standalone (64-bit/PCD3D_SM5)' being destroyed
[2018.09.04-22.33.51:995][522]LogBlueprintUserMessages: Early EndPlayMap Detection: Level '/Game/EthansStuff/Maps/test.test:PersistentLevel' has LevelScriptBlueprint '/Game/EthansStuff/Maps/test.test:PersistentLevel.test' with GeneratedClass '/Game/EthansStuff/Maps/test.test_C' with ClassGeneratedBy '/Game/EthansStuff/Maps/test.test:PersistentLevel.test'
[2018.09.04-22.33.52:025][522]LogPlayLevel: Display: Shutting down PIE online subsystems
[2018.09.04-22.33.52:025][522]LogBlueprintUserMessages: Late EndPlayMap Detection: Level '/Game/EthansStuff/Maps/test.test:PersistentLevel' has LevelScriptBlueprint '/Game/EthansStuff/Maps/test.test:PersistentLevel.test' with GeneratedClass '/Game/EthansStuff/Maps/test.test_C' with ClassGeneratedBy '/Game/EthansStuff/Maps/test.test:PersistentLevel.test'
[2018.09.04-22.33.52:091][526]LogPlayLevel: Display: Destroying online subsystem :Context_4
[2018.09.04-22.33.54:532][819]LogSlate: FSceneViewport::OnFocusLost() reason 0
[2018.09.04-22.33.54:694][831]LogSlate: Window 'Output Log' being destroyed
[2018.09.04-22.33.54:698][831]LogSlate: Window 'GrabCharacter - Unreal Editor' being destroyed
[2018.09.04-22.33.54:699][831]LogWindowsTextInputMethodSystem: Display: IME system now deactivated.
[2018.09.04-22.33.54:851][832]Cmd: QUIT_EDITOR
[2018.09.04-22.33.55:043][832]LogExit: Preparing to exit.
[2018.09.04-22.33.55:977][832]LogExit: Editor shut down
[2018.09.04-22.33.55:977][832]LogExit: Transaction tracking system shut down
[2018.09.04-22.33.56:142][832]LogExit: Object subsystem successfully closed.
[2018.09.04-22.33.56:161][832]LogShaderCompilers: Display: Shaders left to compile 0
[2018.09.04-22.33.56:163][832]LogD3D11RHI: Shutdown
[2018.09.04-22.33.56:163][832]LogD3D11RHI: CleanupD3DDevice
[2018.09.04-22.33.56:164][832]LogD3D11RHI: ~FD3D11DynamicRHI
[2018.09.04-22.33.56:201][832]LogModuleManager: Shutting down and abandoning module MovieSceneCapture (616)
[2018.09.04-22.33.56:201][832]LogModuleManager: Shutting down and abandoning module Voice (614)
[2018.09.04-22.33.56:201][832]LogModuleManager: Shutting down and abandoning module StatsViewer (612)
[2018.09.04-22.33.56:203][832]LogModuleManager: Shutting down and abandoning module MeshBuilder (610)
[2018.09.04-22.33.56:204][832]LogModuleManager: Shutting down and abandoning module HierarchicalLODOutliner (608)
[2018.09.04-22.33.56:204][832]LogModuleManager: Shutting down and abandoning module SceneOutliner (606)
[2018.09.04-22.33.56:204][832]LogModuleManager: Shutting down and abandoning module AddContentDialog (604)
[2018.09.04-22.33.56:204][832]LogModuleManager: Shutting down and abandoning module WidgetCarousel (603)
[2018.09.04-22.33.56:204][832]LogModuleManager: Shutting down and abandoning module EditorWidgets (600)
[2018.09.04-22.33.56:204][832]LogModuleManager: Shutting down and abandoning module CollectionManager (598)
[2018.09.04-22.33.56:205][832]LogModuleManager: Shutting down and abandoning module FoliageEdit (596)
[2018.09.04-22.33.56:205][832]LogModuleManager: Shutting down and abandoning module LandscapeEditor (594)
[2018.09.04-22.33.56:205][832]LogModuleManager: Shutting down and abandoning module MeshPaintMode (592)
[2018.09.04-22.33.56:205][832]LogModuleManager: Shutting down and abandoning module SceneDepthPickerMode (590)
[2018.09.04-22.33.56:205][832]LogModuleManager: Shutting down and abandoning module ActorPickerMode (588)
[2018.09.04-22.33.56:205][832]LogModuleManager: Shutting down and abandoning module GeometryMode (586)
[2018.09.04-22.33.56:205][832]LogModuleManager: Shutting down and abandoning module TextureAlignMode (584)
[2018.09.04-22.33.56:205][832]LogModuleManager: Shutting down and abandoning module BspMode (582)
[2018.09.04-22.33.56:205][832]LogModuleManager: Shutting down and abandoning module PIEPreviewDeviceProfileSelector (580)
[2018.09.04-22.33.56:205][832]LogModuleManager: Shutting down and abandoning module SequenceRecorderSections (578)
[2018.09.04-22.33.56:205][832]LogModuleManager: Shutting down and abandoning module AutomationWorker (576)
[2018.09.04-22.33.56:205][832]LogModuleManager: Shutting down and abandoning module AudioCaptureEditor (574)
[2018.09.04-22.33.56:205][832]LogModuleManager: Shutting down and abandoning module SequenceRecorder (573)
[2018.09.04-22.33.56:205][832]LogModuleManager: Shutting down and abandoning module MatineeToLevelSequence (570)
[2018.09.04-22.33.56:205][832]LogModuleManager: Shutting down and abandoning module LevelSequenceEditor (568)
[2018.09.04-22.33.56:205][832]LogModuleManager: Shutting down and abandoning module PlacementMode (567)
[2018.09.04-22.33.56:205][832]LogModuleManager: Shutting down and abandoning module MaterialEditor (566)
[2018.09.04-22.33.56:205][832]LogModuleManager: Shutting down and abandoning module WmfMediaFactory (562)
[2018.09.04-22.33.56:205][832]LogModuleManager: Shutting down and abandoning module WmfMediaEditor (560)
[2018.09.04-22.33.56:205][832]LogModuleManager: Shutting down and abandoning module MediaPlayerEditor (558)
[2018.09.04-22.33.56:205][832]LogModuleManager: Shutting down and abandoning module OpenExrWrapper (556)
[2018.09.04-22.33.56:205][832]LogModuleManager: Shutting down and abandoning module ImgMediaFactory (554)
[2018.09.04-22.33.56:205][832]LogModuleManager: Shutting down and abandoning module ImgMediaEditor (552)
[2018.09.04-22.33.56:205][832]LogModuleManager: Shutting down and abandoning module AvfMediaFactory (550)
[2018.09.04-22.33.56:205][832]LogModuleManager: Shutting down and abandoning module AvfMediaEditor (548)
[2018.09.04-22.33.56:205][832]LogModuleManager: Shutting down and abandoning module AndroidMediaFactory (546)
[2018.09.04-22.33.56:205][832]LogModuleManager: Shutting down and abandoning module AndroidMediaEditor (544)
[2018.09.04-22.33.56:205][832]LogModuleManager: Shutting down and abandoning module MagicLeapCameraPreviewFactory (542)
[2018.09.04-22.33.56:205][832]LogModuleManager: Shutting down and abandoning module MagicLeapMediaFactory (540)
[2018.09.04-22.33.56:205][832]LogModuleManager: Shutting down and abandoning module MagicLeapMediaEditor (538)
[2018.09.04-22.33.56:205][832]LogModuleManager: Shutting down and abandoning module CharacterAI (536)
[2018.09.04-22.33.56:205][832]LogModuleManager: Shutting down and abandoning module SmartSnapping (534)
[2018.09.04-22.33.56:205][832]LogModuleManager: Shutting down and abandoning module SessionServices (532)
[2018.09.04-22.33.56:205][832]LogModuleManager: Shutting down and abandoning module ViewportSnapping (530)
[2018.09.04-22.33.56:205][832]LogModuleManager: Shutting down and abandoning module ViewportInteraction (528)
[2018.09.04-22.33.56:205][832]LogModuleManager: Shutting down and abandoning module ClothPainter (526)
[2018.09.04-22.33.56:205][832]LogModuleManager: Shutting down and abandoning module SkeletalMeshEditor (525)
[2018.09.04-22.33.56:205][832]LogModuleManager: Shutting down and abandoning module LogVisualizer (522)
[2018.09.04-22.33.56:205][832]LogModuleManager: Shutting down and abandoning module IntroTutorials (520)
[2018.09.04-22.33.56:205][832]LogModuleManager: Shutting down and abandoning module GameProjectGeneration (519)
[2018.09.04-22.33.56:205][832]LogModuleManager: Shutting down and abandoning module LuminPlatformEditor (516)
[2018.09.04-22.33.56:205][832]LogModuleManager: Shutting down and abandoning module IOSPlatformEditor (514)
[2018.09.04-22.33.56:205][832]LogModuleManager: Shutting down and abandoning module HTML5PlatformEditor (512)
[2018.09.04-22.33.56:205][832]LogModuleManager: Shutting down and abandoning module AndroidPlatformEditor (510)
[2018.09.04-22.33.56:205][832]LogModuleManager: Shutting down and abandoning module AndroidDeviceDetection (509)
[2018.09.04-22.33.56:911][832]LogModuleManager: Shutting down and abandoning module WindowsPlatformEditor (506)
[2018.09.04-22.33.56:911][832]LogModuleManager: Shutting down and abandoning module LuminRuntimeSettings (504)
[2018.09.04-22.33.56:911][832]LogModuleManager: Shutting down and abandoning module IOSRuntimeSettings (502)
[2018.09.04-22.33.56:911][832]LogModuleManager: Shutting down and abandoning module AndroidRuntimeSettings (500)
[2018.09.04-22.33.56:911][832]LogModuleManager: Shutting down and abandoning module InputBindingEditor (498)
[2018.09.04-22.33.56:911][832]LogModuleManager: Shutting down and abandoning module MergeActors (496)
[2018.09.04-22.33.56:911][832]LogModuleManager: Shutting down and abandoning module LocalizationDashboard (494)
[2018.09.04-22.33.56:911][832]LogModuleManager: Shutting down and abandoning module LocalizationService (493)
[2018.09.04-22.33.56:911][832]LogModuleManager: Shutting down and abandoning module HardwareTargeting (490)
[2018.09.04-22.33.56:911][832]LogModuleManager: Shutting down and abandoning module DeviceProfileEditor (488)
[2018.09.04-22.33.56:911][832]LogModuleManager: Shutting down and abandoning module UndoHistory (486)
[2018.09.04-22.33.56:911][832]LogModuleManager: Shutting down and abandoning module XmlParser (484)
[2018.09.04-22.33.56:911][832]LogModuleManager: Shutting down and abandoning module Blutility (482)
[2018.09.04-22.33.56:911][832]LogModuleManager: Shutting down and abandoning module ProjectSettingsViewer (480)
[2018.09.04-22.33.56:911][832]LogModuleManager: Shutting down and abandoning module ProjectTargetPlatformEditor (479)
[2018.09.04-22.33.56:911][832]LogModuleManager: Shutting down and abandoning module EditorSettingsViewer (476)
[2018.09.04-22.33.56:912][832]LogModuleManager: Shutting down and abandoning module SettingsEditor (474)
[2018.09.04-22.33.56:912][832]LogModuleManager: Shutting down and abandoning module ProjectLauncher (472)
[2018.09.04-22.33.56:912][832]LogModuleManager: Shutting down and abandoning module SessionFrontend (470)
[2018.09.04-22.33.56:912][832]LogModuleManager: Shutting down and abandoning module ProfilerClient (468)
[2018.09.04-22.33.56:912][832]LogModuleManager: Shutting down and abandoning module DeviceManager (466)
[2018.09.04-22.33.56:912][832]LogModuleManager: Shutting down and abandoning module TargetDeviceServices (465)
[2018.09.04-22.33.56:975][832]LogModuleManager: Shutting down and abandoning module AutomationController (462)
[2018.09.04-22.33.56:975][832]LogModuleManager: Shutting down and abandoning module AutomationWindow (460)
[2018.09.04-22.33.56:975][832]LogModuleManager: Shutting down and abandoning module Layers (458)
[2018.09.04-22.33.56:975][832]LogModuleManager: Shutting down and abandoning module ComponentVisualizers (456)
[2018.09.04-22.33.56:975][832]LogModuleManager: Shutting down and abandoning module DetailCustomizations (454)
[2018.09.04-22.33.56:975][832]LogModuleManager: Shutting down and abandoning module PackagesDialog (452)
[2018.09.04-22.33.56:975][832]LogModuleManager: Shutting down and abandoning module Persona (450)
[2018.09.04-22.33.56:975][832]LogModuleManager: Shutting down and abandoning module AdvancedPreviewScene (449)
[2018.09.04-22.33.56:975][832]LogModuleManager: Shutting down and abandoning module AnimGraph (447)
[2018.09.04-22.33.56:975][832]LogModuleManager: Shutting down and abandoning module Kismet (444)
[2018.09.04-22.33.56:975][832]LogModuleManager: Shutting down and abandoning module GraphEditor (442)
[2018.09.04-22.33.56:975][832]LogModuleManager: Shutting down and abandoning module ClassViewer (440)
[2018.09.04-22.33.56:975][832]LogModuleManager: Shutting down and abandoning module Toolbox (438)
[2018.09.04-22.33.56:975][832]LogModuleManager: Shutting down and abandoning module ModuleUI (436)
[2018.09.04-22.33.56:975][832]LogModuleManager: Shutting down and abandoning module MovieSceneTools (434)
[2018.09.04-22.33.56:975][832]LogModuleManager: Shutting down and abandoning module OutputLog (432)
[2018.09.04-22.33.56:975][832]LogModuleManager: Shutting down and abandoning module GammaUI (430)
[2018.09.04-22.33.56:975][832]LogModuleManager: Shutting down and abandoning module Documentation (428)
[2018.09.04-22.33.56:975][832]LogModuleManager: Shutting down and abandoning module MovieSceneTracks (426)
[2018.09.04-22.33.56:975][832]LogModuleManager: Shutting down and abandoning module MovieScene (424)
[2018.09.04-22.33.56:975][832]LogModuleManager: Shutting down and abandoning module StreamingPauseRendering (422)
[2018.09.04-22.33.56:975][832]LogModuleManager: Shutting down and abandoning module LauncherPlatform (420)
[2018.09.04-22.33.56:975][832]LogModuleManager: Shutting down and abandoning module AnalyticsET (418)
[2018.09.04-22.33.56:975][832]LogModuleManager: Shutting down and abandoning module PortalServices (416)
[2018.09.04-22.33.56:975][832]LogModuleManager: Shutting down and abandoning module PortalRpc (414)
[2018.09.04-22.33.56:975][832]LogModuleManager: Shutting down and abandoning module MessagingRpc (412)
[2018.09.04-22.33.56:975][832]LogModuleManager: Shutting down and abandoning module AIModule (410)
[2018.09.04-22.33.56:975][832]LogModuleManager: Shutting down and abandoning module GameplayDebugger (409)
[2018.09.04-22.33.56:976][832]LogModuleManager: Shutting down and abandoning module AITestSuite (407)
[2018.09.04-22.33.56:976][832]LogModuleManager: Shutting down and abandoning module NavigationSystem (405)
[2018.09.04-22.33.56:976][832]LogModuleManager: Shutting down and abandoning module DesktopPlatform (402)
[2018.09.04-22.33.56:976][832]LogModuleManager: Shutting down and abandoning module ProfilerService (400)
[2018.09.04-22.33.57:005][832]LogModuleManager: Shutting down and abandoning module TaskGraph (398)
[2018.09.04-22.33.57:005][832]LogModuleManager: Shutting down and abandoning module SteamVRController (396)
[2018.09.04-22.33.57:005][832]LogModuleManager: Shutting down and abandoning module ProceduralMeshComponentEditor (394)
[2018.09.04-22.33.57:005][832]LogModuleManager: Shutting down and abandoning module ProceduralMeshComponent (392)
[2018.09.04-22.33.57:005][832]LogModuleManager: Shutting down and abandoning module OculusInput (390)
[2018.09.04-22.33.57:005][832]LogModuleManager: Shutting down and abandoning module MobilePatchingUtils (388)
[2018.09.04-22.33.57:005][832]LogModuleManager: Shutting down and abandoning module EditableMesh (386)
[2018.09.04-22.33.57:005][832]LogModuleManager: Shutting down and abandoning module CustomMeshComponent (384)
[2018.09.04-22.33.57:005][832]LogModuleManager: Shutting down and abandoning module CableComponent (382)
[2018.09.04-22.33.57:005][832]LogModuleManager: Shutting down and abandoning module AudioCapture (380)
[2018.09.04-22.33.57:005][832]LogModuleManager: Shutting down and abandoning module ArchVisCharacter (378)
[2018.09.04-22.33.57:005][832]LogModuleManager: Shutting down and abandoning module AndroidPermission (376)
[2018.09.04-22.33.57:005][832]LogModuleManager: Shutting down and abandoning module NUTUnrealEngine4 (374)
[2018.09.04-22.33.57:005][832]LogModuleManager: Shutting down and abandoning module NetcodeUnitTest (372)
[2018.09.04-22.33.57:005][832]LogModuleManager: Shutting down and abandoning module MediaCompositingEditor (370)
[2018.09.04-22.33.57:005][832]LogModuleManager: Shutting down and abandoning module MediaCompositing (368)
[2018.09.04-22.33.57:005][832]LogModuleManager: Shutting down and abandoning module LinearTimecode (366)
[2018.09.04-22.33.57:005][832]LogModuleManager: Shutting down and abandoning module ImgMedia (364)
[2018.09.04-22.33.57:008][832]LogModuleManager: Shutting down and abandoning module HTML5Networking (362)
[2018.09.04-22.33.57:008][832]LogModuleManager: Shutting down and abandoning module GeometryCacheTracks (360)
[2018.09.04-22.33.57:008][832]LogModuleManager: Shutting down and abandoning module GeometryCacheSequencer (358)
[2018.09.04-22.33.57:008][832]LogModuleManager: Shutting down and abandoning module BackChannel (356)
[2018.09.04-22.33.57:008][832]LogModuleManager: Shutting down and abandoning module AppleVision (354)
[2018.09.04-22.33.57:008][832]LogModuleManager: Shutting down and abandoning module AppleImageUtils (352)
[2018.09.04-22.33.57:008][832]LogModuleManager: Shutting down and abandoning module AlembicImporter (350)
[2018.09.04-22.33.57:008][832]LogModuleManager: Shutting down and abandoning module AlembicLibrary (349)
[2018.09.04-22.33.57:008][832]LogModuleManager: Shutting down and abandoning module GeometryCache (348)
[2018.09.04-22.33.57:008][832]LogModuleManager: Shutting down and abandoning module GeometryCacheEd (347)
[2018.09.04-22.33.57:008][832]LogModuleManager: Shutting down and abandoning module DatasmithContentEditor (342)
[2018.09.04-22.33.57:008][832]LogModuleManager: Shutting down and abandoning module DatasmithContent (340)
[2018.09.04-22.33.57:008][832]LogModuleManager: Shutting down and abandoning module SpeedTreeImporter (338)
[2018.09.04-22.33.57:008][832]LogModuleManager: Shutting down and abandoning module PluginBrowser (336)
[2018.09.04-22.33.57:008][832]LogModuleManager: Shutting down and abandoning module MobileLauncherProfileWizard (334)
[2018.09.04-22.33.57:008][832]LogModuleManager: Shutting down and abandoning module PolygonModeling (332)
[2018.09.04-22.33.57:008][832]LogModuleManager: Shutting down and abandoning module MeshEditor (330)
[2018.09.04-22.33.57:008][832]LogModuleManager: Shutting down and abandoning module CryptoKeysOpenSSL (328)
[2018.09.04-22.33.57:008][832]LogModuleManager: Shutting down and abandoning module CryptoKeys (326)
[2018.09.04-22.33.57:008][832]LogModuleManager: Shutting down and abandoning module VisualStudioSourceCodeAccess (324)
[2018.09.04-22.33.57:008][832]LogModuleManager: Shutting down and abandoning module VisualStudioCodeSourceCodeAccess (322)
[2018.09.04-22.33.57:008][832]LogModuleManager: Shutting down and abandoning module UObjectPlugin (320)
[2018.09.04-22.33.57:008][832]LogModuleManager: Shutting down and abandoning module SubversionSourceControl (318)
[2018.09.04-22.33.57:008][832]LogModuleManager: Shutting down and abandoning module PerforceSourceControl (316)
[2018.09.04-22.33.57:008][832]LogModuleManager: Shutting down and abandoning module GitSourceControl (314)
[2018.09.04-22.33.57:008][832]LogModuleManager: Shutting down and abandoning module SourceControl (313)
[2018.09.04-22.33.57:008][832]LogModuleManager: Shutting down and abandoning module CLionSourceCodeAccess (310)
[2018.09.04-22.33.57:008][832]LogModuleManager: Shutting down and abandoning module LightPropagationVolumeEditor (308)
[2018.09.04-22.33.57:008][832]LogModuleManager: Shutting down and abandoning module PaperTiledImporter (306)
[2018.09.04-22.33.57:008][832]LogModuleManager: Shutting down and abandoning module PaperSpriteSheetImporter (304)
[2018.09.04-22.33.57:008][832]LogModuleManager: Shutting down and abandoning module Paper2DEditor (302)
[2018.09.04-22.33.57:008][832]LogModuleManager: Shutting down and abandoning module MeshPaint (301)
[2018.09.04-22.33.57:008][832]LogModuleManager: Shutting down and abandoning module RuntimePhysXCooking (298)
[2018.09.04-22.33.57:009][832]LogModuleManager: Shutting down and abandoning module PhysXVehiclesEditor (296)
[2018.09.04-22.33.57:009][832]LogModuleManager: Shutting down and abandoning module PhysXVehicles (294)
[2018.09.04-22.33.57:009][832]LogModuleManager: Shutting down and abandoning module OculusEditor (292)
[2018.09.04-22.33.57:009][832]LogModuleManager: Shutting down and abandoning module LocationServicesBPLibrary (290)
[2018.09.04-22.33.57:009][832]LogModuleManager: Shutting down and abandoning module ImmediatePhysicsEditor (288)
[2018.09.04-22.33.57:009][832]LogModuleManager: Shutting down and abandoning module ImmediatePhysics (286)
[2018.09.04-22.33.57:009][832]LogModuleManager: Shutting down and abandoning module ActorSequence (284)
[2018.09.04-22.33.57:009][832]LogModuleManager: Shutting down and abandoning module UdpMessaging (282)
[2018.09.04-22.33.57:110][832]LogModuleManager: Shutting down and abandoning module TcpMessaging (280)
[2018.09.04-22.33.57:210][832]LogModuleManager: Shutting down and abandoning module MagicLeapAudio (278)
[2018.09.04-22.33.57:210][832]LogModuleManager: Shutting down and abandoning module GameplayTagsEditor (276)
[2018.09.04-22.33.57:210][832]LogModuleManager: Shutting down and abandoning module FacialAnimationEditor (274)
[2018.09.04-22.33.57:210][832]LogModuleManager: Shutting down and abandoning module FacialAnimation (272)
[2018.09.04-22.33.57:210][832]LogModuleManager: Shutting down and abandoning module DataValidation (270)
[2018.09.04-22.33.57:210][832]LogModuleManager: Shutting down and abandoning module AssetManagerEditor (268)
[2018.09.04-22.33.57:210][832]LogModuleManager: Shutting down and abandoning module LevelEditor (267)
[2018.09.04-22.33.57:210][832]LogModuleManager: Shutting down and abandoning module PixelInspectorModule (266)
[2018.09.04-22.33.57:210][832]LogModuleManager: Shutting down and abandoning module CommonMenuExtensions (264)
[2018.09.04-22.33.57:210][832]LogModuleManager: Shutting down and abandoning module MainFrame (262)
[2018.09.04-22.33.57:210][832]LogModuleManager: Shutting down and abandoning module HotReload (261)
[2018.09.04-22.33.57:211][832]LogModuleManager: Shutting down and abandoning module ContentBrowser (257)
[2018.09.04-22.33.57:212][832]LogModuleManager: Shutting down and abandoning module TreeMap (255)
[2018.09.04-22.33.57:212][832]LogModuleManager: Shutting down and abandoning module LightPropagationVolumeRuntime (252)
[2018.09.04-22.33.57:212][832]LogModuleManager: Shutting down and abandoning module AISupportModule (250)
[2018.09.04-22.33.57:212][832]LogModuleManager: Shutting down and abandoning module Paper2D (248)
[2018.09.04-22.33.57:212][832]LogModuleManager: Shutting down and abandoning module WindowsMoviePlayer (246)
[2018.09.04-22.33.57:212][832]LogModuleManager: Shutting down and abandoning module WmfMedia (244)
[2018.09.04-22.33.57:213][832]LogModuleManager: Shutting down and abandoning module Media (243)
[2018.09.04-22.33.57:219][832]LogModuleManager: Shutting down and abandoning module PacketHandler (240)
[2018.09.04-22.33.57:219][832]LogModuleManager: Shutting down and abandoning module ClothingSystemEditor (238)
[2018.09.04-22.33.57:219][832]LogModuleManager: Shutting down and abandoning module ClothingSystemRuntime (236)
[2018.09.04-22.33.57:219][832]LogModuleManager: Shutting down and abandoning module MediaAssets (234)
[2018.09.04-22.33.57:219][832]LogModuleManager: Shutting down and abandoning module Overlay (232)
[2018.09.04-22.33.57:219][832]LogModuleManager: Shutting down and abandoning module OverlayEditor (231)
[2018.09.04-22.33.57:219][832]LogModuleManager: Shutting down and abandoning module VREditor (228)
[2018.09.04-22.33.57:219][832]LogModuleManager: Shutting down and abandoning module StringTableEditor (226)
[2018.09.04-22.33.57:219][832]LogModuleManager: Shutting down and abandoning module GameplayTasksEditor (224)
[2018.09.04-22.33.57:219][832]LogModuleManager: Shutting down and abandoning module BehaviorTreeEditor (222)
[2018.09.04-22.33.57:220][832]LogModuleManager: Shutting down and abandoning module FunctionalTesting (220)
[2018.09.04-22.33.57:220][832]LogModuleManager: Shutting down and abandoning module CollisionAnalyzer (218)
[2018.09.04-22.33.57:220][832]LogModuleManager: Shutting down and abandoning module WorkspaceMenuStructure (217)
[2018.09.04-22.33.57:220][832]LogModuleManager: Shutting down and abandoning module UMG (214)
[2018.09.04-22.33.57:220][832]LogModuleManager: Shutting down and abandoning module UMGEditor (213)
[2018.09.04-22.33.57:220][832]LogModuleManager: Shutting down and abandoning module Sequencer (212)
[2018.09.04-22.33.57:220][832]LogModuleManager: Shutting down and abandoning module MessageLog (209)
[2018.09.04-22.33.57:220][832]LogModuleManager: Shutting down and abandoning module SlateReflector (204)
[2018.09.04-22.33.57:220][832]LogModuleManager: Shutting down and abandoning module Slate (202)
[2018.09.04-22.33.57:220][832]LogModuleManager: Shutting down and abandoning module EditorStyle (200)
[2018.09.04-22.33.57:221][832]LogModuleManager: Shutting down and abandoning module MRMesh (198)
[2018.09.04-22.33.57:221][832]LogModuleManager: Shutting down and abandoning module SourceCodeAccess (196)
[2018.09.04-22.33.57:221][832]LogModuleManager: Shutting down and abandoning module HeadMountedDisplay (194)
[2018.09.04-22.33.57:221][832]LogModuleManager: Shutting down and abandoning module XAudio2 (192)
[2018.09.04-22.33.57:221][832]LogModuleManager: Shutting down and abandoning module Networking (190)
[2018.09.04-22.33.57:221][832]LogModuleManager: Shutting down and abandoning module Core (188)
[2018.09.04-22.33.57:221][832]LogModuleManager: Shutting down and abandoning module LevelSequence (186)
[2018.09.04-22.33.57:221][832]LogModuleManager: Shutting down and abandoning module KismetCompiler (184)
[2018.09.04-22.33.57:221][832]LogModuleManager: Shutting down and abandoning module MeshUtilities (182)
[2018.09.04-22.33.57:221][832]LogModuleManager: Shutting down and abandoning module MeshMergeUtilities (181)
[2018.09.04-22.33.57:221][832]LogModuleManager: Shutting down and abandoning module MeshReductionInterface (180)
[2018.09.04-22.33.57:221][832]LogModuleManager: Shutting down and abandoning module SimplygonSwarm (179)
[2018.09.04-22.33.57:221][832]LogModuleManager: Shutting down and abandoning module ProxyLODMeshReduction (177)
[2018.09.04-22.33.57:221][832]LogModuleManager: Shutting down and abandoning module SimplygonMeshReduction (175)
[2018.09.04-22.33.57:221][832]LogModuleManager: Shutting down and abandoning module QuadricMeshReduction (173)
[2018.09.04-22.33.57:221][832]LogModuleManager: Shutting down and abandoning module MaterialBaking (169)
[2018.09.04-22.33.57:222][832]LogModuleManager: Shutting down and abandoning module DirectoryWatcher (165)
[2018.09.04-22.33.57:222][832]LogModuleManager: Shutting down and abandoning module DerivedDataCache (162)
[2018.09.04-22.33.57:233][832]LogDerivedDataCache: Shutdown
[2018.09.04-22.33.57:233][832]LogModuleManager: Shutting down and abandoning module XGEController (160)
[2018.09.04-22.33.57:233][832]LogXGEController: Cleaning working directory: D:/Users/mitchell.jan7103/AppData/Local/Temp/UnrealXGEWorkingDir/
[2018.09.04-22.33.57:233][832]LogModuleManager: Shutting down and abandoning module TargetPlatform (158)
[2018.09.04-22.33.57:233][832]LogModuleManager: Shutting down and abandoning module VulkanShaderFormat (157)
[2018.09.04-22.33.57:233][832]LogModuleManager: Shutting down and abandoning module ShaderFormatVectorVM (155)
[2018.09.04-22.33.57:233][832]LogModuleManager: Shutting down and abandoning module ShaderFormatOpenGL (153)
[2018.09.04-22.33.57:233][832]LogModuleManager: Shutting down and abandoning module ShaderFormatD3D (151)
[2018.09.04-22.33.57:233][832]LogModuleManager: Shutting down and abandoning module MetalShaderFormat (149)
[2018.09.04-22.33.57:233][832]LogModuleManager: Shutting down and abandoning module TextureFormatUncompressed (147)
[2018.09.04-22.33.57:233][832]LogModuleManager: Shutting down and abandoning module TextureFormatPVR (145)
[2018.09.04-22.33.57:233][832]LogModuleManager: Shutting down and abandoning module TextureFormatDXT (143)
[2018.09.04-22.33.57:233][832]LogModuleManager: Shutting down and abandoning module TextureFormatIntelISPCTexComp (141)
[2018.09.04-22.33.57:233][832]LogModuleManager: Shutting down and abandoning module TextureFormatASTC (139)
[2018.09.04-22.33.57:233][832]LogModuleManager: Shutting down and abandoning module ImageWrapper (138)
[2018.09.04-22.33.57:233][832]LogModuleManager: Shutting down and abandoning module TextureFormatAndroid (135)
[2018.09.04-22.33.57:233][832]LogModuleManager: Shutting down and abandoning module AudioFormatOpus (133)
[2018.09.04-22.33.57:233][832]LogModuleManager: Shutting down and abandoning module AudioFormatOgg (131)
[2018.09.04-22.33.57:233][832]LogModuleManager: Shutting down and abandoning module AudioFormatADPCM (129)
[2018.09.04-22.33.57:233][832]LogModuleManager: Shutting down and abandoning module LuminTargetPlatform (127)
[2018.09.04-22.33.57:233][832]LogModuleManager: Shutting down and abandoning module LinuxTargetPlatform (125)
[2018.09.04-22.33.57:233][832]LogModuleManager: Shutting down and abandoning module LinuxServerTargetPlatform (123)
[2018.09.04-22.33.57:233][832]LogModuleManager: Shutting down and abandoning module LinuxNoEditorTargetPlatform (121)
[2018.09.04-22.33.57:233][832]LogModuleManager: Shutting down and abandoning module LinuxClientTargetPlatform (119)
[2018.09.04-22.33.57:234][832]LogModuleManager: Shutting down and abandoning module TVOSTargetPlatform (117)
[2018.09.04-22.33.57:234][832]LogModuleManager: Shutting down and abandoning module Messaging (115)
[2018.09.04-22.33.57:234][832]LogModuleManager: Shutting down and abandoning module IOSTargetPlatform (113)
[2018.09.04-22.33.57:235][832]LogModuleManager: Shutting down and abandoning module HTML5TargetPlatform (111)
[2018.09.04-22.33.57:235][832]LogModuleManager: Shutting down and abandoning module AndroidTargetPlatform (109)
[2018.09.04-22.33.57:239][832]LogModuleManager: Shutting down and abandoning module WindowsTargetPlatform (107)
[2018.09.04-22.33.57:239][832]LogModuleManager: Shutting down and abandoning module WindowsServerTargetPlatform (105)
[2018.09.04-22.33.57:239][832]LogModuleManager: Shutting down and abandoning module WindowsNoEditorTargetPlatform (103)
[2018.09.04-22.33.57:239][832]LogModuleManager: Shutting down and abandoning module WindowsClientTargetPlatform (101)
[2018.09.04-22.33.57:239][832]LogModuleManager: Shutting down and abandoning module MacTargetPlatform (99)
[2018.09.04-22.33.57:239][832]LogModuleManager: Shutting down and abandoning module MacServerTargetPlatform (97)
[2018.09.04-22.33.57:239][832]LogModuleManager: Shutting down and abandoning module MacNoEditorTargetPlatform (95)
[2018.09.04-22.33.57:239][832]LogModuleManager: Shutting down and abandoning module MacClientTargetPlatform (93)
[2018.09.04-22.33.57:239][832]LogModuleManager: Shutting down and abandoning module AllDesktopTargetPlatform (91)
[2018.09.04-22.33.57:239][832]LogModuleManager: Shutting down and abandoning module InputCore (88)
[2018.09.04-22.33.57:239][832]LogModuleManager: Shutting down and abandoning module Settings (86)
[2018.09.04-22.33.57:239][832]LogModuleManager: Shutting down and abandoning module PhysXCooking (84)
[2018.09.04-22.33.57:239][832]LogModuleManager: Shutting down and abandoning module SteamVR (82)
[2018.09.04-22.33.57:239][832]LogModuleManager: Shutting down and abandoning module OculusHMD (80)
[2018.09.04-22.33.57:239][832]LogModuleManager: Shutting down and abandoning module ExampleDeviceProfileSelector (78)
[2018.09.04-22.33.57:239][832]LogModuleManager: Shutting down and abandoning module LauncherChunkInstaller (76)
[2018.09.04-22.33.57:239][832]LogModuleManager: Shutting down and abandoning module OnlineBlueprintSupport (74)
[2018.09.04-22.33.57:239][832]LogModuleManager: Shutting down and abandoning module OnlineSubsystem (70)
[2018.09.04-22.33.57:240][832]LogModuleManager: Shutting down and abandoning module XMPP (65)
[2018.09.04-22.33.57:240][832]LogModuleManager: Shutting down and abandoning module WebSockets (64)
[2018.09.04-22.33.57:254][832]LogModuleManager: Shutting down and abandoning module HTTP (61)
[2018.09.04-22.33.57:254][832]LogHttp: Display: Http module shutting down, but needs to wait on 1 outstanding Http requests:
[2018.09.04-22.33.57:254][832]LogHttp: Display: 	verb=[POST] url=[https://datarouter.ol.epicgames.com/datarouter/api/v1/public/data?SessionID=%7B14F6793A-4145-9C7E-559A-51B3FFB5FC7A%7D&AppID=UEEditor.Rocket.Release&AppVersion=4.20.2-4302132%2B%2B%2BUE4%2BRelease-4.20&UserID=f1fe1f8d45bb9a808b8683aeaa0fd0d4%7C76b7a3a2dd734b67a5571c9c656de3d6%7C08b8dd05-8120-45b6-ad6f-9711b9fa6ea1&AppEnvironment=datacollector-binary&UploadType=eteventstream] status=Processing
[2018.09.04-22.33.57:279][832]LogModuleManager: Shutting down and abandoning module SSL (60)
[2018.09.04-22.33.57:279][832]LogModuleManager: Shutting down and abandoning module MagicLeapEmulator (56)
[2018.09.04-22.33.57:279][832]LogModuleManager: Shutting down and abandoning module MagicLeapPrivileges (54)
[2018.09.04-22.33.57:279][832]LogModuleManager: Shutting down and abandoning module MagicLeapIdentity (52)
[2018.09.04-22.33.57:279][832]LogModuleManager: Shutting down and abandoning module MagicLeapHelperVulkan (50)
[2018.09.04-22.33.57:279][832]LogModuleManager: Shutting down and abandoning module MagicLeapHelperOpenGL (48)
[2018.09.04-22.33.57:279][832]LogModuleManager: Shutting down and abandoning module MagicLeapSecureStorage (46)
[2018.09.04-22.33.57:280][832]LogModuleManager: Shutting down and abandoning module MagicLeapGestures (44)
[2018.09.04-22.33.57:280][832]LogModuleManager: Shutting down and abandoning module MagicLeapEyeTracker (42)
[2018.09.04-22.33.57:280][832]LogModuleManager: Shutting down and abandoning module MagicLeapController (40)
[2018.09.04-22.33.57:280][832]LogSlate: Slate User Destroyed.  User Index 0, Is Virtual User: 0
[2018.09.04-22.33.57:280][832]LogModuleManager: Shutting down and abandoning module MagicLeap (38)
[2018.09.04-22.33.57:280][832]LogModuleManager: Shutting down and abandoning module AnimationModifiers (36)
[2018.09.04-22.33.57:280][832]LogModuleManager: Shutting down and abandoning module PropertyEditor (35)
[2018.09.04-22.33.57:280][832]LogModuleManager: Shutting down and abandoning module AudioEditor (32)
[2018.09.04-22.33.57:280][832]LogModuleManager: Shutting down and abandoning module TextureCompressor (30)
[2018.09.04-22.33.57:280][832]LogModuleManager: Shutting down and abandoning module ShaderCore (28)
[2018.09.04-22.33.57:280][832]LogModuleManager: Shutting down and abandoning module Landscape (26)
[2018.09.04-22.33.57:280][832]LogModuleManager: Shutting down and abandoning module SlateRHIRenderer (24)
[2018.09.04-22.33.57:280][832]LogModuleManager: Shutting down and abandoning module OpenGLDrv (22)
[2018.09.04-22.33.57:280][832]LogModuleManager: Shutting down and abandoning module D3D11RHI (20)
[2018.09.04-22.33.57:280][832]LogModuleManager: Shutting down and abandoning module AnimGraphRuntime (18)
[2018.09.04-22.33.57:280][832]LogModuleManager: Shutting down and abandoning module Renderer (16)
[2018.09.04-22.33.57:280][832]LogModuleManager: Shutting down and abandoning module Engine (14)
[2018.09.04-22.33.57:280][832]LogModuleManager: Shutting down and abandoning module CoreUObject (12)
[2018.09.04-22.33.57:280][832]LogModuleManager: Shutting down and abandoning module NetworkFile (10)
[2018.09.04-22.33.57:280][832]LogModuleManager: Shutting down and abandoning module CookedIterativeFile (8)
[2018.09.04-22.33.57:280][832]LogModuleManager: Shutting down and abandoning module StreamingFile (6)
[2018.09.04-22.33.57:280][832]LogModuleManager: Shutting down and abandoning module SandboxFile (4)
[2018.09.04-22.33.57:280][832]LogModuleManager: Shutting down and abandoning module PakFile (2)
[2018.09.04-22.33.57:284][832]LogExit: Exiting.
[2018.09.04-22.33.57:300][832]Log file closed, 09/05/18 10:33:57
