Log file open, 09/05/18 09:24:43
LogWindows: Failed to load 'aqProf.dll' (GetLastError=126)
LogWindows: File 'aqProf.dll' does not exist
LogWindows: Failed to load 'VSPerf140.dll' (GetLastError=126)
LogWindows: File 'VSPerf140.dll' does not exist
LogWindows: Failed to load 'VtuneApi.dll' (GetLastError=126)
LogWindows: File 'VtuneApi.dll' does not exist
LogWindows: Failed to load 'VtuneApi32e.dll' (GetLastError=126)
LogWindows: File 'VtuneApi32e.dll' does not exist
LogInit: Display: Running engine for game: GrabCharacter
LogPlatformFile: Not using cached read wrapper
LogTaskGraph: Started task graph with 5 named threads and 23 total threads with 3 sets of task threads.
LogStats: Stats thread started at 0.272471
LogD3D11RHI: Loaded GFSDK_Aftermath_Lib.x64.dll
LogICUInternationalization: Display: ICU TimeZone Detection - Raw Offset: +12:00, Platform Override: ''
LogPluginManager: Mounting plugin Paper2D
LogPluginManager: Mounting plugin AISupport
LogPluginManager: Mounting plugin LightPropagationVolume
LogPluginManager: Mounting plugin CLionSourceCodeAccess
LogPluginManager: Mounting plugin CodeLiteSourceCodeAccess
LogPluginManager: Mounting plugin GitSourceControl
LogPluginManager: Mounting plugin KDevelopSourceCodeAccess
LogPluginManager: Mounting plugin NullSourceCodeAccess
LogPluginManager: Mounting plugin PerforceSourceControl
LogPluginManager: Mounting plugin SubversionSourceControl
LogPluginManager: Mounting plugin UObjectPlugin
LogPluginManager: Mounting plugin VisualStudioCodeSourceCodeAccess
LogPluginManager: Mounting plugin VisualStudioSourceCodeAccess
LogPluginManager: Mounting plugin XCodeSourceCodeAccess
LogPluginManager: Mounting plugin AssetManagerEditor
LogPluginManager: Mounting plugin CryptoKeys
LogPluginManager: Mounting plugin DataValidation
LogPluginManager: Mounting plugin FacialAnimation
LogPluginManager: Mounting plugin GameplayTagsEditor
LogPluginManager: Mounting plugin MacGraphicsSwitching
LogPluginManager: Mounting plugin MeshEditor
LogPluginManager: Mounting plugin MobileLauncherProfileWizard
LogPluginManager: Mounting plugin PluginBrowser
LogPluginManager: Mounting plugin SpeedTreeImporter
LogPluginManager: Mounting plugin DatasmithContent
LogPluginManager: Mounting plugin AlembicImporter
LogPluginManager: Mounting plugin AppleImageUtils
LogPluginManager: Mounting plugin AppleVision
LogPluginManager: Mounting plugin BackChannel
LogPluginManager: Mounting plugin CharacterAI
LogPluginManager: Mounting plugin GeometryCache
LogPluginManager: Mounting plugin HTML5Networking
LogPluginManager: Mounting plugin ProxyLODPlugin
LogPluginManager: Mounting plugin MagicLeap
LogPluginManager: Mounting plugin MagicLeapEmulator
LogPluginManager: Mounting plugin MagicLeapMedia
LogPluginManager: Mounting plugin AndroidMedia
LogPluginManager: Mounting plugin AvfMedia
LogPluginManager: Mounting plugin ImgMedia
LogPluginManager: Mounting plugin LinearTimecode
LogPluginManager: Mounting plugin MediaCompositing
LogPluginManager: Mounting plugin MediaPlayerEditor
LogPluginManager: Mounting plugin WmfMedia
LogPluginManager: Mounting plugin TcpMessaging
LogPluginManager: Mounting plugin UdpMessaging
LogPluginManager: Mounting plugin ActorSequence
LogPluginManager: Mounting plugin LevelSequenceEditor
LogPluginManager: Mounting plugin MatineeToLevelSequence
LogPluginManager: Mounting plugin NetcodeUnitTest
LogPluginManager: Mounting plugin NUTUnrealEngine4
LogPluginManager: Mounting plugin OnlineSubsystemGooglePlay
LogPluginManager: Mounting plugin OnlineSubsystemIOS
LogPluginManager: Mounting plugin OnlineSubsystem
LogPluginManager: Mounting plugin OnlineSubsystemNull
LogPluginManager: Mounting plugin OnlineSubsystemUtils
LogPluginManager: Mounting plugin LauncherChunkInstaller
LogPluginManager: Mounting plugin AndroidDeviceProfileSelector
LogPluginManager: Mounting plugin AndroidMoviePlayer
LogPluginManager: Mounting plugin AndroidPermission
LogPluginManager: Mounting plugin AppleMoviePlayer
LogPluginManager: Mounting plugin ArchVisCharacter
LogPluginManager: Mounting plugin AudioCapture
LogPluginManager: Mounting plugin CableComponent
LogPluginManager: Mounting plugin CustomMeshComponent
LogPluginManager: Mounting plugin EditableMesh
LogPluginManager: Mounting plugin ExampleDeviceProfileSelector
LogPluginManager: Mounting plugin GoogleCloudMessaging
LogPluginManager: Mounting plugin ImmediatePhysics
LogPluginManager: Mounting plugin IOSDeviceProfileSelector
LogPluginManager: Mounting plugin LinuxDeviceProfileSelector
LogPluginManager: Mounting plugin LocationServicesBPLibrary
LogPluginManager: Mounting plugin MobilePatchingUtils
LogPluginManager: Mounting plugin OculusVR
LogPluginManager: Plugin shader directory ../../../Engine/Plugins/Runtime/Oculus/OculusVR/Shaders found
LogPluginManager: Mapping shader source directory ../../../Engine/Plugins/Runtime/Oculus/OculusVR/Shaders to virtual directory /Plugin/OculusVR
LogPluginManager: Mounting plugin PhysXVehicles
LogPluginManager: Mounting plugin ProceduralMeshComponent
LogPluginManager: Mounting plugin RuntimePhysXCooking
LogPluginManager: Mounting plugin SteamVR
LogPluginManager: Mounting plugin WindowsMoviePlayer
LogStreaming: Display: Took  1.378s to configure plugins.
LogInit: Using libcurl 7.55.1-DEV
LogInit:  - built for x86_64-pc-win32
LogInit:  - supports SSL with OpenSSL/1.0.2h
LogInit:  - supports HTTP deflate (compression) using libz 1.2.8
LogInit:  - other features:
LogInit:      CURL_VERSION_SSL
LogInit:      CURL_VERSION_LIBZ
LogInit:      CURL_VERSION_IPV6
LogInit:      CURL_VERSION_ASYNCHDNS
LogInit:      CURL_VERSION_LARGEFILE
LogInit:      CURL_VERSION_IDN
LogInit:  CurlRequestOptions (configurable via config and command line):
LogInit:  - bVerifyPeer = false  - Libcurl will NOT verify peer certificate
LogInit:  - bUseHttpProxy = false  - Libcurl will NOT use HTTP proxy
LogInit:  - bDontReuseConnections = false  - Libcurl will reuse connections
LogInit:  - CertBundlePath = nullptr  - Libcurl will use whatever was configured at build time.
LogInit:  - MaxHostConnections = 16  - Libcurl will limit the number of connections to a host
LogInit:  - LocalHostAddr = Default
LogInit:  - BufferSize = 65536
LogInit: WinSock: version 1.1 (2.2), MaxSocks=32767, MaxUdp=65467
LogHMD: Failed initializing OVRPlugin 1.25.0
LogInit: Build: ++UE4+Release-4.20-CL-4302132
LogInit: Engine Version: 4.20.2-4302132+++UE4+Release-4.20
LogInit: Compatible Engine Version: 4.20.0-4212847+++UE4+Release-4.20
LogInit: Net CL: 4212847
LogInit: OS: Windows 10 (), CPU: Intel(R) Core(TM) i7-7700 CPU @ 3.60GHz, GPU: NVIDIA GeForce GTX 1080
LogInit: Compiled (64-bit): Aug 21 2018 02:06:06
LogInit: Compiled with Visual C++: 19.13.26129.00
LogInit: Build Configuration: Development
LogInit: Branch Name: ++UE4+Release-4.20
LogInit: Command Line: -EpicPortal 
LogInit: Base Directory: C:/apps/UE_4.20/Engine/Binaries/Win64/
LogInit: Installed Engine Build: 1
LogDevObjectVersion: Number of dev versions registered: 20
LogDevObjectVersion:   Dev-Blueprints (B0D832E4-1F89-4F0D-ACCF-7EB736FD4AA2): 10
LogDevObjectVersion:   Dev-Build (E1C64328-A22C-4D53-A36C-8E866417BD8C): 0
LogDevObjectVersion:   Dev-Core (375EC13C-06E4-48FB-B500-84F0262A717E): 2
LogDevObjectVersion:   Dev-Editor (E4B068ED-F494-42E9-A231-DA0B2E46BB41): 24
LogDevObjectVersion:   Dev-Framework (CFFC743F-43B0-4480-9391-14DF171D2073): 34
LogDevObjectVersion:   Dev-Mobile (B02B49B5-BB20-44E9-A304-32B752E40360): 2
LogDevObjectVersion:   Dev-Networking (A4E4105C-59A1-49B5-A7C5-40C4547EDFEE): 0
LogDevObjectVersion:   Dev-Online (39C831C9-5AE6-47DC-9A44-9C173E1C8E7C): 0
LogDevObjectVersion:   Dev-Physics (78F01B33-EBEA-4F98-B9B4-84EACCB95AA2): 0
LogDevObjectVersion:   Dev-Platform (6631380F-2D4D-43E0-8009-CF276956A95A): 0
LogDevObjectVersion:   Dev-Rendering (12F88B9F-8875-4AFC-A67C-D90C383ABD29): 26
LogDevObjectVersion:   Dev-Sequencer (7B5AE74C-D270-4C10-A958-57980B212A5A): 9
LogDevObjectVersion:   Dev-VR (D7296918-1DD6-4BDD-9DE2-64A83CC13884): 2
LogDevObjectVersion:   Dev-LoadTimes (C2A15278-BFE7-4AFE-6C17-90FF531DF755): 1
LogDevObjectVersion:   Private-Geometry (6EACA3D4-40EC-4CC1-B786-8BED09428FC5): 3
LogDevObjectVersion:   Dev-AnimPhys (29E575DD-E0A3-4627-9D10-D276232CDCEA): 17
LogDevObjectVersion:   Dev-ReflectionCapture (6B266CEC-1EC7-4B8F-A30B-E4D90942FC07): 1
LogDevObjectVersion:   Dev-Automation (0DF73D61-A23F-47EA-B727-89E90C41499A): 1
LogDevObjectVersion:   FortniteMain (601D1886-AC64-4F84-AA16-D3DE0DEAC7D6): 12
LogDevObjectVersion:   Dev-Enterprise (9DFFBCD6-494F-0158-E221-12823C92A888): 1
LogStreaming: Display: Took  0.010s to delete old logs.
LogInit: Presizing for max 8388607 objects, including 0 objects not considered by GC, pre-allocating 0 bytes for permanent pool.
LogInit: Object subsystem initialized
[2018.09.04-21.24.44:569][  0]LogInit: Selected Device Profile: [Windows]
[2018.09.04-21.24.44:569][  0]LogInit: Applying CVar settings loaded from the selected device profile: [Windows]
[2018.09.04-21.24.44:614][  0]LogHAL: Display: Platform has ~ 32 GB [34317541376 / 34359738368 / 32], which maps to Largest [LargestMinGB=32, LargerMinGB=12, DefaultMinGB=8, SmallerMinGB=6, SmallestMinGB=0)
[2018.09.04-21.24.44:614][  0]LogInit: Setting Device Profile CVar: [[r.Vulkan.UseRealUBs:1]]
[2018.09.04-21.24.44:614][  0]LogInit: Going up to parent DeviceProfile []
[2018.09.04-21.24.44:615][  0]LogInit: Computer: 1805C027
[2018.09.04-21.24.44:615][  0]LogInit: User: EthanHop7668
[2018.09.04-21.24.44:615][  0]LogInit: CPU Page size=4096, Cores=4
[2018.09.04-21.24.44:615][  0]LogInit: High frequency timer resolution =3.515626 MHz
[2018.09.04-21.24.44:615][  0]LogMemory: Memory total: Physical=32.0GB (32GB approx)
[2018.09.04-21.24.44:615][  0]LogMemory: Platform Memory Stats for Windows
[2018.09.04-21.24.44:615][  0]LogMemory: Process Physical Memory: 101.98 MB used, 101.98 MB peak
[2018.09.04-21.24.44:615][  0]LogMemory: Process Virtual Memory: 93.78 MB used, 93.78 MB peak
[2018.09.04-21.24.44:615][  0]LogMemory: Physical Memory: 11402.58 MB used,  21325.18 MB free, 32727.76 MB total
[2018.09.04-21.24.44:615][  0]LogMemory: Virtual Memory: 552.51 MB used,  21325.18 MB free, 134217728.00 MB total
[2018.09.04-21.24.44:638][  0]LogInit: Using OS detected language (en-US).
[2018.09.04-21.24.44:638][  0]LogInit: Using OS detected locale (en-US).
[2018.09.04-21.24.44:639][  0]LogTextLocalizationManager: No specific localization for 'en-US' exists, so the 'en' localization will be used.
[2018.09.04-21.24.44:924][  0]LogStreaming: Display: Took  0.287s to InitEngineTextLocalization.
[2018.09.04-21.24.44:925][  0]LogInit: Setting process to per monitor DPI aware
[2018.09.04-21.24.44:949][  0]LogSlate: New Slate User Created.  User Index 0, Is Virtual User: 0
[2018.09.04-21.24.44:949][  0]LogSlate: Slate User Registered.  User Index 0, Is Virtual User: 0
[2018.09.04-21.24.45:132][  0]LogHMD: Failed to initialize OpenVR with code 110
[2018.09.04-21.24.45:132][  0]LogD3D11RHI: D3D11 adapters:
[2018.09.04-21.24.45:168][  0]LogD3D11RHI:    0. 'NVIDIA GeForce GTX 1080' (Feature Level 11_0)
[2018.09.04-21.24.45:168][  0]LogD3D11RHI:       8086/0/16363 MB DedicatedVideo/DedicatedSystem/SharedSystem, Outputs:2, VendorId:0x10de
[2018.09.04-21.24.45:172][  0]LogD3D11RHI:    1. 'Microsoft Basic Render Driver' (Feature Level 11_0)
[2018.09.04-21.24.45:172][  0]LogD3D11RHI:       0/0/16363 MB DedicatedVideo/DedicatedSystem/SharedSystem, Outputs:0, VendorId:0x1414
[2018.09.04-21.24.45:172][  0]LogD3D11RHI: Chosen D3D11 Adapter: 0
[2018.09.04-21.24.45:178][  0]LogD3D11RHI: Creating new Direct3DDevice
[2018.09.04-21.24.45:178][  0]LogD3D11RHI:     GPU DeviceId: 0x1b80 (for the marketing name, search the web for "GPU Device Id")
[2018.09.04-21.24.45:178][  0]LogWindows: EnumDisplayDevices:
[2018.09.04-21.24.45:178][  0]LogWindows:    0. 'NVIDIA GeForce GTX 1080' (P:1 D:1)
[2018.09.04-21.24.45:178][  0]LogWindows:    1. 'NVIDIA GeForce GTX 1080' (P:0 D:1)
[2018.09.04-21.24.45:178][  0]LogWindows:    2. 'NVIDIA GeForce GTX 1080' (P:0 D:0)
[2018.09.04-21.24.45:178][  0]LogWindows:    3. 'NVIDIA GeForce GTX 1080' (P:0 D:0)
[2018.09.04-21.24.45:178][  0]LogWindows:    4. 'Mirage Driver' (P:0 D:0)
[2018.09.04-21.24.45:178][  0]LogWindows: DebugString: GetVideoDriverDetailsInvalid PrimaryIsNotTheChoosenAdapter FoundDriverCount:4 
[2018.09.04-21.24.45:178][  0]LogD3D11RHI:     Adapter Name: NVIDIA GeForce GTX 1080
[2018.09.04-21.24.45:178][  0]LogD3D11RHI:   Driver Version: 388.13 (internal:23.21.13.8813, unified:388.13)
[2018.09.04-21.24.45:178][  0]LogD3D11RHI:      Driver Date: 10-27-2017
[2018.09.04-21.24.45:178][  0]LogRHI: Texture pool is 5660 MB (70% of 8086 MB)
[2018.09.04-21.24.45:202][  0]LogD3D11RHI: Async texture creation enabled
[2018.09.04-21.24.45:213][  0]LogD3D11RHI: GPU Timing Frequency: 1000.000000 (Debug: 2 1)
[2018.09.04-21.24.45:298][  0]LogShaderCompilers: Guid format shader working directory is -4 characters bigger than the processId version (H:/Year 2/Semester 2/Rapid Games Prototyping/GrabCharacter/Intermediate/Shaders/WorkingDirectory/5952/).
[2018.09.04-21.24.45:299][  0]LogShaderCompilers: Cleaned the shader compiler working directory 'D:/Users/Ethan.Hop7668/AppData/Local/Temp/UnrealShaderWorkingDir/DCFF26DD4F96BDEAE4F894941FBADA10/'.
[2018.09.04-21.24.45:515][  0]LogTemp: Display: Loaded TP AllDesktopTargetPlatform
[2018.09.04-21.24.45:532][  0]LogTemp: Display: Loaded TP MacClientTargetPlatform
[2018.09.04-21.24.45:548][  0]LogTemp: Display: Loaded TP MacNoEditorTargetPlatform
[2018.09.04-21.24.45:565][  0]LogTemp: Display: Loaded TP MacServerTargetPlatform
[2018.09.04-21.24.45:582][  0]LogTemp: Display: Loaded TP MacTargetPlatform
[2018.09.04-21.24.45:600][  0]LogTemp: Display: Loaded TP WindowsClientTargetPlatform
[2018.09.04-21.24.45:617][  0]LogTemp: Display: Loaded TP WindowsNoEditorTargetPlatform
[2018.09.04-21.24.45:633][  0]LogTemp: Display: Loaded TP WindowsServerTargetPlatform
[2018.09.04-21.24.45:640][  0]LogTemp: Display: Loaded TP WindowsTargetPlatform
[2018.09.04-21.24.45:737][  0]LogTemp: Display: Loaded TP AndroidTargetPlatform
[2018.09.04-21.24.45:737][  0]LogTemp: Display: Loaded TP AndroidTargetPlatform
[2018.09.04-21.24.45:737][  0]LogTemp: Display: Loaded TP AndroidTargetPlatform
[2018.09.04-21.24.45:737][  0]LogTemp: Display: Loaded TP AndroidTargetPlatform
[2018.09.04-21.24.45:737][  0]LogTemp: Display: Loaded TP AndroidTargetPlatform
[2018.09.04-21.24.45:737][  0]LogTemp: Display: Loaded TP AndroidTargetPlatform
[2018.09.04-21.24.45:737][  0]LogTemp: Display: Loaded TP AndroidTargetPlatform
[2018.09.04-21.24.45:737][  0]LogTemp: Display: Loaded TP AndroidTargetPlatform
[2018.09.04-21.24.45:737][  0]LogTemp: Display: Loaded TP AndroidTargetPlatform
[2018.09.04-21.24.45:737][  0]LogTemp: Display: Loaded TP AndroidTargetPlatform
[2018.09.04-21.24.45:737][  0]LogTemp: Display: Loaded TP AndroidTargetPlatform
[2018.09.04-21.24.45:737][  0]LogTemp: Display: Loaded TP AndroidTargetPlatform
[2018.09.04-21.24.45:737][  0]LogTemp: Display: Loaded TP AndroidTargetPlatform
[2018.09.04-21.24.45:737][  0]LogTemp: Display: Loaded TP AndroidTargetPlatform
[2018.09.04-21.24.45:737][  0]LogTemp: Display: Loaded TP AndroidTargetPlatform
[2018.09.04-21.24.45:737][  0]LogTemp: Display: Loaded TP AndroidTargetPlatform
[2018.09.04-21.24.45:737][  0]LogTemp: Display: Loaded TP AndroidTargetPlatform
[2018.09.04-21.24.45:737][  0]LogTemp: Display: Loaded TP AndroidTargetPlatform
[2018.09.04-21.24.45:739][  0]LogTemp: Display: Loaded TP HTML5TargetPlatform
[2018.09.04-21.24.45:807][  0]LogTemp: Display: Loaded TP IOSTargetPlatform
[2018.09.04-21.24.45:807][  0]LogTemp: Display: Loaded TP IOSTargetPlatform
[2018.09.04-21.24.45:843][  0]LogTemp: Display: Loaded TP TVOSTargetPlatform
[2018.09.04-21.24.45:843][  0]LogTemp: Display: Loaded TP TVOSTargetPlatform
[2018.09.04-21.24.45:862][  0]LogTemp: Display: Loaded TP LinuxClientTargetPlatform
[2018.09.04-21.24.45:880][  0]LogTemp: Display: Loaded TP LinuxNoEditorTargetPlatform
[2018.09.04-21.24.45:897][  0]LogTemp: Display: Loaded TP LinuxServerTargetPlatform
[2018.09.04-21.24.45:917][  0]LogTemp: Display: Loaded TP LinuxTargetPlatform
[2018.09.04-21.24.45:931][  0]LogTemp: Display: Loaded TP LuminTargetPlatform
[2018.09.04-21.24.45:931][  0]LogTargetPlatformManager: Display: Building Assets For Windows
[2018.09.04-21.24.45:993][  0]LogXGEController: Cannot use XGE Controller as Incredibuild is not installed on this machine.
[2018.09.04-21.24.45:993][  0]LogShaderCompilers: Cannot use XGE Shader Compiler as Incredibuild is not installed on this machine.
[2018.09.04-21.24.45:993][  0]LogShaderCompilers: Display: Using Local Shader Compiler.
[2018.09.04-21.24.46:708][  0]LogDerivedDataCache: Display: Max Cache Size: 512 MB
[2018.09.04-21.24.46:753][  0]LogDerivedDataCache: Loaded boot cache 0.04s 71MB D:/Users/Ethan.Hop7668/AppData/Local/UnrealEngine/4.20/DerivedDataCache/Boot.ddc.
[2018.09.04-21.24.46:753][  0]LogDerivedDataCache: Display: Loaded Boot cache: D:/Users/Ethan.Hop7668/AppData/Local/UnrealEngine/4.20/DerivedDataCache/Boot.ddc
[2018.09.04-21.24.46:754][  0]LogDerivedDataCache: FDerivedDataBackendGraph:  Pak pak cache file H:/Year 2/Semester 2/Rapid Games Prototyping/GrabCharacter/DerivedDataCache/DDC.ddp not found, will not use a pak cache.
[2018.09.04-21.24.46:754][  0]LogDerivedDataCache: Unable to find inner node Pak for hierarchical cache Hierarchy.
[2018.09.04-21.24.46:755][  0]LogDerivedDataCache: FDerivedDataBackendGraph:  CompressedPak pak cache file H:/Year 2/Semester 2/Rapid Games Prototyping/GrabCharacter/DerivedDataCache/Compressed.ddp not found, will not use a pak cache.
[2018.09.04-21.24.46:755][  0]LogDerivedDataCache: Unable to find inner node CompressedPak for hierarchical cache Hierarchy.
[2018.09.04-21.24.46:767][  0]LogDerivedDataCache: Display: Pak cache opened for reading ../../../Engine/DerivedDataCache/Compressed.ddp.
[2018.09.04-21.24.46:778][  0]LogDerivedDataCache: Using Local data cache path D:/Users/Ethan.Hop7668/AppData/Local/UnrealEngine/Common/DerivedDataCache: Writable
[2018.09.04-21.24.46:778][  0]LogDerivedDataCache: Shared data cache path not found in *engine.ini, will not use an Shared cache.
[2018.09.04-21.24.46:778][  0]LogDerivedDataCache: Unable to find inner node Shared for hierarchical cache Hierarchy.
[2018.09.04-21.24.46:793][  0]LogMaterial: Verifying Global Shaders for PCD3D_SM5
[2018.09.04-21.24.46:795][  0]LogSlate: Using FreeType 2.6.0
[2018.09.04-21.24.46:795][  0]LogSlate: SlateFontServices - WITH_FREETYPE: 1, WITH_HARFBUZZ: 1
[2018.09.04-21.24.46:868][  0]LogAssetRegistry: FAssetRegistry took 0.0271 seconds to start up
[2018.09.04-21.24.47:306][  0]LogInit: Selected Device Profile: [Windows]
[2018.09.04-21.24.47:435][  0]LogSimplygon: Simplygon DLL not present - disabling.
[2018.09.04-21.24.47:439][  0]LogMeshReduction: Using SimplygonSwarm for distributed automatic mesh merging
[2018.09.04-21.24.47:439][  0]LogMeshReduction: Using ProxyLODMeshReduction for automatic mesh merging
[2018.09.04-21.24.47:439][  0]LogMeshReduction: Using QuadricMeshReduction for automatic static mesh reduction
[2018.09.04-21.24.47:439][  0]LogMeshReduction: No automatic skeletal mesh reduction module available
[2018.09.04-21.24.47:455][  0]LogNetVersion: GrabCharacter 1.0.0, NetCL: 4212847, EngineNetVer: 5, GameNetVer: 0 (Checksum: 1405580293)
[2018.09.04-21.24.48:636][  0]LogPackageLocalizationCache: Processed 11 localized package path(s) for 2 prioritized culture(s) in 0.640642 seconds
[2018.09.04-21.24.48:642][  0]LogUObjectArray: 38425 objects as part of root set at end of initial load.
[2018.09.04-21.24.48:642][  0]LogUObjectAllocator: 6690864 out of 0 bytes used by permanent object pool.
[2018.09.04-21.24.48:642][  0]LogUObjectArray: CloseDisregardForGC: 0/0 objects in disregard for GC pool
[2018.09.04-21.24.49:751][  0]LogTcpMessaging: Initializing TcpMessaging bridge
[2018.09.04-21.24.49:765][  0]LogUdpMessaging: Initializing bridge on interface 0.0.0.0:0 to multicast group 230.0.0.1:6666.
[2018.09.04-21.24.49:765][  0]LogDirectoryWatcher: A directory notification failed for 'H:/Year 2/Semester 2/Rapid Games Prototyping/GrabCharacter/Content/' because it was empty or there was a buffer overflow. Attemping another request...
[2018.09.04-21.24.49:931][  0]SourceControl: Source control is disabled
[2018.09.04-21.24.49:932][  0]SourceControl: Source control is disabled
[2018.09.04-21.24.49:934][  0]SourceControl: Source control is disabled
[2018.09.04-21.24.49:935][  0]SourceControl: Source control is disabled
[2018.09.04-21.24.50:318][  0]LogAndroidPermission: UAndroidPermissionCallbackProxy::GetInstance
[2018.09.04-21.24.50:359][  0]LogOcInput: OculusInput pre-init called
[2018.09.04-21.24.50:414][  0]LogEngine: Initializing Engine...
[2018.09.04-21.24.50:415][  0]LogHMD: Failed to initialize OpenVR with code 110
[2018.09.04-21.24.50:417][  0]LogStats: UGameplayTagsManager::ConstructGameplayTagTree: ImportINI prefixes -  0.000 s
[2018.09.04-21.24.50:417][  0]LogStats: UGameplayTagsManager::ConstructGameplayTagTree: Construct from data asset -  0.000 s
[2018.09.04-21.24.50:418][  0]LogStats: UGameplayTagsManager::ConstructGameplayTagTree: ImportINI -  0.001 s
[2018.09.04-21.24.50:418][  0]LogStats: UGameplayTagsManager::ConstructGameplayTagTree: GameplayTagTreeChangedEvent.Broadcast -  0.000 s
[2018.09.04-21.24.50:596][  0]LogInit: Initializing FReadOnlyCVARCache
[2018.09.04-21.24.50:608][  0]LogAIModule: Creating AISystem for world Untitled
[2018.09.04-21.24.50:647][  0]LogInit: XAudio2 using 'Headphones (High Definition Audio Device)' : 2 channels at 48 kHz using 16 bits per sample (channel mask 0x3)
[2018.09.04-21.24.50:654][  0]LogInit: FAudioDevice initialized.
[2018.09.04-21.24.50:655][  0]LogNetVersion: Set ProjectVersion to 1.0.0.0. Version Checksum will be recalculated on next use.
[2018.09.04-21.24.50:773][  0]LogDerivedDataCache: Saved boot cache 0.12s 71MB D:/Users/Ethan.Hop7668/AppData/Local/UnrealEngine/4.20/DerivedDataCache/Boot.ddc.
[2018.09.04-21.24.50:780][  0]LogInit: Texture streaming: Enabled
[2018.09.04-21.24.50:794][  0]LogEngineSessionManager: EngineSessionManager initialized
[2018.09.04-21.24.50:804][  0]LogInit: Transaction tracking system initialized
[2018.09.04-21.24.50:828][  0]BlueprintLog: New page: Editor Load
[2018.09.04-21.24.50:919][  0]LocalizationService: Localization service is disabled
[2018.09.04-21.24.51:175][  0]LogCook: Display: Max memory allowance for cook 16384mb min free memory 0mb
[2018.09.04-21.24.51:175][  0]LogCook: Display: Mobile HDR setting 1
[2018.09.04-21.24.51:175][  0]LogGameplayTags: Display: UGameplayTagsManager::DoneAddingNativeTags. DelegateIsBound: 0
[2018.09.04-21.24.51:175][  0]LogStats: UGameplayTagsManager::ConstructGameplayTagTree: ImportINI prefixes -  0.000 s
[2018.09.04-21.24.51:175][  0]LogStats: UGameplayTagsManager::ConstructGameplayTagTree: Construct from data asset -  0.000 s
[2018.09.04-21.24.51:176][  0]LogStats: UGameplayTagsManager::ConstructGameplayTagTree: ImportINI -  0.001 s
[2018.09.04-21.24.51:176][  0]LogStats: UGameplayTagsManager::ConstructGameplayTagTree: GameplayTagTreeChangedEvent.Broadcast -  0.000 s
[2018.09.04-21.24.51:285][  0]LogFileCache: Scanning file cache for directory 'H:/Year 2/Semester 2/Rapid Games Prototyping/GrabCharacter/Content/' took 0.02s
[2018.09.04-21.24.51:285][  0]SourceControl: Source control is disabled
[2018.09.04-21.24.51:349][  0]LogWindowsTextInputMethodSystem: Display: IME system now deactivated.
[2018.09.04-21.24.51:349][  0]LogWindowsTextInputMethodSystem: Display: IME system now deactivated.
[2018.09.04-21.24.51:374][  0]LogSlate: Took 0.000308 seconds to synchronously load lazily loaded font '../../../Engine/Content/Slate/Fonts/Roboto-Regular.ttf' (155K)
[2018.09.04-21.25.07:535][  0]LogSlate: Window 'Restore Packages' being destroyed
[2018.09.04-21.25.07:536][  0]LogWindowsTextInputMethodSystem: Display: IME system now deactivated.
[2018.09.04-21.25.07:536][  0]LogWindowsTextInputMethodSystem: Display: IME system now deactivated.
[2018.09.04-21.25.07:553][  0]LogWindowsTextInputMethodSystem: Display: IME system now deactivated.
[2018.09.04-21.25.07:553][  0]LogWindowsTextInputMethodSystem: Display: IME system now deactivated.
[2018.09.04-21.25.10:649][  0]LogSlate: Window 'Unable to Check Out From Source Control!' being destroyed
[2018.09.04-21.25.10:649][  0]LogWindowsTextInputMethodSystem: Display: IME system now deactivated.
[2018.09.04-21.25.10:650][  0]LogWindowsTextInputMethodSystem: Display: IME system now deactivated.
[2018.09.04-21.25.10:719][  0]LogWindowsTextInputMethodSystem: Display: IME system now deactivated.
[2018.09.04-21.25.10:720][  0]LogWindowsTextInputMethodSystem: Display: IME system now deactivated.
[2018.09.04-21.25.10:720][  0]Cmd: MAP LOAD FILE="H:/Year 2/Semester 2/Rapid Games Prototyping/GrabCharacter/Content/Demo/Maps/DemoLevel.umap" TEMPLATE=0 SHOWPROGRESS=1 FEATURELEVEL=3
[2018.09.04-21.25.10:736][  0]LightingResults: New page: Lighting Build
[2018.09.04-21.25.10:739][  0]MapCheck: New page: Map Check
[2018.09.04-21.25.10:739][  0]LightingResults: New page: Lighting Build
[2018.09.04-21.25.11:402][  0]LogAIModule: Creating AISystem for world DemoLevel
[2018.09.04-21.25.11:407][  0]LogEditorServer: Finished looking for orphan Actors (0.000 secs)
[2018.09.04-21.25.11:431][  0]Cmd: MAP CHECKDEP NOCLEARLOG
[2018.09.04-21.25.11:540][  0]MapCheck: Map check complete: 0 Error(s), 0 Warning(s), took 108.462ms to complete.
[2018.09.04-21.25.11:540][  0]LogFileHelpers: Loading map 'DemoLevel' took 0.820
[2018.09.04-21.25.11:578][  0]LogSlate: Updating window title bar state: overlay mode, drag disabled, window buttons hidden, title bar hidden
[2018.09.04-21.25.11:584][  0]LogSlate: Updating window title bar state: overlay mode, drag disabled, window buttons hidden, title bar hidden
[2018.09.04-21.25.11:590][  0]LogSlate: Updating window title bar state: overlay mode, drag disabled, window buttons hidden, title bar hidden
[2018.09.04-21.25.11:596][  0]LogSlate: Updating window title bar state: overlay mode, drag disabled, window buttons hidden, title bar hidden
[2018.09.04-21.25.11:604][  0]LogCollectionManager: Loaded 0 collections in 0.003329 seconds
[2018.09.04-21.25.11:648][  0]LogFileCache: Scanning file cache for directory 'H:/Year 2/Semester 2/Rapid Games Prototyping/GrabCharacter/Saved/Collections/' took 0.01s
[2018.09.04-21.25.11:648][  0]LogFileCache: Scanning file cache for directory 'H:/Year 2/Semester 2/Rapid Games Prototyping/GrabCharacter/Content/Developers/EthanHop7668/Collections/' took 0.01s
[2018.09.04-21.25.11:648][  0]LogFileCache: Scanning file cache for directory 'H:/Year 2/Semester 2/Rapid Games Prototyping/GrabCharacter/Content/Collections/' took 0.01s
[2018.09.04-21.25.11:648][  0]LogCollectionManager: Rebuilt the GUID cache for 0 collections in 0.000000 seconds
[2018.09.04-21.25.11:656][  0]LogContentBrowser: Native class hierarchy populated in 0.0075 seconds. Added 2572 classes and 603 folders.
[2018.09.04-21.25.11:661][  0]LogContentBrowser: Native class hierarchy updated for 'WidgetCarousel' in 0.0003 seconds. Added 0 classes and 0 folders.
[2018.09.04-21.25.11:696][  0]LogContentBrowser: Native class hierarchy updated for 'AddContentDialog' in 0.0003 seconds. Added 0 classes and 0 folders.
[2018.09.04-21.25.11:701][  0]LogContentBrowser: Native class hierarchy updated for 'SceneOutliner' in 0.0003 seconds. Added 1 classes and 2 folders.
[2018.09.04-21.25.11:717][  0]LogSlate: Took 0.000191 seconds to synchronously load lazily loaded font '../../../Engine/Content/Slate/Fonts/Roboto-Bold.ttf' (160K)
[2018.09.04-21.25.11:722][  0]LogSlate: Took 0.000387 seconds to synchronously load lazily loaded font '../../../Engine/Content/Editor/Slate/Fonts/FontAwesome.ttf' (139K)
[2018.09.04-21.25.11:764][  0]LogRenderer: Reallocating scene render targets to support 1208x580 Format 10 NumSamples 1 (Frame:1).
[2018.09.04-21.25.11:853][  0]LogContentBrowser: Native class hierarchy updated for 'HierarchicalLODOutliner' in 0.0004 seconds. Added 0 classes and 0 folders.
[2018.09.04-21.25.11:853][  0]LogLoad: (Engine Initialization) Total time: 30.30 seconds
[2018.09.04-21.25.11:853][  0]LogLoad: (Engine Initialization) Total Blueprint compile time: 0.00 seconds
[2018.09.04-21.25.11:883][  0]LogAssetRegistry: Asset discovery search completed in 25.0373 seconds
[2018.09.04-21.25.11:885][  0]LogCollectionManager: Rebuilt the object cache for 0 collections in 0.000000 seconds (found 0 objects)
[2018.09.04-21.25.11:885][  0]LogCollectionManager: Fixed up redirectors for 0 collections in 0.000051 seconds (updated 0 objects)
[2018.09.04-21.25.11:886][  0]LogContentStreaming: Texture pool size now 1000 MB
[2018.09.04-21.25.11:919][  0]LogSlate: Took 0.000169 seconds to synchronously load lazily loaded font '../../../Engine/Content/Slate/Fonts/Roboto-Light.ttf' (167K)
[2018.09.04-21.25.11:955][  2]LogDirectoryWatcher: A directory notification failed for 'H:/Year 2/Semester 2/Rapid Games Prototyping/GrabCharacter/Content/' because it was empty or there was a buffer overflow. Attemping another request...
[2018.09.04-21.25.11:956][  2]LogDirectoryWatcher: A directory notification failed for 'H:/Year 2/Semester 2/Rapid Games Prototyping/GrabCharacter/Content/', and we were unable to create a new request.
[2018.09.04-21.25.11:956][  2]LogDirectoryWatcher: A directory notification failed for 'H:/Year 2/Semester 2/Rapid Games Prototyping/GrabCharacter/Saved/Collections/' because it was empty or there was a buffer overflow. Attemping another request...
[2018.09.04-21.25.11:956][  2]LogDirectoryWatcher: A directory notification failed for 'H:/Year 2/Semester 2/Rapid Games Prototyping/GrabCharacter/Content/Developers/EthanHop7668/Collections/' because it was empty or there was a buffer overflow. Attemping another request...
[2018.09.04-21.25.11:956][  2]LogDirectoryWatcher: A directory notification failed for 'H:/Year 2/Semester 2/Rapid Games Prototyping/GrabCharacter/Content/Collections/' because it was empty or there was a buffer overflow. Attemping another request...
[2018.09.04-21.25.11:969][  3]LogDirectoryWatcher: A directory notification failed for 'H:/Year 2/Semester 2/Rapid Games Prototyping/GrabCharacter/Saved/Collections/' because it was empty or there was a buffer overflow. Attemping another request...
[2018.09.04-21.25.11:969][  3]LogDirectoryWatcher: A directory notification failed for 'H:/Year 2/Semester 2/Rapid Games Prototyping/GrabCharacter/Saved/Collections/', and we were unable to create a new request.
[2018.09.04-21.25.11:969][  3]LogDirectoryWatcher: A directory notification failed for 'H:/Year 2/Semester 2/Rapid Games Prototyping/GrabCharacter/Content/Developers/EthanHop7668/Collections/' because it was empty or there was a buffer overflow. Attemping another request...
[2018.09.04-21.25.11:970][  3]LogDirectoryWatcher: A directory notification failed for 'H:/Year 2/Semester 2/Rapid Games Prototyping/GrabCharacter/Content/Developers/EthanHop7668/Collections/', and we were unable to create a new request.
[2018.09.04-21.25.11:970][  3]LogDirectoryWatcher: A directory notification failed for 'H:/Year 2/Semester 2/Rapid Games Prototyping/GrabCharacter/Content/Collections/' because it was empty or there was a buffer overflow. Attemping another request...
[2018.09.04-21.25.11:970][  3]LogDirectoryWatcher: A directory notification failed for 'H:/Year 2/Semester 2/Rapid Games Prototyping/GrabCharacter/Content/Collections/', and we were unable to create a new request.
[2018.09.04-21.25.12:903][111]LogSlate: Took 0.000229 seconds to synchronously load lazily loaded font '../../../Engine/Content/Slate/Fonts/Roboto-Light.ttf' (167K)
[2018.09.04-21.25.13:944][236]LogSlate: FSceneViewport::OnFocusLost() reason 0
[2018.09.04-21.25.14:052][249]LogTemp: Repeating last play command: New Editor Window (PIE)
[2018.09.04-21.25.14:074][249]LogPlayLevel: PlayLevel: No blueprints needed recompiling
[2018.09.04-21.25.14:087][249]PIE: New page: PIE session: DemoLevel (Sep 5, 2018, 9:25:14 PM)
[2018.09.04-21.25.14:087][249]LogPlayLevel: Creating play world package: /Game/Demo/Maps/UEDPIE_0_DemoLevel
[2018.09.04-21.25.14:089][249]LogPlayLevel: PIE: StaticDuplicateObject took: (0.002654s)
[2018.09.04-21.25.14:091][249]LogAIModule: Creating AISystem for world DemoLevel
[2018.09.04-21.25.14:091][249]LogPlayLevel: PIE: World Init took: (0.000818s)
[2018.09.04-21.25.14:091][249]LogPlayLevel: PIE: Created PIE world by copying editor world from /Game/Demo/Maps/DemoLevel.DemoLevel to /Game/Demo/Maps/UEDPIE_0_DemoLevel.DemoLevel (0.003617s)
[2018.09.04-21.25.14:111][249]LogInit: XAudio2 using 'Headphones (High Definition Audio Device)' : 2 channels at 48 kHz using 16 bits per sample (channel mask 0x3)
[2018.09.04-21.25.14:117][249]LogInit: FAudioDevice initialized.
[2018.09.04-21.25.14:125][249]LogSlate: Updating window title bar state: overlay mode, drag disabled, window buttons hidden, title bar hidden
[2018.09.04-21.25.14:175][249]LogLoad: Game class is '2DSideScrollerGameMode_C'
[2018.09.04-21.25.14:176][249]LogWorld: Bringing World /Game/Demo/Maps/UEDPIE_0_DemoLevel.DemoLevel up for play (max tick rate 0) at 2018.09.05-09.25.14
[2018.09.04-21.25.14:177][249]LogWorld: Bringing up level for play took: 0.000464
[2018.09.04-21.25.14:193][249]LogContentBrowser: Native class hierarchy updated for 'MovieSceneCapture' in 0.0003 seconds. Added 10 classes and 0 folders.
[2018.09.04-21.25.14:197][249]PIE: Play in editor start time for /Game/Demo/Maps/UEDPIE_0_DemoLevel -0.587
[2018.09.04-21.25.14:233][249]LogRenderer: Reallocating scene render targets to support 1208x684 Format 10 NumSamples 1 (Frame:1).
[2018.09.04-21.25.19:902][926]LogSlate: Updating window title bar state: overlay mode, drag disabled, window buttons hidden, title bar hidden
[2018.09.04-21.25.19:926][926]LogSlate: Window 'GrabCharacter Game Preview Standalone (64-bit/PCD3D_SM5)' being destroyed
[2018.09.04-21.25.19:960][926]LogPlayLevel: Display: Shutting down PIE online subsystems
[2018.09.04-21.25.20:007][928]LogPlayLevel: Display: Destroying online subsystem :Context_1
[2018.09.04-21.25.20:842][ 23]LogAssetEditorManager: Opening Asset editor for Blueprint /Game/Demo/Blueprint/OurDude.OurDude
[2018.09.04-21.25.21:224][ 23]LogContentBrowser: Native class hierarchy updated for 'BlueprintGraph' in 0.0008 seconds. Added 116 classes and 0 folders.
[2018.09.04-21.25.21:857][ 23]LogSlate: Took 0.000257 seconds to synchronously load lazily loaded font '../../../Engine/Content/Slate/Fonts/Roboto-BoldCondensed.ttf' (158K)
[2018.09.04-21.25.21:996][ 24]LogSlate: Took 0.000247 seconds to synchronously load lazily loaded font '../../../Engine/Content/Slate/Fonts/Roboto-Italic.ttf' (157K)
[2018.09.04-21.25.30:984][ 11]BlueprintLog: New page: Compile OurDude
[2018.09.04-21.25.32:265][115]LogSlate: Window 'OurDude' being destroyed
[2018.09.04-21.25.32:268][115]LogSlate: Window 'OurDude' being destroyed
[2018.09.04-21.25.33:206][218]LogTemp: Repeating last play command: New Editor Window (PIE)
[2018.09.04-21.25.33:228][218]LogPlayLevel: PlayLevel: No blueprints needed recompiling
[2018.09.04-21.25.33:228][218]PIE: New page: PIE session: DemoLevel (Sep 5, 2018, 9:25:33 PM)
[2018.09.04-21.25.33:228][218]LogPlayLevel: Creating play world package: /Game/Demo/Maps/UEDPIE_0_DemoLevel
[2018.09.04-21.25.33:230][218]LogPlayLevel: PIE: StaticDuplicateObject took: (0.001635s)
[2018.09.04-21.25.33:231][218]LogAIModule: Creating AISystem for world DemoLevel
[2018.09.04-21.25.33:231][218]LogPlayLevel: PIE: World Init took: (0.000770s)
[2018.09.04-21.25.33:231][218]LogPlayLevel: PIE: Created PIE world by copying editor world from /Game/Demo/Maps/DemoLevel.DemoLevel to /Game/Demo/Maps/UEDPIE_0_DemoLevel.DemoLevel (0.002551s)
[2018.09.04-21.25.33:253][218]LogInit: XAudio2 using 'Headphones (High Definition Audio Device)' : 2 channels at 48 kHz using 16 bits per sample (channel mask 0x3)
[2018.09.04-21.25.33:258][218]LogInit: FAudioDevice initialized.
[2018.09.04-21.25.33:267][218]LogSlate: Updating window title bar state: overlay mode, drag disabled, window buttons hidden, title bar hidden
[2018.09.04-21.25.33:301][218]LogLoad: Game class is '2DSideScrollerGameMode_C'
[2018.09.04-21.25.33:302][218]LogWorld: Bringing World /Game/Demo/Maps/UEDPIE_0_DemoLevel.DemoLevel up for play (max tick rate 0) at 2018.09.05-09.25.33
[2018.09.04-21.25.33:303][218]LogWorld: Bringing up level for play took: 0.000467
[2018.09.04-21.25.33:318][218]PIE: Play in editor start time for /Game/Demo/Maps/UEDPIE_0_DemoLevel 0.534
[2018.09.04-21.25.53:097][586]LogSlate: Updating window title bar state: overlay mode, drag disabled, window buttons hidden, title bar hidden
[2018.09.04-21.25.53:125][586]LogSlate: Window 'GrabCharacter Game Preview Standalone (64-bit/PCD3D_SM5)' being destroyed
[2018.09.04-21.25.53:158][586]LogPlayLevel: Display: Shutting down PIE online subsystems
[2018.09.04-21.25.53:210][588]LogPlayLevel: Display: Destroying online subsystem :Context_3
[2018.09.04-21.32.16:220][348]LogSlate: FSceneViewport::OnFocusLost() reason 0
[2018.09.04-21.38.43:004][796]LogMetaData: Removing '/Game/EthansStuff/Blueprint/CharacterStates.CharacterStates' ref from Metadata '/Game/Demo/Blueprint/CharacterStates.PackageMetaData'
[2018.09.04-21.38.43:062][796]LogMetaData: Removing '/Game/EthansStuff/Blueprint/OurDude.OurDude_C' ref from Metadata '/Game/Demo/Blueprint/OurDude.PackageMetaData'
[2018.09.04-21.38.43:062][796]LogMetaData: Removing '/Game/EthansStuff/Blueprint/OurDude.SKEL_OurDude_C' ref from Metadata '/Game/Demo/Blueprint/OurDude.PackageMetaData'
[2018.09.04-21.38.43:062][796]LogMetaData: Removing '/Game/EthansStuff/Blueprint/OurDude.SKEL_OurDude_C:InpAxisEvt_MoveRight_K2Node_InputAxisEvent_5' ref from Metadata '/Game/Demo/Blueprint/OurDude.PackageMetaData'
[2018.09.04-21.38.43:062][796]LogMetaData: Removing '/Game/EthansStuff/Blueprint/OurDude.SKEL_OurDude_C:ReceiveBeginPlay' ref from Metadata '/Game/Demo/Blueprint/OurDude.PackageMetaData'
[2018.09.04-21.38.43:062][796]LogMetaData: Removing '/Game/EthansStuff/Blueprint/OurDude.SKEL_OurDude_C:ReceiveTick' ref from Metadata '/Game/Demo/Blueprint/OurDude.PackageMetaData'
[2018.09.04-21.38.43:062][796]LogMetaData: Removing '/Game/EthansStuff/Blueprint/OurDude.SKEL_OurDude_C:OnLanded' ref from Metadata '/Game/Demo/Blueprint/OurDude.PackageMetaData'
[2018.09.04-21.38.43:062][796]LogMetaData: Removing '/Game/EthansStuff/Blueprint/OurDude.SKEL_OurDude_C:HealthBar' ref from Metadata '/Game/Demo/Blueprint/OurDude.PackageMetaData'
[2018.09.04-21.38.43:062][796]LogMetaData: Removing '/Game/EthansStuff/Blueprint/OurDude.SKEL_OurDude_C:CurrentHealth' ref from Metadata '/Game/Demo/Blueprint/OurDude.PackageMetaData'
[2018.09.04-21.38.43:062][796]LogMetaData: Removing '/Game/EthansStuff/Blueprint/OurDude.SKEL_OurDude_C:CharaState' ref from Metadata '/Game/Demo/Blueprint/OurDude.PackageMetaData'
[2018.09.04-21.38.43:062][796]LogMetaData: Removing '/Game/EthansStuff/Blueprint/OurDude.SKEL_OurDude_C:bisJumping' ref from Metadata '/Game/Demo/Blueprint/OurDude.PackageMetaData'
[2018.09.04-21.38.43:062][796]LogMetaData: Removing '/Game/EthansStuff/Blueprint/OurDude.SKEL_OurDude_C:bisMovingRight' ref from Metadata '/Game/Demo/Blueprint/OurDude.PackageMetaData'
[2018.09.04-21.38.43:062][796]LogMetaData: Removing '/Game/EthansStuff/Blueprint/OurDude.SKEL_OurDude_C:CameraBoom' ref from Metadata '/Game/Demo/Blueprint/OurDude.PackageMetaData'
[2018.09.04-21.38.43:062][796]LogMetaData: Removing '/Game/EthansStuff/Blueprint/OurDude.SKEL_OurDude_C:SideViewCameraComponent' ref from Metadata '/Game/Demo/Blueprint/OurDude.PackageMetaData'
[2018.09.04-21.38.43:062][796]LogMetaData: Removing '/Game/EthansStuff/Blueprint/OurDude.SKEL_OurDude_C:UserConstructionScript' ref from Metadata '/Game/Demo/Blueprint/OurDude.PackageMetaData'
[2018.09.04-21.38.43:062][796]LogMetaData: Removing '/Game/EthansStuff/Blueprint/OurDude.OurDude_C:HealthBar' ref from Metadata '/Game/Demo/Blueprint/OurDude.PackageMetaData'
[2018.09.04-21.38.43:062][796]LogMetaData: Removing '/Game/EthansStuff/Blueprint/OurDude.OurDude_C:CurrentHealth' ref from Metadata '/Game/Demo/Blueprint/OurDude.PackageMetaData'
[2018.09.04-21.38.43:062][796]LogMetaData: Removing '/Game/EthansStuff/Blueprint/OurDude.OurDude_C:CharaState' ref from Metadata '/Game/Demo/Blueprint/OurDude.PackageMetaData'
[2018.09.04-21.38.43:062][796]LogMetaData: Removing '/Game/EthansStuff/Blueprint/OurDude.OurDude_C:bisJumping' ref from Metadata '/Game/Demo/Blueprint/OurDude.PackageMetaData'
[2018.09.04-21.38.43:063][796]LogMetaData: Removing '/Game/EthansStuff/Blueprint/OurDude.OurDude_C:bisMovingRight' ref from Metadata '/Game/Demo/Blueprint/OurDude.PackageMetaData'
[2018.09.04-21.38.43:063][796]LogMetaData: Removing '/Game/EthansStuff/Blueprint/OurDude.OurDude_C:CameraBoom' ref from Metadata '/Game/Demo/Blueprint/OurDude.PackageMetaData'
[2018.09.04-21.38.43:063][796]LogMetaData: Removing '/Game/EthansStuff/Blueprint/OurDude.OurDude_C:SideViewCameraComponent' ref from Metadata '/Game/Demo/Blueprint/OurDude.PackageMetaData'
[2018.09.04-21.38.43:063][796]LogMetaData: Removing '/Game/EthansStuff/Blueprint/OurDude.OurDude_C:OnLanded' ref from Metadata '/Game/Demo/Blueprint/OurDude.PackageMetaData'
[2018.09.04-21.38.43:063][796]LogMetaData: Removing '/Game/EthansStuff/Blueprint/OurDude.OurDude_C:ReceiveTick' ref from Metadata '/Game/Demo/Blueprint/OurDude.PackageMetaData'
[2018.09.04-21.38.43:063][796]LogMetaData: Removing '/Game/EthansStuff/Blueprint/OurDude.OurDude_C:ReceiveBeginPlay' ref from Metadata '/Game/Demo/Blueprint/OurDude.PackageMetaData'
[2018.09.04-21.38.43:063][796]LogMetaData: Removing '/Game/EthansStuff/Blueprint/OurDude.OurDude_C:UserConstructionScript' ref from Metadata '/Game/Demo/Blueprint/OurDude.PackageMetaData'
[2018.09.04-21.38.43:113][796]LogMetaData: Removing '/Game/EthansStuff/Blueprint/Widget_HUD.Widget_HUD_C' ref from Metadata '/Game/Demo/Blueprint/Widget_HUD.PackageMetaData'
[2018.09.04-21.38.43:113][796]LogMetaData: Removing '/Game/EthansStuff/Blueprint/Widget_HUD.Widget_HUD:EventGraph.K2Node_Event_0' ref from Metadata '/Game/Demo/Blueprint/Widget_HUD.PackageMetaData'
[2018.09.04-21.38.43:113][796]LogMetaData: Removing '/Game/EthansStuff/Blueprint/Widget_HUD.Widget_HUD:EventGraph.K2Node_Event_1' ref from Metadata '/Game/Demo/Blueprint/Widget_HUD.PackageMetaData'
[2018.09.04-21.38.43:113][796]LogMetaData: Removing '/Game/EthansStuff/Blueprint/Widget_HUD.Widget_HUD:EventGraph.K2Node_Event_2' ref from Metadata '/Game/Demo/Blueprint/Widget_HUD.PackageMetaData'
[2018.09.04-21.38.43:113][796]LogMetaData: Removing '/Game/EthansStuff/Blueprint/Widget_HUD.Widget_HUD:GetPercent_1.K2Node_FunctionResult_0' ref from Metadata '/Game/Demo/Blueprint/Widget_HUD.PackageMetaData'
[2018.09.04-21.38.43:113][796]LogMetaData: Removing '/Game/EthansStuff/Blueprint/Widget_HUD.Widget_HUD:GetPercent_0.K2Node_FunctionResult_0' ref from Metadata '/Game/Demo/Blueprint/Widget_HUD.PackageMetaData'
[2018.09.04-21.38.43:113][796]LogMetaData: Removing '/Game/EthansStuff/Blueprint/Widget_HUD.Widget_HUD:GetPercent_0.K2Node_FunctionEntry_0' ref from Metadata '/Game/Demo/Blueprint/Widget_HUD.PackageMetaData'
[2018.09.04-21.38.43:113][796]LogMetaData: Removing '/Game/EthansStuff/Blueprint/Widget_HUD.Widget_HUD:GetPercent_1.K2Node_FunctionEntry_0' ref from Metadata '/Game/Demo/Blueprint/Widget_HUD.PackageMetaData'
[2018.09.04-21.38.43:113][796]LogMetaData: Removing '/Game/EthansStuff/Blueprint/Widget_HUD.SKEL_Widget_HUD_C' ref from Metadata '/Game/Demo/Blueprint/Widget_HUD.PackageMetaData'
[2018.09.04-21.38.43:113][796]LogMetaData: Removing '/Game/EthansStuff/Blueprint/Widget_HUD.Widget_HUD_C:ProgressBar_62' ref from Metadata '/Game/Demo/Blueprint/Widget_HUD.PackageMetaData'
[2018.09.04-21.38.43:113][796]LogMetaData: Removing '/Game/EthansStuff/Blueprint/Widget_HUD.SKEL_Widget_HUD_C:PreConstruct' ref from Metadata '/Game/Demo/Blueprint/Widget_HUD.PackageMetaData'
[2018.09.04-21.38.43:113][796]LogMetaData: Removing '/Game/EthansStuff/Blueprint/Widget_HUD.SKEL_Widget_HUD_C:Construct' ref from Metadata '/Game/Demo/Blueprint/Widget_HUD.PackageMetaData'
[2018.09.04-21.38.43:113][796]LogMetaData: Removing '/Game/EthansStuff/Blueprint/Widget_HUD.SKEL_Widget_HUD_C:Tick' ref from Metadata '/Game/Demo/Blueprint/Widget_HUD.PackageMetaData'
[2018.09.04-21.38.43:113][796]LogMetaData: Removing '/Game/EthansStuff/Blueprint/Widget_HUD.SKEL_Widget_HUD_C:ProgressBar_62' ref from Metadata '/Game/Demo/Blueprint/Widget_HUD.PackageMetaData'
[2018.09.04-21.38.43:343][796]Cmd: OBJ SAVEPACKAGE PACKAGE="/Game/EthansStuff/Maps/DemoLevel_BuiltData" FILE="H:/Year 2/Semester 2/Rapid Games Prototyping/GrabCharacter/Content/EthansStuff/Maps/DemoLevel_BuiltData.uasset" SILENT=true
[2018.09.04-21.38.43:616][796]LogSavePackage: Moving 'H:/Year 2/Semester 2/Rapid Games Prototyping/GrabCharacter/Saved/DemoLevel_BuiltData179F8FDD4634985728CBD19C386D3176.tmp' to 'H:/Year 2/Semester 2/Rapid Games Prototyping/GrabCharacter/Content/EthansStuff/Maps/DemoLevel_BuiltData.uasset'
[2018.09.04-21.38.43:680][796]LogSavePackage: Moving 'H:/Year 2/Semester 2/Rapid Games Prototyping/GrabCharacter/Saved/CharacterStates0E871C154E6963730F06058F9DEE2703.tmp' to 'H:/Year 2/Semester 2/Rapid Games Prototyping/GrabCharacter/Content/EthansStuff/Blueprint/CharacterStates.uasset'
[2018.09.04-21.38.43:714][796]Cmd: OBJ SAVEPACKAGE PACKAGE="/Game/EthansStuff/Blueprint/OurDude" FILE="H:/Year 2/Semester 2/Rapid Games Prototyping/GrabCharacter/Content/EthansStuff/Blueprint/OurDude.uasset" SILENT=true
[2018.09.04-21.38.44:744][796]LogSavePackage: Moving 'H:/Year 2/Semester 2/Rapid Games Prototyping/GrabCharacter/Saved/OurDude6EA8E13047F27DE911BF1C830C511A1C.tmp' to 'H:/Year 2/Semester 2/Rapid Games Prototyping/GrabCharacter/Content/EthansStuff/Blueprint/OurDude.uasset'
[2018.09.04-21.38.44:771][796]Cmd: OBJ SAVEPACKAGE PACKAGE="/Game/EthansStuff/Blueprint/Widget_HUD" FILE="H:/Year 2/Semester 2/Rapid Games Prototyping/GrabCharacter/Content/EthansStuff/Blueprint/Widget_HUD.uasset" SILENT=true
[2018.09.04-21.38.44:913][796]LogSavePackage: Moving 'H:/Year 2/Semester 2/Rapid Games Prototyping/GrabCharacter/Saved/Widget_HUDF9F2987F4913A2B025D105AB38F4CD1B.tmp' to 'H:/Year 2/Semester 2/Rapid Games Prototyping/GrabCharacter/Content/EthansStuff/Blueprint/Widget_HUD.uasset'
[2018.09.04-21.38.44:941][796]Cmd: OBJ SAVEPACKAGE PACKAGE="/Game/EthansStuff/Sprites/Happy/Happy_mask" FILE="H:/Year 2/Semester 2/Rapid Games Prototyping/GrabCharacter/Content/EthansStuff/Sprites/Happy/Happy_mask.uasset" SILENT=true
[2018.09.04-21.38.44:986][796]LogSavePackage: Moving 'H:/Year 2/Semester 2/Rapid Games Prototyping/GrabCharacter/Saved/Happy_maskA6359E3E4A45288E7865D0A3888AC969.tmp' to 'H:/Year 2/Semester 2/Rapid Games Prototyping/GrabCharacter/Content/EthansStuff/Sprites/Happy/Happy_mask.uasset'
[2018.09.04-21.38.45:021][796]Cmd: OBJ SAVEPACKAGE PACKAGE="/Game/EthansStuff/Sprites/Happy/Idle" FILE="H:/Year 2/Semester 2/Rapid Games Prototyping/GrabCharacter/Content/EthansStuff/Sprites/Happy/Idle.uasset" SILENT=true
[2018.09.04-21.38.45:090][796]LogSavePackage: Moving 'H:/Year 2/Semester 2/Rapid Games Prototyping/GrabCharacter/Saved/Idle4EABA627492DAE714445D784FB73FE3B.tmp' to 'H:/Year 2/Semester 2/Rapid Games Prototyping/GrabCharacter/Content/EthansStuff/Sprites/Happy/Idle.uasset'
[2018.09.04-21.38.45:120][796]Cmd: OBJ SAVEPACKAGE PACKAGE="/Game/EthansStuff/Sprites/Happy/A_Idle" FILE="H:/Year 2/Semester 2/Rapid Games Prototyping/GrabCharacter/Content/EthansStuff/Sprites/Happy/A_Idle.uasset" SILENT=true
[2018.09.04-21.38.45:152][796]LogSavePackage: Moving 'H:/Year 2/Semester 2/Rapid Games Prototyping/GrabCharacter/Saved/A_Idle8F7AEC134C29AF9329B0C7A057631808.tmp' to 'H:/Year 2/Semester 2/Rapid Games Prototyping/GrabCharacter/Content/EthansStuff/Sprites/Happy/A_Idle.uasset'
[2018.09.04-21.38.45:186][796]Cmd: OBJ SAVEPACKAGE PACKAGE="/Game/EthansStuff/Sprites/Happy/A_Running" FILE="H:/Year 2/Semester 2/Rapid Games Prototyping/GrabCharacter/Content/EthansStuff/Sprites/Happy/A_Running.uasset" SILENT=true
[2018.09.04-21.38.45:226][796]LogSavePackage: Moving 'H:/Year 2/Semester 2/Rapid Games Prototyping/GrabCharacter/Saved/A_RunningC1A6993C4A5C3B7F7E3D818D46FC82B3.tmp' to 'H:/Year 2/Semester 2/Rapid Games Prototyping/GrabCharacter/Content/EthansStuff/Sprites/Happy/A_Running.uasset'
[2018.09.04-21.38.45:862][796]LogSavePackage: Moving 'H:/Year 2/Semester 2/Rapid Games Prototyping/GrabCharacter/Saved/DemoLevel42C93C664D7D9831D2A73598C3695837.tmp' to 'H:/Year 2/Semester 2/Rapid Games Prototyping/GrabCharacter/Content/EthansStuff/Maps/DemoLevel.umap'
[2018.09.04-21.38.45:961][796]LogFileHelpers: Saving map 'DemoLevel' took 0.706
[2018.09.04-21.38.46:869][796]LogSavePackage: Moving 'H:/Year 2/Semester 2/Rapid Games Prototyping/GrabCharacter/Saved/2DSideScrollerGameModeCD7E6E5C4EDDAE6D95717CBF4DF1FC4C.tmp' to 'H:/Year 2/Semester 2/Rapid Games Prototyping/GrabCharacter/Content/2DSideScrollerBP/Blueprints/2DSideScrollerGameMode.uasset'
[2018.09.04-21.38.52:368][436]LogSlate: Window 'Asset Report' being destroyed
[2018.09.04-21.38.58:757][436]AssetTools: New page: Content migration completed successfully!
[2018.09.04-21.38.58:757][436]AssetTools: /Game/EthansStuff/Blueprint/CharacterStates
[2018.09.04-21.38.58:757][436]AssetTools: /Game/EthansStuff/Blueprint/OurDude
[2018.09.04-21.38.58:757][436]AssetTools: /Game/EthansStuff/Blueprint/Widget_HUD
[2018.09.04-21.38.58:757][436]AssetTools: /Game/EthansStuff/Sprites/Happy/Happy_mask
[2018.09.04-21.38.58:757][436]AssetTools: /Game/EthansStuff/Sprites/Happy/Idle
[2018.09.04-21.38.58:757][436]AssetTools: /Game/EthansStuff/Sprites/Happy/A_Idle
[2018.09.04-21.38.58:757][436]AssetTools: /Game/EthansStuff/Sprites/Happy/A_Running
[2018.09.04-21.38.58:757][436]AssetTools: /Game/EthansStuff/Maps/DemoLevel_BuiltData
[2018.09.04-21.38.58:757][436]AssetTools: /Game/EthansStuff/Maps/DemoLevel
[2018.09.04-21.39.02:230][823]LogSlate: Window 'GrabCharacter - Unreal Editor' being destroyed
[2018.09.04-21.39.02:231][823]LogWindowsTextInputMethodSystem: Display: IME system now deactivated.
[2018.09.04-21.39.02:231][823]LogWindowsTextInputMethodSystem: Display: IME system now deactivated.
[2018.09.04-21.39.02:424][824]Cmd: QUIT_EDITOR
[2018.09.04-21.39.02:935][824]LogExit: Preparing to exit.
[2018.09.04-21.39.03:089][824]LogExit: Editor shut down
[2018.09.04-21.39.03:089][824]LogExit: Transaction tracking system shut down
[2018.09.04-21.39.04:164][824]LogExit: Object subsystem successfully closed.
[2018.09.04-21.39.04:179][824]LogShaderCompilers: Display: Shaders left to compile 0
[2018.09.04-21.39.04:181][824]LogD3D11RHI: Shutdown
[2018.09.04-21.39.04:181][824]LogD3D11RHI: CleanupD3DDevice
[2018.09.04-21.39.04:186][824]LogD3D11RHI: ~FD3D11DynamicRHI
[2018.09.04-21.39.04:228][824]LogModuleManager: Shutting down and abandoning module HierarchicalLODUtilities (618)
[2018.09.04-21.39.04:228][824]LogModuleManager: Shutting down and abandoning module BlueprintGraph (616)
[2018.09.04-21.39.04:228][824]LogModuleManager: Shutting down and abandoning module MovieSceneCapture (614)
[2018.09.04-21.39.04:228][824]LogModuleManager: Shutting down and abandoning module Voice (612)
[2018.09.04-21.39.04:228][824]LogModuleManager: Shutting down and abandoning module HierarchicalLODOutliner (610)
[2018.09.04-21.39.04:228][824]LogModuleManager: Shutting down and abandoning module SceneOutliner (608)
[2018.09.04-21.39.04:228][824]LogModuleManager: Shutting down and abandoning module AddContentDialog (606)
[2018.09.04-21.39.04:229][824]LogModuleManager: Shutting down and abandoning module WidgetCarousel (605)
[2018.09.04-21.39.04:229][824]LogModuleManager: Shutting down and abandoning module EditorWidgets (602)
[2018.09.04-21.39.04:229][824]LogModuleManager: Shutting down and abandoning module CollectionManager (600)
[2018.09.04-21.39.04:229][824]LogModuleManager: Shutting down and abandoning module StatsViewer (598)
[2018.09.04-21.39.04:229][824]LogModuleManager: Shutting down and abandoning module FoliageEdit (596)
[2018.09.04-21.39.04:229][824]LogModuleManager: Shutting down and abandoning module LandscapeEditor (594)
[2018.09.04-21.39.04:229][824]LogModuleManager: Shutting down and abandoning module MeshPaintMode (592)
[2018.09.04-21.39.04:229][824]LogModuleManager: Shutting down and abandoning module SceneDepthPickerMode (590)
[2018.09.04-21.39.04:229][824]LogModuleManager: Shutting down and abandoning module ActorPickerMode (588)
[2018.09.04-21.39.04:229][824]LogModuleManager: Shutting down and abandoning module GeometryMode (586)
[2018.09.04-21.39.04:229][824]LogModuleManager: Shutting down and abandoning module TextureAlignMode (584)
[2018.09.04-21.39.04:229][824]LogModuleManager: Shutting down and abandoning module BspMode (582)
[2018.09.04-21.39.04:229][824]LogModuleManager: Shutting down and abandoning module PIEPreviewDeviceProfileSelector (580)
[2018.09.04-21.39.04:229][824]LogModuleManager: Shutting down and abandoning module SequenceRecorderSections (578)
[2018.09.04-21.39.04:229][824]LogModuleManager: Shutting down and abandoning module AutomationWorker (576)
[2018.09.04-21.39.04:229][824]LogModuleManager: Shutting down and abandoning module AudioCaptureEditor (574)
[2018.09.04-21.39.04:229][824]LogModuleManager: Shutting down and abandoning module SequenceRecorder (573)
[2018.09.04-21.39.04:229][824]LogModuleManager: Shutting down and abandoning module MatineeToLevelSequence (570)
[2018.09.04-21.39.04:229][824]LogModuleManager: Shutting down and abandoning module LevelSequenceEditor (568)
[2018.09.04-21.39.04:230][824]LogModuleManager: Shutting down and abandoning module PlacementMode (567)
[2018.09.04-21.39.04:230][824]LogModuleManager: Shutting down and abandoning module MaterialEditor (566)
[2018.09.04-21.39.04:230][824]LogModuleManager: Shutting down and abandoning module WmfMediaFactory (562)
[2018.09.04-21.39.04:230][824]LogModuleManager: Shutting down and abandoning module WmfMediaEditor (560)
[2018.09.04-21.39.04:230][824]LogModuleManager: Shutting down and abandoning module MediaPlayerEditor (558)
[2018.09.04-21.39.04:230][824]LogModuleManager: Shutting down and abandoning module OpenExrWrapper (556)
[2018.09.04-21.39.04:230][824]LogModuleManager: Shutting down and abandoning module ImgMediaFactory (554)
[2018.09.04-21.39.04:230][824]LogModuleManager: Shutting down and abandoning module ImgMediaEditor (552)
[2018.09.04-21.39.04:230][824]LogModuleManager: Shutting down and abandoning module AvfMediaFactory (550)
[2018.09.04-21.39.04:230][824]LogModuleManager: Shutting down and abandoning module AvfMediaEditor (548)
[2018.09.04-21.39.04:230][824]LogModuleManager: Shutting down and abandoning module AndroidMediaFactory (546)
[2018.09.04-21.39.04:230][824]LogModuleManager: Shutting down and abandoning module AndroidMediaEditor (544)
[2018.09.04-21.39.04:230][824]LogModuleManager: Shutting down and abandoning module MagicLeapCameraPreviewFactory (542)
[2018.09.04-21.39.04:230][824]LogModuleManager: Shutting down and abandoning module MagicLeapMediaFactory (540)
[2018.09.04-21.39.04:230][824]LogModuleManager: Shutting down and abandoning module MagicLeapMediaEditor (538)
[2018.09.04-21.39.04:230][824]LogModuleManager: Shutting down and abandoning module CharacterAI (536)
[2018.09.04-21.39.04:230][824]LogModuleManager: Shutting down and abandoning module SmartSnapping (534)
[2018.09.04-21.39.04:230][824]LogModuleManager: Shutting down and abandoning module SessionServices (532)
[2018.09.04-21.39.04:230][824]LogModuleManager: Shutting down and abandoning module ViewportSnapping (530)
[2018.09.04-21.39.04:230][824]LogModuleManager: Shutting down and abandoning module ViewportInteraction (528)
[2018.09.04-21.39.04:230][824]LogModuleManager: Shutting down and abandoning module ClothPainter (526)
[2018.09.04-21.39.04:230][824]LogModuleManager: Shutting down and abandoning module SkeletalMeshEditor (525)
[2018.09.04-21.39.04:230][824]LogModuleManager: Shutting down and abandoning module LogVisualizer (522)
[2018.09.04-21.39.04:230][824]LogModuleManager: Shutting down and abandoning module IntroTutorials (520)
[2018.09.04-21.39.04:230][824]LogModuleManager: Shutting down and abandoning module GameProjectGeneration (519)
[2018.09.04-21.39.04:230][824]LogModuleManager: Shutting down and abandoning module LuminPlatformEditor (516)
[2018.09.04-21.39.04:230][824]LogModuleManager: Shutting down and abandoning module IOSPlatformEditor (514)
[2018.09.04-21.39.04:230][824]LogModuleManager: Shutting down and abandoning module HTML5PlatformEditor (512)
[2018.09.04-21.39.04:230][824]LogModuleManager: Shutting down and abandoning module AndroidPlatformEditor (510)
[2018.09.04-21.39.04:230][824]LogModuleManager: Shutting down and abandoning module AndroidDeviceDetection (509)
[2018.09.04-21.39.04:253][824]LogModuleManager: Shutting down and abandoning module WindowsPlatformEditor (506)
[2018.09.04-21.39.04:253][824]LogModuleManager: Shutting down and abandoning module LuminRuntimeSettings (504)
[2018.09.04-21.39.04:253][824]LogModuleManager: Shutting down and abandoning module IOSRuntimeSettings (502)
[2018.09.04-21.39.04:253][824]LogModuleManager: Shutting down and abandoning module AndroidRuntimeSettings (500)
[2018.09.04-21.39.04:253][824]LogModuleManager: Shutting down and abandoning module InputBindingEditor (498)
[2018.09.04-21.39.04:253][824]LogModuleManager: Shutting down and abandoning module MergeActors (496)
[2018.09.04-21.39.04:253][824]LogModuleManager: Shutting down and abandoning module LocalizationDashboard (494)
[2018.09.04-21.39.04:253][824]LogModuleManager: Shutting down and abandoning module LocalizationService (493)
[2018.09.04-21.39.04:253][824]LogModuleManager: Shutting down and abandoning module HardwareTargeting (490)
[2018.09.04-21.39.04:253][824]LogModuleManager: Shutting down and abandoning module DeviceProfileEditor (488)
[2018.09.04-21.39.04:253][824]LogModuleManager: Shutting down and abandoning module UndoHistory (486)
[2018.09.04-21.39.04:253][824]LogModuleManager: Shutting down and abandoning module XmlParser (484)
[2018.09.04-21.39.04:253][824]LogModuleManager: Shutting down and abandoning module Blutility (482)
[2018.09.04-21.39.04:253][824]LogModuleManager: Shutting down and abandoning module ProjectSettingsViewer (480)
[2018.09.04-21.39.04:253][824]LogModuleManager: Shutting down and abandoning module ProjectTargetPlatformEditor (479)
[2018.09.04-21.39.04:253][824]LogModuleManager: Shutting down and abandoning module EditorSettingsViewer (476)
[2018.09.04-21.39.04:253][824]LogModuleManager: Shutting down and abandoning module SettingsEditor (474)
[2018.09.04-21.39.04:254][824]LogModuleManager: Shutting down and abandoning module ProjectLauncher (472)
[2018.09.04-21.39.04:254][824]LogModuleManager: Shutting down and abandoning module SessionFrontend (470)
[2018.09.04-21.39.04:254][824]LogModuleManager: Shutting down and abandoning module ProfilerClient (468)
[2018.09.04-21.39.04:254][824]LogModuleManager: Shutting down and abandoning module DeviceManager (466)
[2018.09.04-21.39.04:254][824]LogModuleManager: Shutting down and abandoning module TargetDeviceServices (465)
[2018.09.04-21.39.04:317][824]LogModuleManager: Shutting down and abandoning module AutomationController (462)
[2018.09.04-21.39.04:317][824]LogModuleManager: Shutting down and abandoning module AutomationWindow (460)
[2018.09.04-21.39.04:317][824]LogModuleManager: Shutting down and abandoning module Layers (458)
[2018.09.04-21.39.04:317][824]LogModuleManager: Shutting down and abandoning module ComponentVisualizers (456)
[2018.09.04-21.39.04:317][824]LogModuleManager: Shutting down and abandoning module DetailCustomizations (454)
[2018.09.04-21.39.04:317][824]LogModuleManager: Shutting down and abandoning module PackagesDialog (452)
[2018.09.04-21.39.04:317][824]LogModuleManager: Shutting down and abandoning module Persona (450)
[2018.09.04-21.39.04:317][824]LogModuleManager: Shutting down and abandoning module AdvancedPreviewScene (449)
[2018.09.04-21.39.04:317][824]LogModuleManager: Shutting down and abandoning module AnimGraph (447)
[2018.09.04-21.39.04:317][824]LogModuleManager: Shutting down and abandoning module Kismet (444)
[2018.09.04-21.39.04:320][824]LogModuleManager: Shutting down and abandoning module GraphEditor (442)
[2018.09.04-21.39.04:320][824]LogModuleManager: Shutting down and abandoning module ClassViewer (440)
[2018.09.04-21.39.04:320][824]LogModuleManager: Shutting down and abandoning module Toolbox (438)
[2018.09.04-21.39.04:320][824]LogModuleManager: Shutting down and abandoning module ModuleUI (436)
[2018.09.04-21.39.04:320][824]LogModuleManager: Shutting down and abandoning module MovieSceneTools (434)
[2018.09.04-21.39.04:321][824]LogModuleManager: Shutting down and abandoning module OutputLog (432)
[2018.09.04-21.39.04:321][824]LogModuleManager: Shutting down and abandoning module GammaUI (430)
[2018.09.04-21.39.04:321][824]LogModuleManager: Shutting down and abandoning module Documentation (428)
[2018.09.04-21.39.04:321][824]LogModuleManager: Shutting down and abandoning module MovieSceneTracks (426)
[2018.09.04-21.39.04:321][824]LogModuleManager: Shutting down and abandoning module MovieScene (424)
[2018.09.04-21.39.04:321][824]LogModuleManager: Shutting down and abandoning module StreamingPauseRendering (422)
[2018.09.04-21.39.04:321][824]LogModuleManager: Shutting down and abandoning module LauncherPlatform (420)
[2018.09.04-21.39.04:321][824]LogModuleManager: Shutting down and abandoning module AnalyticsET (418)
[2018.09.04-21.39.04:321][824]LogModuleManager: Shutting down and abandoning module PortalServices (416)
[2018.09.04-21.39.04:321][824]LogModuleManager: Shutting down and abandoning module PortalRpc (414)
[2018.09.04-21.39.04:321][824]LogModuleManager: Shutting down and abandoning module MessagingRpc (412)
[2018.09.04-21.39.04:321][824]LogModuleManager: Shutting down and abandoning module AIModule (410)
[2018.09.04-21.39.04:321][824]LogModuleManager: Shutting down and abandoning module GameplayDebugger (409)
[2018.09.04-21.39.04:321][824]LogModuleManager: Shutting down and abandoning module AITestSuite (407)
[2018.09.04-21.39.04:321][824]LogModuleManager: Shutting down and abandoning module NavigationSystem (405)
[2018.09.04-21.39.04:321][824]LogModuleManager: Shutting down and abandoning module DesktopPlatform (402)
[2018.09.04-21.39.04:321][824]LogModuleManager: Shutting down and abandoning module ProfilerService (400)
[2018.09.04-21.39.04:473][824]LogModuleManager: Shutting down and abandoning module TaskGraph (398)
[2018.09.04-21.39.04:473][824]LogModuleManager: Shutting down and abandoning module SteamVRController (396)
[2018.09.04-21.39.04:473][824]LogModuleManager: Shutting down and abandoning module ProceduralMeshComponentEditor (394)
[2018.09.04-21.39.04:473][824]LogModuleManager: Shutting down and abandoning module ProceduralMeshComponent (392)
[2018.09.04-21.39.04:473][824]LogModuleManager: Shutting down and abandoning module OculusInput (390)
[2018.09.04-21.39.04:473][824]LogModuleManager: Shutting down and abandoning module MobilePatchingUtils (388)
[2018.09.04-21.39.04:474][824]LogModuleManager: Shutting down and abandoning module EditableMesh (386)
[2018.09.04-21.39.04:474][824]LogModuleManager: Shutting down and abandoning module CustomMeshComponent (384)
[2018.09.04-21.39.04:474][824]LogModuleManager: Shutting down and abandoning module CableComponent (382)
[2018.09.04-21.39.04:474][824]LogModuleManager: Shutting down and abandoning module AudioCapture (380)
[2018.09.04-21.39.04:474][824]LogModuleManager: Shutting down and abandoning module ArchVisCharacter (378)
[2018.09.04-21.39.04:474][824]LogModuleManager: Shutting down and abandoning module AndroidPermission (376)
[2018.09.04-21.39.04:474][824]LogModuleManager: Shutting down and abandoning module NUTUnrealEngine4 (374)
[2018.09.04-21.39.04:474][824]LogModuleManager: Shutting down and abandoning module NetcodeUnitTest (372)
[2018.09.04-21.39.04:474][824]LogModuleManager: Shutting down and abandoning module MediaCompositingEditor (370)
[2018.09.04-21.39.04:474][824]LogModuleManager: Shutting down and abandoning module MediaCompositing (368)
[2018.09.04-21.39.04:474][824]LogModuleManager: Shutting down and abandoning module LinearTimecode (366)
[2018.09.04-21.39.04:474][824]LogModuleManager: Shutting down and abandoning module ImgMedia (364)
[2018.09.04-21.39.04:477][824]LogModuleManager: Shutting down and abandoning module HTML5Networking (362)
[2018.09.04-21.39.04:477][824]LogModuleManager: Shutting down and abandoning module GeometryCacheTracks (360)
[2018.09.04-21.39.04:477][824]LogModuleManager: Shutting down and abandoning module GeometryCacheSequencer (358)
[2018.09.04-21.39.04:477][824]LogModuleManager: Shutting down and abandoning module BackChannel (356)
[2018.09.04-21.39.04:477][824]LogModuleManager: Shutting down and abandoning module AppleVision (354)
[2018.09.04-21.39.04:477][824]LogModuleManager: Shutting down and abandoning module AppleImageUtils (352)
[2018.09.04-21.39.04:477][824]LogModuleManager: Shutting down and abandoning module AlembicImporter (350)
[2018.09.04-21.39.04:477][824]LogModuleManager: Shutting down and abandoning module AlembicLibrary (349)
[2018.09.04-21.39.04:477][824]LogModuleManager: Shutting down and abandoning module GeometryCache (348)
[2018.09.04-21.39.04:477][824]LogModuleManager: Shutting down and abandoning module GeometryCacheEd (347)
[2018.09.04-21.39.04:477][824]LogModuleManager: Shutting down and abandoning module DatasmithContentEditor (342)
[2018.09.04-21.39.04:477][824]LogModuleManager: Shutting down and abandoning module DatasmithContent (340)
[2018.09.04-21.39.04:483][824]LogModuleManager: Shutting down and abandoning module SpeedTreeImporter (338)
[2018.09.04-21.39.04:483][824]LogModuleManager: Shutting down and abandoning module PluginBrowser (336)
[2018.09.04-21.39.04:483][824]LogModuleManager: Shutting down and abandoning module MobileLauncherProfileWizard (334)
[2018.09.04-21.39.04:483][824]LogModuleManager: Shutting down and abandoning module PolygonModeling (332)
[2018.09.04-21.39.04:483][824]LogModuleManager: Shutting down and abandoning module MeshEditor (330)
[2018.09.04-21.39.04:483][824]LogModuleManager: Shutting down and abandoning module CryptoKeysOpenSSL (328)
[2018.09.04-21.39.04:483][824]LogModuleManager: Shutting down and abandoning module CryptoKeys (326)
[2018.09.04-21.39.04:483][824]LogModuleManager: Shutting down and abandoning module VisualStudioSourceCodeAccess (324)
[2018.09.04-21.39.04:483][824]LogModuleManager: Shutting down and abandoning module VisualStudioCodeSourceCodeAccess (322)
[2018.09.04-21.39.04:483][824]LogModuleManager: Shutting down and abandoning module UObjectPlugin (320)
[2018.09.04-21.39.04:483][824]LogModuleManager: Shutting down and abandoning module SubversionSourceControl (318)
[2018.09.04-21.39.04:483][824]LogModuleManager: Shutting down and abandoning module PerforceSourceControl (316)
[2018.09.04-21.39.04:483][824]LogModuleManager: Shutting down and abandoning module GitSourceControl (314)
[2018.09.04-21.39.04:483][824]LogModuleManager: Shutting down and abandoning module SourceControl (313)
[2018.09.04-21.39.04:483][824]LogModuleManager: Shutting down and abandoning module CLionSourceCodeAccess (310)
[2018.09.04-21.39.04:483][824]LogModuleManager: Shutting down and abandoning module LightPropagationVolumeEditor (308)
[2018.09.04-21.39.04:483][824]LogModuleManager: Shutting down and abandoning module PaperTiledImporter (306)
[2018.09.04-21.39.04:483][824]LogModuleManager: Shutting down and abandoning module PaperSpriteSheetImporter (304)
[2018.09.04-21.39.04:483][824]LogModuleManager: Shutting down and abandoning module Paper2DEditor (302)
[2018.09.04-21.39.04:483][824]LogModuleManager: Shutting down and abandoning module MeshPaint (301)
[2018.09.04-21.39.04:483][824]LogModuleManager: Shutting down and abandoning module RuntimePhysXCooking (298)
[2018.09.04-21.39.04:483][824]LogModuleManager: Shutting down and abandoning module PhysXVehiclesEditor (296)
[2018.09.04-21.39.04:483][824]LogModuleManager: Shutting down and abandoning module PhysXVehicles (294)
[2018.09.04-21.39.04:483][824]LogModuleManager: Shutting down and abandoning module OculusEditor (292)
[2018.09.04-21.39.04:483][824]LogModuleManager: Shutting down and abandoning module LocationServicesBPLibrary (290)
[2018.09.04-21.39.04:484][824]LogModuleManager: Shutting down and abandoning module ImmediatePhysicsEditor (288)
[2018.09.04-21.39.04:484][824]LogModuleManager: Shutting down and abandoning module ImmediatePhysics (286)
[2018.09.04-21.39.04:484][824]LogModuleManager: Shutting down and abandoning module ActorSequence (284)
[2018.09.04-21.39.04:484][824]LogModuleManager: Shutting down and abandoning module UdpMessaging (282)
[2018.09.04-21.39.04:585][824]LogModuleManager: Shutting down and abandoning module TcpMessaging (280)
[2018.09.04-21.39.04:686][824]LogModuleManager: Shutting down and abandoning module MagicLeapAudio (278)
[2018.09.04-21.39.04:686][824]LogModuleManager: Shutting down and abandoning module GameplayTagsEditor (276)
[2018.09.04-21.39.04:686][824]LogModuleManager: Shutting down and abandoning module FacialAnimationEditor (274)
[2018.09.04-21.39.04:686][824]LogModuleManager: Shutting down and abandoning module FacialAnimation (272)
[2018.09.04-21.39.04:686][824]LogModuleManager: Shutting down and abandoning module DataValidation (270)
[2018.09.04-21.39.04:686][824]LogModuleManager: Shutting down and abandoning module AssetManagerEditor (268)
[2018.09.04-21.39.04:686][824]LogModuleManager: Shutting down and abandoning module LevelEditor (267)
[2018.09.04-21.39.04:686][824]LogModuleManager: Shutting down and abandoning module PixelInspectorModule (266)
[2018.09.04-21.39.04:686][824]LogModuleManager: Shutting down and abandoning module CommonMenuExtensions (264)
[2018.09.04-21.39.04:686][824]LogModuleManager: Shutting down and abandoning module MainFrame (262)
[2018.09.04-21.39.04:686][824]LogModuleManager: Shutting down and abandoning module HotReload (261)
[2018.09.04-21.39.04:687][824]LogModuleManager: Shutting down and abandoning module ContentBrowser (257)
[2018.09.04-21.39.04:688][824]LogModuleManager: Shutting down and abandoning module TreeMap (255)
[2018.09.04-21.39.04:688][824]LogModuleManager: Shutting down and abandoning module LightPropagationVolumeRuntime (252)
[2018.09.04-21.39.04:688][824]LogModuleManager: Shutting down and abandoning module AISupportModule (250)
[2018.09.04-21.39.04:688][824]LogModuleManager: Shutting down and abandoning module Paper2D (248)
[2018.09.04-21.39.04:688][824]LogModuleManager: Shutting down and abandoning module WindowsMoviePlayer (246)
[2018.09.04-21.39.04:688][824]LogModuleManager: Shutting down and abandoning module WmfMedia (244)
[2018.09.04-21.39.04:690][824]LogModuleManager: Shutting down and abandoning module Media (243)
[2018.09.04-21.39.04:697][824]LogModuleManager: Shutting down and abandoning module PacketHandler (240)
[2018.09.04-21.39.04:697][824]LogModuleManager: Shutting down and abandoning module ClothingSystemEditor (238)
[2018.09.04-21.39.04:697][824]LogModuleManager: Shutting down and abandoning module ClothingSystemRuntime (236)
[2018.09.04-21.39.04:697][824]LogModuleManager: Shutting down and abandoning module MediaAssets (234)
[2018.09.04-21.39.04:697][824]LogModuleManager: Shutting down and abandoning module Overlay (232)
[2018.09.04-21.39.04:697][824]LogModuleManager: Shutting down and abandoning module OverlayEditor (231)
[2018.09.04-21.39.04:697][824]LogModuleManager: Shutting down and abandoning module VREditor (228)
[2018.09.04-21.39.04:697][824]LogModuleManager: Shutting down and abandoning module StringTableEditor (226)
[2018.09.04-21.39.04:697][824]LogModuleManager: Shutting down and abandoning module GameplayTasksEditor (224)
[2018.09.04-21.39.04:697][824]LogModuleManager: Shutting down and abandoning module BehaviorTreeEditor (222)
[2018.09.04-21.39.04:697][824]LogModuleManager: Shutting down and abandoning module FunctionalTesting (220)
[2018.09.04-21.39.04:697][824]LogModuleManager: Shutting down and abandoning module CollisionAnalyzer (218)
[2018.09.04-21.39.04:697][824]LogModuleManager: Shutting down and abandoning module WorkspaceMenuStructure (217)
[2018.09.04-21.39.04:697][824]LogModuleManager: Shutting down and abandoning module UMG (214)
[2018.09.04-21.39.04:697][824]LogModuleManager: Shutting down and abandoning module UMGEditor (213)
[2018.09.04-21.39.04:697][824]LogModuleManager: Shutting down and abandoning module Sequencer (212)
[2018.09.04-21.39.04:697][824]LogModuleManager: Shutting down and abandoning module MessageLog (209)
[2018.09.04-21.39.04:697][824]LogModuleManager: Shutting down and abandoning module SlateReflector (204)
[2018.09.04-21.39.04:697][824]LogModuleManager: Shutting down and abandoning module Slate (202)
[2018.09.04-21.39.04:697][824]LogModuleManager: Shutting down and abandoning module EditorStyle (200)
[2018.09.04-21.39.04:699][824]LogModuleManager: Shutting down and abandoning module MRMesh (198)
[2018.09.04-21.39.04:699][824]LogModuleManager: Shutting down and abandoning module SourceCodeAccess (196)
[2018.09.04-21.39.04:699][824]LogModuleManager: Shutting down and abandoning module HeadMountedDisplay (194)
[2018.09.04-21.39.04:699][824]LogModuleManager: Shutting down and abandoning module XAudio2 (192)
[2018.09.04-21.39.04:699][824]LogModuleManager: Shutting down and abandoning module Networking (190)
[2018.09.04-21.39.04:699][824]LogModuleManager: Shutting down and abandoning module Core (188)
[2018.09.04-21.39.04:699][824]LogModuleManager: Shutting down and abandoning module LevelSequence (186)
[2018.09.04-21.39.04:699][824]LogModuleManager: Shutting down and abandoning module KismetCompiler (184)
[2018.09.04-21.39.04:699][824]LogModuleManager: Shutting down and abandoning module MeshUtilities (182)
[2018.09.04-21.39.04:699][824]LogModuleManager: Shutting down and abandoning module MeshMergeUtilities (181)
[2018.09.04-21.39.04:699][824]LogModuleManager: Shutting down and abandoning module MeshReductionInterface (180)
[2018.09.04-21.39.04:699][824]LogModuleManager: Shutting down and abandoning module SimplygonSwarm (179)
[2018.09.04-21.39.04:699][824]LogModuleManager: Shutting down and abandoning module ProxyLODMeshReduction (177)
[2018.09.04-21.39.04:700][824]LogModuleManager: Shutting down and abandoning module SimplygonMeshReduction (175)
[2018.09.04-21.39.04:700][824]LogModuleManager: Shutting down and abandoning module QuadricMeshReduction (173)
[2018.09.04-21.39.04:700][824]LogModuleManager: Shutting down and abandoning module MaterialBaking (169)
[2018.09.04-21.39.04:700][824]LogModuleManager: Shutting down and abandoning module DirectoryWatcher (165)
[2018.09.04-21.39.04:700][824]LogModuleManager: Shutting down and abandoning module DerivedDataCache (162)
[2018.09.04-21.39.04:759][824]LogDerivedDataCache: Shutdown
[2018.09.04-21.39.04:759][824]LogModuleManager: Shutting down and abandoning module XGEController (160)
[2018.09.04-21.39.04:759][824]LogModuleManager: Shutting down and abandoning module TargetPlatform (158)
[2018.09.04-21.39.04:759][824]LogModuleManager: Shutting down and abandoning module VulkanShaderFormat (157)
[2018.09.04-21.39.04:759][824]LogModuleManager: Shutting down and abandoning module ShaderFormatVectorVM (155)
[2018.09.04-21.39.04:759][824]LogModuleManager: Shutting down and abandoning module ShaderFormatOpenGL (153)
[2018.09.04-21.39.04:759][824]LogModuleManager: Shutting down and abandoning module ShaderFormatD3D (151)
[2018.09.04-21.39.04:759][824]LogModuleManager: Shutting down and abandoning module MetalShaderFormat (149)
[2018.09.04-21.39.04:759][824]LogModuleManager: Shutting down and abandoning module TextureFormatUncompressed (147)
[2018.09.04-21.39.04:759][824]LogModuleManager: Shutting down and abandoning module TextureFormatPVR (145)
[2018.09.04-21.39.04:759][824]LogModuleManager: Shutting down and abandoning module TextureFormatDXT (143)
[2018.09.04-21.39.04:759][824]LogModuleManager: Shutting down and abandoning module TextureFormatIntelISPCTexComp (141)
[2018.09.04-21.39.04:759][824]LogModuleManager: Shutting down and abandoning module TextureFormatASTC (139)
[2018.09.04-21.39.04:759][824]LogModuleManager: Shutting down and abandoning module ImageWrapper (138)
[2018.09.04-21.39.04:759][824]LogModuleManager: Shutting down and abandoning module TextureFormatAndroid (135)
[2018.09.04-21.39.04:759][824]LogModuleManager: Shutting down and abandoning module AudioFormatOpus (133)
[2018.09.04-21.39.04:759][824]LogModuleManager: Shutting down and abandoning module AudioFormatOgg (131)
[2018.09.04-21.39.04:759][824]LogModuleManager: Shutting down and abandoning module AudioFormatADPCM (129)
[2018.09.04-21.39.04:759][824]LogModuleManager: Shutting down and abandoning module LuminTargetPlatform (127)
[2018.09.04-21.39.04:760][824]LogModuleManager: Shutting down and abandoning module LinuxTargetPlatform (125)
[2018.09.04-21.39.04:760][824]LogModuleManager: Shutting down and abandoning module LinuxServerTargetPlatform (123)
[2018.09.04-21.39.04:760][824]LogModuleManager: Shutting down and abandoning module LinuxNoEditorTargetPlatform (121)
[2018.09.04-21.39.04:760][824]LogModuleManager: Shutting down and abandoning module LinuxClientTargetPlatform (119)
[2018.09.04-21.39.04:760][824]LogModuleManager: Shutting down and abandoning module TVOSTargetPlatform (117)
[2018.09.04-21.39.04:760][824]LogModuleManager: Shutting down and abandoning module Messaging (115)
[2018.09.04-21.39.04:760][824]LogModuleManager: Shutting down and abandoning module IOSTargetPlatform (113)
[2018.09.04-21.39.04:761][824]LogModuleManager: Shutting down and abandoning module HTML5TargetPlatform (111)
[2018.09.04-21.39.04:761][824]LogModuleManager: Shutting down and abandoning module AndroidTargetPlatform (109)
[2018.09.04-21.39.04:766][824]LogModuleManager: Shutting down and abandoning module WindowsTargetPlatform (107)
[2018.09.04-21.39.04:766][824]LogModuleManager: Shutting down and abandoning module WindowsServerTargetPlatform (105)
[2018.09.04-21.39.04:766][824]LogModuleManager: Shutting down and abandoning module WindowsNoEditorTargetPlatform (103)
[2018.09.04-21.39.04:766][824]LogModuleManager: Shutting down and abandoning module WindowsClientTargetPlatform (101)
[2018.09.04-21.39.04:766][824]LogModuleManager: Shutting down and abandoning module MacTargetPlatform (99)
[2018.09.04-21.39.04:766][824]LogModuleManager: Shutting down and abandoning module MacServerTargetPlatform (97)
[2018.09.04-21.39.04:766][824]LogModuleManager: Shutting down and abandoning module MacNoEditorTargetPlatform (95)
[2018.09.04-21.39.04:766][824]LogModuleManager: Shutting down and abandoning module MacClientTargetPlatform (93)
[2018.09.04-21.39.04:766][824]LogModuleManager: Shutting down and abandoning module AllDesktopTargetPlatform (91)
[2018.09.04-21.39.04:766][824]LogModuleManager: Shutting down and abandoning module InputCore (88)
[2018.09.04-21.39.04:766][824]LogModuleManager: Shutting down and abandoning module Settings (86)
[2018.09.04-21.39.04:766][824]LogModuleManager: Shutting down and abandoning module PhysXCooking (84)
[2018.09.04-21.39.04:766][824]LogModuleManager: Shutting down and abandoning module SteamVR (82)
[2018.09.04-21.39.04:766][824]LogModuleManager: Shutting down and abandoning module OculusHMD (80)
[2018.09.04-21.39.04:766][824]LogModuleManager: Shutting down and abandoning module ExampleDeviceProfileSelector (78)
[2018.09.04-21.39.04:766][824]LogModuleManager: Shutting down and abandoning module LauncherChunkInstaller (76)
[2018.09.04-21.39.04:766][824]LogModuleManager: Shutting down and abandoning module OnlineBlueprintSupport (74)
[2018.09.04-21.39.04:766][824]LogModuleManager: Shutting down and abandoning module OnlineSubsystem (70)
[2018.09.04-21.39.04:767][824]LogModuleManager: Shutting down and abandoning module XMPP (65)
[2018.09.04-21.39.04:767][824]LogModuleManager: Shutting down and abandoning module WebSockets (64)
[2018.09.04-21.39.04:769][824]LogModuleManager: Shutting down and abandoning module HTTP (61)
[2018.09.04-21.39.04:769][824]LogHttp: Display: Http module shutting down, but needs to wait on 1 outstanding Http requests:
[2018.09.04-21.39.04:769][824]LogHttp: Display: 	verb=[POST] url=[https://datarouter.ol.epicgames.com/datarouter/api/v1/public/data?SessionID=%7B73E9D9B0-47DE-C86B-EBDB-779946760C4B%7D&AppID=UEEditor.Rocket.Release&AppVersion=4.20.2-4302132%2B%2B%2BUE4%2BRelease-4.20&UserID=e261cc694b6069a36226a993a24140ca%7Cab7ca899fe5f40b1839e43b655345d4d%7Cc022459f-02f4-4e83-886c-98eb2ca941b9&AppEnvironment=datacollector-binary&UploadType=eteventstream] status=Processing
[2018.09.04-21.39.04:786][824]LogModuleManager: Shutting down and abandoning module SSL (60)
[2018.09.04-21.39.04:786][824]LogModuleManager: Shutting down and abandoning module MagicLeapEmulator (56)
[2018.09.04-21.39.04:786][824]LogModuleManager: Shutting down and abandoning module MagicLeapPrivileges (54)
[2018.09.04-21.39.04:786][824]LogModuleManager: Shutting down and abandoning module MagicLeapIdentity (52)
[2018.09.04-21.39.04:786][824]LogModuleManager: Shutting down and abandoning module MagicLeapHelperVulkan (50)
[2018.09.04-21.39.04:786][824]LogModuleManager: Shutting down and abandoning module MagicLeapHelperOpenGL (48)
[2018.09.04-21.39.04:786][824]LogModuleManager: Shutting down and abandoning module MagicLeapSecureStorage (46)
[2018.09.04-21.39.04:786][824]LogModuleManager: Shutting down and abandoning module MagicLeapGestures (44)
[2018.09.04-21.39.04:786][824]LogModuleManager: Shutting down and abandoning module MagicLeapEyeTracker (42)
[2018.09.04-21.39.04:786][824]LogModuleManager: Shutting down and abandoning module MagicLeapController (40)
[2018.09.04-21.39.04:786][824]LogSlate: Slate User Destroyed.  User Index 0, Is Virtual User: 0
[2018.09.04-21.39.04:786][824]LogModuleManager: Shutting down and abandoning module MagicLeap (38)
[2018.09.04-21.39.04:787][824]LogModuleManager: Shutting down and abandoning module AnimationModifiers (36)
[2018.09.04-21.39.04:787][824]LogModuleManager: Shutting down and abandoning module PropertyEditor (35)
[2018.09.04-21.39.04:787][824]LogModuleManager: Shutting down and abandoning module AudioEditor (32)
[2018.09.04-21.39.04:787][824]LogModuleManager: Shutting down and abandoning module TextureCompressor (30)
[2018.09.04-21.39.04:787][824]LogModuleManager: Shutting down and abandoning module ShaderCore (28)
[2018.09.04-21.39.04:787][824]LogModuleManager: Shutting down and abandoning module Landscape (26)
[2018.09.04-21.39.04:787][824]LogModuleManager: Shutting down and abandoning module SlateRHIRenderer (24)
[2018.09.04-21.39.04:787][824]LogModuleManager: Shutting down and abandoning module OpenGLDrv (22)
[2018.09.04-21.39.04:787][824]LogModuleManager: Shutting down and abandoning module D3D11RHI (20)
[2018.09.04-21.39.04:787][824]LogModuleManager: Shutting down and abandoning module AnimGraphRuntime (18)
[2018.09.04-21.39.04:787][824]LogModuleManager: Shutting down and abandoning module Renderer (16)
[2018.09.04-21.39.04:787][824]LogModuleManager: Shutting down and abandoning module Engine (14)
[2018.09.04-21.39.04:787][824]LogModuleManager: Shutting down and abandoning module CoreUObject (12)
[2018.09.04-21.39.04:787][824]LogModuleManager: Shutting down and abandoning module NetworkFile (10)
[2018.09.04-21.39.04:787][824]LogModuleManager: Shutting down and abandoning module CookedIterativeFile (8)
[2018.09.04-21.39.04:787][824]LogModuleManager: Shutting down and abandoning module StreamingFile (6)
[2018.09.04-21.39.04:787][824]LogModuleManager: Shutting down and abandoning module SandboxFile (4)
[2018.09.04-21.39.04:787][824]LogModuleManager: Shutting down and abandoning module PakFile (2)
[2018.09.04-21.39.04:793][824]LogExit: Exiting.
[2018.09.04-21.39.04:833][824]Log file closed, 09/05/18 09:39:04
