Log file open, 09/05/18 14:06:15
LogWindows: Failed to load 'aqProf.dll' (GetLastError=126)
LogWindows: File 'aqProf.dll' does not exist
LogWindows: Failed to load 'VSPerf140.dll' (GetLastError=126)
LogWindows: File 'VSPerf140.dll' does not exist
LogWindows: Failed to load 'VtuneApi.dll' (GetLastError=126)
LogWindows: File 'VtuneApi.dll' does not exist
LogWindows: Failed to load 'VtuneApi32e.dll' (GetLastError=126)
LogWindows: File 'VtuneApi32e.dll' does not exist
LogInit: Display: Running engine for game: GrabCharacter
LogPlatformFile: Not using cached read wrapper
LogTaskGraph: Started task graph with 5 named threads and 23 total threads with 3 sets of task threads.
LogStats: Stats thread started at 0.259365
LogD3D11RHI: Loaded GFSDK_Aftermath_Lib.x64.dll
LogICUInternationalization: Display: ICU TimeZone Detection - Raw Offset: +12:00, Platform Override: ''
LogPluginManager: Mounting plugin Paper2D
LogPluginManager: Mounting plugin AISupport
LogPluginManager: Mounting plugin LightPropagationVolume
LogPluginManager: Mounting plugin CLionSourceCodeAccess
LogPluginManager: Mounting plugin CodeLiteSourceCodeAccess
LogPluginManager: Mounting plugin GitSourceControl
LogPluginManager: Mounting plugin KDevelopSourceCodeAccess
LogPluginManager: Mounting plugin NullSourceCodeAccess
LogPluginManager: Mounting plugin PerforceSourceControl
LogPluginManager: Mounting plugin SubversionSourceControl
LogPluginManager: Mounting plugin UObjectPlugin
LogPluginManager: Mounting plugin VisualStudioCodeSourceCodeAccess
LogPluginManager: Mounting plugin VisualStudioSourceCodeAccess
LogPluginManager: Mounting plugin XCodeSourceCodeAccess
LogPluginManager: Mounting plugin AssetManagerEditor
LogPluginManager: Mounting plugin CryptoKeys
LogPluginManager: Mounting plugin DataValidation
LogPluginManager: Mounting plugin FacialAnimation
LogPluginManager: Mounting plugin GameplayTagsEditor
LogPluginManager: Mounting plugin MacGraphicsSwitching
LogPluginManager: Mounting plugin MeshEditor
LogPluginManager: Mounting plugin MobileLauncherProfileWizard
LogPluginManager: Mounting plugin PluginBrowser
LogPluginManager: Mounting plugin SpeedTreeImporter
LogPluginManager: Mounting plugin DatasmithContent
LogPluginManager: Mounting plugin AlembicImporter
LogPluginManager: Mounting plugin AppleImageUtils
LogPluginManager: Mounting plugin AppleVision
LogPluginManager: Mounting plugin BackChannel
LogPluginManager: Mounting plugin CharacterAI
LogPluginManager: Mounting plugin GeometryCache
LogPluginManager: Mounting plugin HTML5Networking
LogPluginManager: Mounting plugin ProxyLODPlugin
LogPluginManager: Mounting plugin MagicLeap
LogPluginManager: Mounting plugin MagicLeapEmulator
LogPluginManager: Mounting plugin MagicLeapMedia
LogPluginManager: Mounting plugin AndroidMedia
LogPluginManager: Mounting plugin AvfMedia
LogPluginManager: Mounting plugin ImgMedia
LogPluginManager: Mounting plugin LinearTimecode
LogPluginManager: Mounting plugin MediaCompositing
LogPluginManager: Mounting plugin MediaPlayerEditor
LogPluginManager: Mounting plugin WmfMedia
LogPluginManager: Mounting plugin TcpMessaging
LogPluginManager: Mounting plugin UdpMessaging
LogPluginManager: Mounting plugin ActorSequence
LogPluginManager: Mounting plugin LevelSequenceEditor
LogPluginManager: Mounting plugin MatineeToLevelSequence
LogPluginManager: Mounting plugin NetcodeUnitTest
LogPluginManager: Mounting plugin NUTUnrealEngine4
LogPluginManager: Mounting plugin OnlineSubsystemGooglePlay
LogPluginManager: Mounting plugin OnlineSubsystemIOS
LogPluginManager: Mounting plugin OnlineSubsystem
LogPluginManager: Mounting plugin OnlineSubsystemNull
LogPluginManager: Mounting plugin OnlineSubsystemUtils
LogPluginManager: Mounting plugin LauncherChunkInstaller
LogPluginManager: Mounting plugin AndroidDeviceProfileSelector
LogPluginManager: Mounting plugin AndroidMoviePlayer
LogPluginManager: Mounting plugin AndroidPermission
LogPluginManager: Mounting plugin AppleMoviePlayer
LogPluginManager: Mounting plugin ArchVisCharacter
LogPluginManager: Mounting plugin AudioCapture
LogPluginManager: Mounting plugin CableComponent
LogPluginManager: Mounting plugin CustomMeshComponent
LogPluginManager: Mounting plugin EditableMesh
LogPluginManager: Mounting plugin ExampleDeviceProfileSelector
LogPluginManager: Mounting plugin GoogleCloudMessaging
LogPluginManager: Mounting plugin ImmediatePhysics
LogPluginManager: Mounting plugin IOSDeviceProfileSelector
LogPluginManager: Mounting plugin LinuxDeviceProfileSelector
LogPluginManager: Mounting plugin LocationServicesBPLibrary
LogPluginManager: Mounting plugin MobilePatchingUtils
LogPluginManager: Mounting plugin OculusVR
LogPluginManager: Plugin shader directory ../../../Engine/Plugins/Runtime/Oculus/OculusVR/Shaders found
LogPluginManager: Mapping shader source directory ../../../Engine/Plugins/Runtime/Oculus/OculusVR/Shaders to virtual directory /Plugin/OculusVR
LogPluginManager: Mounting plugin PhysXVehicles
LogPluginManager: Mounting plugin ProceduralMeshComponent
LogPluginManager: Mounting plugin RuntimePhysXCooking
LogPluginManager: Mounting plugin SteamVR
LogPluginManager: Mounting plugin WindowsMoviePlayer
LogStreaming: Display: Took  0.068s to configure plugins.
LogInit: Using libcurl 7.55.1-DEV
LogInit:  - built for x86_64-pc-win32
LogInit:  - supports SSL with OpenSSL/1.0.2h
LogInit:  - supports HTTP deflate (compression) using libz 1.2.8
LogInit:  - other features:
LogInit:      CURL_VERSION_SSL
LogInit:      CURL_VERSION_LIBZ
LogInit:      CURL_VERSION_IPV6
LogInit:      CURL_VERSION_ASYNCHDNS
LogInit:      CURL_VERSION_LARGEFILE
LogInit:      CURL_VERSION_IDN
LogInit:  CurlRequestOptions (configurable via config and command line):
LogInit:  - bVerifyPeer = false  - Libcurl will NOT verify peer certificate
LogInit:  - bUseHttpProxy = false  - Libcurl will NOT use HTTP proxy
LogInit:  - bDontReuseConnections = false  - Libcurl will reuse connections
LogInit:  - CertBundlePath = nullptr  - Libcurl will use whatever was configured at build time.
LogInit:  - MaxHostConnections = 16  - Libcurl will limit the number of connections to a host
LogInit:  - LocalHostAddr = Default
LogInit:  - BufferSize = 65536
LogInit: WinSock: version 1.1 (2.2), MaxSocks=32767, MaxUdp=65467
LogHMD: Failed initializing OVRPlugin 1.25.0
LogInit: Build: ++UE4+Release-4.20-CL-4302132
LogInit: Engine Version: 4.20.2-4302132+++UE4+Release-4.20
LogInit: Compatible Engine Version: 4.20.0-4212847+++UE4+Release-4.20
LogInit: Net CL: 4212847
LogInit: OS: Windows 10 (), CPU: Intel(R) Core(TM) i7-7700 CPU @ 3.60GHz, GPU: NVIDIA GeForce GTX 1080
LogInit: Compiled (64-bit): Aug 21 2018 02:06:06
LogInit: Compiled with Visual C++: 19.13.26129.00
LogInit: Build Configuration: Development
LogInit: Branch Name: ++UE4+Release-4.20
LogInit: Command Line:  
LogInit: Base Directory: D:/Epic/UE_4.20/Engine/Binaries/Win64/
LogInit: Installed Engine Build: 1
LogDevObjectVersion: Number of dev versions registered: 20
LogDevObjectVersion:   Dev-Blueprints (B0D832E4-1F89-4F0D-ACCF-7EB736FD4AA2): 10
LogDevObjectVersion:   Dev-Build (E1C64328-A22C-4D53-A36C-8E866417BD8C): 0
LogDevObjectVersion:   Dev-Core (375EC13C-06E4-48FB-B500-84F0262A717E): 2
LogDevObjectVersion:   Dev-Editor (E4B068ED-F494-42E9-A231-DA0B2E46BB41): 24
LogDevObjectVersion:   Dev-Framework (CFFC743F-43B0-4480-9391-14DF171D2073): 34
LogDevObjectVersion:   Dev-Mobile (B02B49B5-BB20-44E9-A304-32B752E40360): 2
LogDevObjectVersion:   Dev-Networking (A4E4105C-59A1-49B5-A7C5-40C4547EDFEE): 0
LogDevObjectVersion:   Dev-Online (39C831C9-5AE6-47DC-9A44-9C173E1C8E7C): 0
LogDevObjectVersion:   Dev-Physics (78F01B33-EBEA-4F98-B9B4-84EACCB95AA2): 0
LogDevObjectVersion:   Dev-Platform (6631380F-2D4D-43E0-8009-CF276956A95A): 0
LogDevObjectVersion:   Dev-Rendering (12F88B9F-8875-4AFC-A67C-D90C383ABD29): 26
LogDevObjectVersion:   Dev-Sequencer (7B5AE74C-D270-4C10-A958-57980B212A5A): 9
LogDevObjectVersion:   Dev-VR (D7296918-1DD6-4BDD-9DE2-64A83CC13884): 2
LogDevObjectVersion:   Dev-LoadTimes (C2A15278-BFE7-4AFE-6C17-90FF531DF755): 1
LogDevObjectVersion:   Private-Geometry (6EACA3D4-40EC-4CC1-B786-8BED09428FC5): 3
LogDevObjectVersion:   Dev-AnimPhys (29E575DD-E0A3-4627-9D10-D276232CDCEA): 17
LogDevObjectVersion:   Dev-ReflectionCapture (6B266CEC-1EC7-4B8F-A30B-E4D90942FC07): 1
LogDevObjectVersion:   Dev-Automation (0DF73D61-A23F-47EA-B727-89E90C41499A): 1
LogDevObjectVersion:   FortniteMain (601D1886-AC64-4F84-AA16-D3DE0DEAC7D6): 12
LogDevObjectVersion:   Dev-Enterprise (9DFFBCD6-494F-0158-E221-12823C92A888): 1
LogStreaming: Display: Took  0.001s to delete old logs.
LogInit: Presizing for max 8388607 objects, including 0 objects not considered by GC, pre-allocating 0 bytes for permanent pool.
LogInit: Object subsystem initialized
[2018.09.05-02.06.15:522][  0]LogInit: Selected Device Profile: [Windows]
[2018.09.05-02.06.15:522][  0]LogInit: Applying CVar settings loaded from the selected device profile: [Windows]
[2018.09.05-02.06.15:529][  0]LogHAL: Display: Platform has ~ 32 GB [34317369344 / 34359738368 / 32], which maps to Largest [LargestMinGB=32, LargerMinGB=12, DefaultMinGB=8, SmallerMinGB=6, SmallestMinGB=0)
[2018.09.05-02.06.15:529][  0]LogInit: Setting Device Profile CVar: [[r.Vulkan.UseRealUBs:1]]
[2018.09.05-02.06.15:529][  0]LogInit: Going up to parent DeviceProfile []
[2018.09.05-02.06.15:529][  0]LogInit: Computer: 1805C026
[2018.09.05-02.06.15:529][  0]LogInit: User: brandonvan7367
[2018.09.05-02.06.15:529][  0]LogInit: CPU Page size=4096, Cores=4
[2018.09.05-02.06.15:529][  0]LogInit: High frequency timer resolution =3.515628 MHz
[2018.09.05-02.06.15:529][  0]LogMemory: Memory total: Physical=32.0GB (32GB approx)
[2018.09.05-02.06.15:529][  0]LogMemory: Platform Memory Stats for Windows
[2018.09.05-02.06.15:529][  0]LogMemory: Process Physical Memory: 102.09 MB used, 102.09 MB peak
[2018.09.05-02.06.15:529][  0]LogMemory: Process Virtual Memory: 93.57 MB used, 93.57 MB peak
[2018.09.05-02.06.15:529][  0]LogMemory: Physical Memory: 4636.58 MB used,  28091.01 MB free, 32727.59 MB total
[2018.09.05-02.06.15:529][  0]LogMemory: Virtual Memory: 552.51 MB used,  28091.01 MB free, 134217728.00 MB total
[2018.09.05-02.06.15:549][  0]LogInit: Using OS detected language (en-US).
[2018.09.05-02.06.15:549][  0]LogInit: Using OS detected locale (en-US).
[2018.09.05-02.06.15:549][  0]LogTextLocalizationManager: No specific localization for 'en-US' exists, so the 'en' localization will be used.
[2018.09.05-02.06.15:840][  0]LogStreaming: Display: Took  0.291s to InitEngineTextLocalization.
[2018.09.05-02.06.15:841][  0]LogInit: Setting process to per monitor DPI aware
[2018.09.05-02.06.15:869][  0]LogSlate: New Slate User Created.  User Index 0, Is Virtual User: 0
[2018.09.05-02.06.15:869][  0]LogSlate: Slate User Registered.  User Index 0, Is Virtual User: 0
[2018.09.05-02.06.16:045][  0]LogHMD: Failed to initialize OpenVR with code 110
[2018.09.05-02.06.16:045][  0]LogD3D11RHI: D3D11 adapters:
[2018.09.05-02.06.16:087][  0]LogD3D11RHI:    0. 'NVIDIA GeForce GTX 1080' (Feature Level 11_0)
[2018.09.05-02.06.16:087][  0]LogD3D11RHI:       8086/0/16363 MB DedicatedVideo/DedicatedSystem/SharedSystem, Outputs:2, VendorId:0x10de
[2018.09.05-02.06.16:089][  0]LogD3D11RHI:    1. 'Microsoft Basic Render Driver' (Feature Level 11_0)
[2018.09.05-02.06.16:089][  0]LogD3D11RHI:       0/0/16363 MB DedicatedVideo/DedicatedSystem/SharedSystem, Outputs:0, VendorId:0x1414
[2018.09.05-02.06.16:089][  0]LogD3D11RHI: Chosen D3D11 Adapter: 0
[2018.09.05-02.06.16:094][  0]LogD3D11RHI: Creating new Direct3DDevice
[2018.09.05-02.06.16:094][  0]LogD3D11RHI:     GPU DeviceId: 0x1b80 (for the marketing name, search the web for "GPU Device Id")
[2018.09.05-02.06.16:094][  0]LogWindows: EnumDisplayDevices:
[2018.09.05-02.06.16:094][  0]LogWindows:    0. 'NVIDIA GeForce GTX 1080' (P:0 D:1)
[2018.09.05-02.06.16:094][  0]LogWindows:    1. 'NVIDIA GeForce GTX 1080' (P:1 D:1)
[2018.09.05-02.06.16:094][  0]LogWindows:    2. 'NVIDIA GeForce GTX 1080' (P:0 D:0)
[2018.09.05-02.06.16:094][  0]LogWindows:    3. 'NVIDIA GeForce GTX 1080' (P:0 D:0)
[2018.09.05-02.06.16:094][  0]LogWindows:    4. 'Mirage Driver' (P:0 D:0)
[2018.09.05-02.06.16:095][  0]LogWindows: DebugString: GetVideoDriverDetailsInvalid PrimaryIsNotTheChoosenAdapter FoundDriverCount:4 
[2018.09.05-02.06.16:095][  0]LogD3D11RHI:     Adapter Name: NVIDIA GeForce GTX 1080
[2018.09.05-02.06.16:095][  0]LogD3D11RHI:   Driver Version: 388.13 (internal:23.21.13.8813, unified:388.13)
[2018.09.05-02.06.16:095][  0]LogD3D11RHI:      Driver Date: 10-27-2017
[2018.09.05-02.06.16:095][  0]LogRHI: Texture pool is 5660 MB (70% of 8086 MB)
[2018.09.05-02.06.16:116][  0]LogD3D11RHI: Async texture creation enabled
[2018.09.05-02.06.16:125][  0]LogD3D11RHI: GPU Timing Frequency: 1000.000000 (Debug: 2 1)
[2018.09.05-02.06.16:210][  0]LogShaderCompilers: Guid format shader working directory is -15 characters bigger than the processId version (../../../../../Users/brandon.van7367/Documents/BrawlyBoys/GrabCharacter/Intermediate/Shaders/WorkingDirectory/5516/).
[2018.09.05-02.06.16:210][  0]LogShaderCompilers: Cleaned the shader compiler working directory 'D:/Users/brandon.van7367/AppData/Local/Temp/UnrealShaderWorkingDir/E37132BC487D3F5B1EC199A717CEF976/'.
[2018.09.05-02.06.16:423][  0]LogTemp: Display: Loaded TP AllDesktopTargetPlatform
[2018.09.05-02.06.16:434][  0]LogTemp: Display: Loaded TP MacClientTargetPlatform
[2018.09.05-02.06.16:445][  0]LogTemp: Display: Loaded TP MacNoEditorTargetPlatform
[2018.09.05-02.06.16:456][  0]LogTemp: Display: Loaded TP MacServerTargetPlatform
[2018.09.05-02.06.16:466][  0]LogTemp: Display: Loaded TP MacTargetPlatform
[2018.09.05-02.06.16:477][  0]LogTemp: Display: Loaded TP WindowsClientTargetPlatform
[2018.09.05-02.06.16:488][  0]LogTemp: Display: Loaded TP WindowsNoEditorTargetPlatform
[2018.09.05-02.06.16:499][  0]LogTemp: Display: Loaded TP WindowsServerTargetPlatform
[2018.09.05-02.06.16:504][  0]LogTemp: Display: Loaded TP WindowsTargetPlatform
[2018.09.05-02.06.16:567][  0]LogTemp: Display: Loaded TP AndroidTargetPlatform
[2018.09.05-02.06.16:567][  0]LogTemp: Display: Loaded TP AndroidTargetPlatform
[2018.09.05-02.06.16:567][  0]LogTemp: Display: Loaded TP AndroidTargetPlatform
[2018.09.05-02.06.16:567][  0]LogTemp: Display: Loaded TP AndroidTargetPlatform
[2018.09.05-02.06.16:567][  0]LogTemp: Display: Loaded TP AndroidTargetPlatform
[2018.09.05-02.06.16:567][  0]LogTemp: Display: Loaded TP AndroidTargetPlatform
[2018.09.05-02.06.16:567][  0]LogTemp: Display: Loaded TP AndroidTargetPlatform
[2018.09.05-02.06.16:567][  0]LogTemp: Display: Loaded TP AndroidTargetPlatform
[2018.09.05-02.06.16:567][  0]LogTemp: Display: Loaded TP AndroidTargetPlatform
[2018.09.05-02.06.16:567][  0]LogTemp: Display: Loaded TP AndroidTargetPlatform
[2018.09.05-02.06.16:567][  0]LogTemp: Display: Loaded TP AndroidTargetPlatform
[2018.09.05-02.06.16:567][  0]LogTemp: Display: Loaded TP AndroidTargetPlatform
[2018.09.05-02.06.16:567][  0]LogTemp: Display: Loaded TP AndroidTargetPlatform
[2018.09.05-02.06.16:567][  0]LogTemp: Display: Loaded TP AndroidTargetPlatform
[2018.09.05-02.06.16:567][  0]LogTemp: Display: Loaded TP AndroidTargetPlatform
[2018.09.05-02.06.16:567][  0]LogTemp: Display: Loaded TP AndroidTargetPlatform
[2018.09.05-02.06.16:567][  0]LogTemp: Display: Loaded TP AndroidTargetPlatform
[2018.09.05-02.06.16:567][  0]LogTemp: Display: Loaded TP AndroidTargetPlatform
[2018.09.05-02.06.16:568][  0]LogTemp: Display: Loaded TP HTML5TargetPlatform
[2018.09.05-02.06.16:622][  0]LogTemp: Display: Loaded TP IOSTargetPlatform
[2018.09.05-02.06.16:622][  0]LogTemp: Display: Loaded TP IOSTargetPlatform
[2018.09.05-02.06.16:642][  0]LogTemp: Display: Loaded TP TVOSTargetPlatform
[2018.09.05-02.06.16:642][  0]LogTemp: Display: Loaded TP TVOSTargetPlatform
[2018.09.05-02.06.16:652][  0]LogTemp: Display: Loaded TP LinuxClientTargetPlatform
[2018.09.05-02.06.16:662][  0]LogTemp: Display: Loaded TP LinuxNoEditorTargetPlatform
[2018.09.05-02.06.16:673][  0]LogTemp: Display: Loaded TP LinuxServerTargetPlatform
[2018.09.05-02.06.16:683][  0]LogTemp: Display: Loaded TP LinuxTargetPlatform
[2018.09.05-02.06.16:690][  0]LogTemp: Display: Loaded TP LuminTargetPlatform
[2018.09.05-02.06.16:690][  0]LogTargetPlatformManager: Display: Building Assets For Windows
[2018.09.05-02.06.16:732][  0]LogXGEController: Cleaning working directory: D:/Users/brandon.van7367/AppData/Local/Temp/UnrealXGEWorkingDir/
[2018.09.05-02.06.16:732][  0]LogXGEController: Cannot use XGE Controller as Incredibuild is not installed on this machine.
[2018.09.05-02.06.16:733][  0]LogShaderCompilers: Cannot use XGE Shader Compiler as Incredibuild is not installed on this machine.
[2018.09.05-02.06.16:733][  0]LogShaderCompilers: Display: Using Local Shader Compiler.
[2018.09.05-02.06.17:285][  0]LogDerivedDataCache: Display: Max Cache Size: 512 MB
[2018.09.05-02.06.17:327][  0]LogDerivedDataCache: Loaded boot cache 0.04s 71MB D:/Users/brandon.van7367/AppData/Local/UnrealEngine/4.20/DerivedDataCache/Boot.ddc.
[2018.09.05-02.06.17:327][  0]LogDerivedDataCache: Display: Loaded Boot cache: D:/Users/brandon.van7367/AppData/Local/UnrealEngine/4.20/DerivedDataCache/Boot.ddc
[2018.09.05-02.06.17:327][  0]LogDerivedDataCache: FDerivedDataBackendGraph:  Pak pak cache file ../../../../../Users/brandon.van7367/Documents/BrawlyBoys/GrabCharacter/DerivedDataCache/DDC.ddp not found, will not use a pak cache.
[2018.09.05-02.06.17:327][  0]LogDerivedDataCache: Unable to find inner node Pak for hierarchical cache Hierarchy.
[2018.09.05-02.06.17:327][  0]LogDerivedDataCache: FDerivedDataBackendGraph:  CompressedPak pak cache file ../../../../../Users/brandon.van7367/Documents/BrawlyBoys/GrabCharacter/DerivedDataCache/Compressed.ddp not found, will not use a pak cache.
[2018.09.05-02.06.17:327][  0]LogDerivedDataCache: Unable to find inner node CompressedPak for hierarchical cache Hierarchy.
[2018.09.05-02.06.17:338][  0]LogDerivedDataCache: Display: Pak cache opened for reading ../../../Engine/DerivedDataCache/Compressed.ddp.
[2018.09.05-02.06.17:350][  0]LogDerivedDataCache: Using Local data cache path D:/Users/brandon.van7367/AppData/Local/UnrealEngine/Common/DerivedDataCache: Writable
[2018.09.05-02.06.17:350][  0]LogDerivedDataCache: Shared data cache path not found in *engine.ini, will not use an Shared cache.
[2018.09.05-02.06.17:350][  0]LogDerivedDataCache: Unable to find inner node Shared for hierarchical cache Hierarchy.
[2018.09.05-02.06.17:365][  0]LogMaterial: Verifying Global Shaders for PCD3D_SM5
[2018.09.05-02.06.17:366][  0]LogSlate: Using FreeType 2.6.0
[2018.09.05-02.06.17:366][  0]LogSlate: SlateFontServices - WITH_FREETYPE: 1, WITH_HARFBUZZ: 1
[2018.09.05-02.06.17:434][  0]LogAssetRegistry: FAssetRegistry took 0.0248 seconds to start up
[2018.09.05-02.06.17:676][  0]LogInit: Selected Device Profile: [Windows]
[2018.09.05-02.06.17:784][  0]LogSimplygon: Simplygon DLL not present - disabling.
[2018.09.05-02.06.17:786][  0]LogMeshReduction: Using SimplygonSwarm for distributed automatic mesh merging
[2018.09.05-02.06.17:786][  0]LogMeshReduction: Using ProxyLODMeshReduction for automatic mesh merging
[2018.09.05-02.06.17:786][  0]LogMeshReduction: Using QuadricMeshReduction for automatic static mesh reduction
[2018.09.05-02.06.17:786][  0]LogMeshReduction: No automatic skeletal mesh reduction module available
[2018.09.05-02.06.17:800][  0]LogNetVersion: GrabCharacter 1.0.0, NetCL: 4212847, EngineNetVer: 5, GameNetVer: 0 (Checksum: 1405580293)
[2018.09.05-02.06.18:199][  0]LogPackageLocalizationCache: Processed 11 localized package path(s) for 2 prioritized culture(s) in 0.074971 seconds
[2018.09.05-02.06.18:206][  0]LogUObjectArray: 38425 objects as part of root set at end of initial load.
[2018.09.05-02.06.18:206][  0]LogUObjectAllocator: 6690864 out of 0 bytes used by permanent object pool.
[2018.09.05-02.06.18:206][  0]LogUObjectArray: CloseDisregardForGC: 0/0 objects in disregard for GC pool
[2018.09.05-02.06.18:907][  0]LogTcpMessaging: Initializing TcpMessaging bridge
[2018.09.05-02.06.18:919][  0]LogUdpMessaging: Initializing bridge on interface 0.0.0.0:0 to multicast group 230.0.0.1:6666.
[2018.09.05-02.06.19:041][  0]SourceControl: Source control is disabled
[2018.09.05-02.06.19:041][  0]SourceControl: Source control is disabled
[2018.09.05-02.06.19:042][  0]SourceControl: Source control is disabled
[2018.09.05-02.06.19:043][  0]SourceControl: Source control is disabled
[2018.09.05-02.06.19:191][  0]LogAndroidPermission: UAndroidPermissionCallbackProxy::GetInstance
[2018.09.05-02.06.19:223][  0]LogOcInput: OculusInput pre-init called
[2018.09.05-02.06.19:273][  0]LogEngine: Initializing Engine...
[2018.09.05-02.06.19:274][  0]LogHMD: Failed to initialize OpenVR with code 110
[2018.09.05-02.06.19:275][  0]LogStats: UGameplayTagsManager::ConstructGameplayTagTree: ImportINI prefixes -  0.000 s
[2018.09.05-02.06.19:275][  0]LogStats: UGameplayTagsManager::ConstructGameplayTagTree: Construct from data asset -  0.000 s
[2018.09.05-02.06.19:275][  0]LogStats: UGameplayTagsManager::ConstructGameplayTagTree: ImportINI -  0.000 s
[2018.09.05-02.06.19:275][  0]LogStats: UGameplayTagsManager::ConstructGameplayTagTree: GameplayTagTreeChangedEvent.Broadcast -  0.000 s
[2018.09.05-02.06.19:440][  0]LogInit: Initializing FReadOnlyCVARCache
[2018.09.05-02.06.19:451][  0]LogAIModule: Creating AISystem for world Untitled
[2018.09.05-02.06.19:456][  0]LogInit: XAudio2 using 'Headphones (High Definition Audio Device)' : 2 channels at 48 kHz using 16 bits per sample (channel mask 0x3)
[2018.09.05-02.06.19:464][  0]LogInit: FAudioDevice initialized.
[2018.09.05-02.06.19:464][  0]LogNetVersion: Set ProjectVersion to 1.0.0.0. Version Checksum will be recalculated on next use.
[2018.09.05-02.06.19:869][  0]LogDerivedDataCache: Saved boot cache 0.40s 71MB D:/Users/brandon.van7367/AppData/Local/UnrealEngine/4.20/DerivedDataCache/Boot.ddc.
[2018.09.05-02.06.19:871][  0]LogInit: Texture streaming: Enabled
[2018.09.05-02.06.19:882][  0]LogEngineSessionManager: EngineSessionManager initialized
[2018.09.05-02.06.19:891][  0]LogInit: Transaction tracking system initialized
[2018.09.05-02.06.19:905][  0]BlueprintLog: New page: Editor Load
[2018.09.05-02.06.19:961][  0]LocalizationService: Localization service is disabled
[2018.09.05-02.06.20:176][  0]LogCook: Display: Max memory allowance for cook 16384mb min free memory 0mb
[2018.09.05-02.06.20:176][  0]LogCook: Display: Mobile HDR setting 1
[2018.09.05-02.06.20:176][  0]LogGameplayTags: Display: UGameplayTagsManager::DoneAddingNativeTags. DelegateIsBound: 0
[2018.09.05-02.06.20:176][  0]LogStats: UGameplayTagsManager::ConstructGameplayTagTree: ImportINI prefixes -  0.000 s
[2018.09.05-02.06.20:176][  0]LogStats: UGameplayTagsManager::ConstructGameplayTagTree: Construct from data asset -  0.000 s
[2018.09.05-02.06.20:176][  0]LogStats: UGameplayTagsManager::ConstructGameplayTagTree: ImportINI -  0.000 s
[2018.09.05-02.06.20:177][  0]LogStats: UGameplayTagsManager::ConstructGameplayTagTree: GameplayTagTreeChangedEvent.Broadcast -  0.000 s
[2018.09.05-02.06.20:262][  0]LogFileCache: Scanning file cache for directory 'D:/Users/brandon.van7367/Documents/BrawlyBoys/GrabCharacter/Content/' took 0.01s
[2018.09.05-02.06.20:262][  0]SourceControl: Source control is disabled
[2018.09.05-02.06.20:263][  0]Cmd: MAP LOAD FILE="../../../../../Users/brandon.van7367/Documents/BrawlyBoys/GrabCharacter/Content/EthansStuff/Maps/test.umap" TEMPLATE=0 SHOWPROGRESS=1 FEATURELEVEL=3
[2018.09.05-02.06.20:263][  0]LightingResults: New page: Lighting Build
[2018.09.05-02.06.20:265][  0]MapCheck: New page: Map Check
[2018.09.05-02.06.20:265][  0]LightingResults: New page: Lighting Build
[2018.09.05-02.06.20:554][  0]LogAIModule: Creating AISystem for world test
[2018.09.05-02.06.20:561][  0]LogEditorServer: Finished looking for orphan Actors (0.000 secs)
[2018.09.05-02.06.20:581][  0]Cmd: MAP CHECKDEP NOCLEARLOG
[2018.09.05-02.06.20:621][  0]MapCheck: Map check complete: 0 Error(s), 0 Warning(s), took 39.984ms to complete.
[2018.09.05-02.06.20:621][  0]LogFileHelpers: Loading map 'test' took 0.359
[2018.09.05-02.06.20:716][  0]LogSlate: Updating window title bar state: overlay mode, drag disabled, window buttons hidden, title bar hidden
[2018.09.05-02.06.20:722][  0]LogSlate: Updating window title bar state: overlay mode, drag disabled, window buttons hidden, title bar hidden
[2018.09.05-02.06.20:729][  0]LogSlate: Updating window title bar state: overlay mode, drag disabled, window buttons hidden, title bar hidden
[2018.09.05-02.06.20:735][  0]LogSlate: Updating window title bar state: overlay mode, drag disabled, window buttons hidden, title bar hidden
[2018.09.05-02.06.20:739][  0]LogCollectionManager: Loaded 0 collections in 0.000981 seconds
[2018.09.05-02.06.20:780][  0]LogFileCache: Scanning file cache for directory 'D:/Users/brandon.van7367/Documents/BrawlyBoys/GrabCharacter/Saved/Collections/' took 0.01s
[2018.09.05-02.06.20:780][  0]LogFileCache: Scanning file cache for directory 'D:/Users/brandon.van7367/Documents/BrawlyBoys/GrabCharacter/Content/Developers/brandonvan7367/Collections/' took 0.01s
[2018.09.05-02.06.20:780][  0]LogFileCache: Scanning file cache for directory 'D:/Users/brandon.van7367/Documents/BrawlyBoys/GrabCharacter/Content/Collections/' took 0.01s
[2018.09.05-02.06.20:780][  0]LogCollectionManager: Rebuilt the GUID cache for 0 collections in 0.000001 seconds
[2018.09.05-02.06.20:788][  0]LogContentBrowser: Native class hierarchy populated in 0.0078 seconds. Added 2572 classes and 603 folders.
[2018.09.05-02.06.20:793][  0]LogContentBrowser: Native class hierarchy updated for 'WidgetCarousel' in 0.0002 seconds. Added 0 classes and 0 folders.
[2018.09.05-02.06.20:822][  0]LogContentBrowser: Native class hierarchy updated for 'AddContentDialog' in 0.0002 seconds. Added 0 classes and 0 folders.
[2018.09.05-02.06.20:826][  0]LogContentBrowser: Native class hierarchy updated for 'SceneOutliner' in 0.0002 seconds. Added 1 classes and 2 folders.
[2018.09.05-02.06.21:620][  0]LogSlate: Only BGRA pngs, bmps or icos are supported in by External Image Picker
[2018.09.05-02.06.21:645][  0]LogSlate: Took 0.000250 seconds to synchronously load lazily loaded font '../../../Engine/Content/Slate/Fonts/Roboto-Regular.ttf' (155K)
[2018.09.05-02.06.21:648][  0]LogSlate: Took 0.000238 seconds to synchronously load lazily loaded font '../../../Engine/Content/Slate/Fonts/Roboto-Bold.ttf' (160K)
[2018.09.05-02.06.21:654][  0]LogSlate: Took 0.000263 seconds to synchronously load lazily loaded font '../../../Engine/Content/Editor/Slate/Fonts/FontAwesome.ttf' (139K)
[2018.09.05-02.06.21:744][  0]LogTemp: Executing iPhonePackager certificates Engine -bundlename com.YourCompany.GrabCharacter
[2018.09.05-02.06.21:744][  0]LogTemp: CWD: D:\Epic\UE_4.20\Engine\Binaries\DotNET\IOS
[2018.09.05-02.06.21:744][  0]LogTemp: Initial Dir: D:\Epic\UE_4.20
[2018.09.05-02.06.21:744][  0]LogTemp: Env CWD: D:\Epic\UE_4.20\Engine\Binaries\DotNET\IOS
[2018.09.05-02.06.21:744][  0]LogTemp: BranchPath = 1805C026/D/Epic/UE_4.20/Engine/Binaries --- GameBranchPath = 1805C026/D/Epic/UE_4.20/Engine/Binaries
[2018.09.05-02.06.21:744][  0]LogTemp: IPP ERROR: Could not find provision directory 'D:\Users\brandon.van7367\AppData\Local/Apple Computer/MobileDevice/Provisioning Profiles/'.
[2018.09.05-02.06.21:744][  0]LogRenderer: Reallocating scene render targets to support 1208x544 Format 10 NumSamples 1 (Frame:1).
[2018.09.05-02.06.21:857][  0]LogContentBrowser: Native class hierarchy updated for 'HierarchicalLODOutliner' in 0.0002 seconds. Added 0 classes and 0 folders.
[2018.09.05-02.06.21:858][  0]LogLoad: (Engine Initialization) Total time: 7.45 seconds
[2018.09.05-02.06.21:858][  0]LogLoad: (Engine Initialization) Total Blueprint compile time: 0.00 seconds
[2018.09.05-02.06.21:867][  0]LogWindowsTextInputMethodSystem: Display: IME system now deactivated.
[2018.09.05-02.06.21:868][  0]LogSlate: New Slate User Created.  User Index 1, Is Virtual User: 0
[2018.09.05-02.06.21:868][  0]LogSlate: Slate User Registered.  User Index 1, Is Virtual User: 0
[2018.09.05-02.06.21:890][  0]LogContentStreaming: Texture pool size now 1000 MB
[2018.09.05-02.06.21:972][  0]LogRenderer: Reallocating scene render targets to support 1208x560 Format 10 NumSamples 1 (Frame:5).
[2018.09.05-02.06.21:972][  0]LogSlate: Took 0.000144 seconds to synchronously load lazily loaded font '../../../Engine/Content/Slate/Fonts/Roboto-Light.ttf' (167K)
[2018.09.05-02.06.21:986][  1]LogAssetRegistry: Asset discovery search completed in 4.5740 seconds
[2018.09.05-02.06.21:988][  1]LogCollectionManager: Rebuilt the object cache for 0 collections in 0.000000 seconds (found 0 objects)
[2018.09.05-02.06.21:988][  1]LogCollectionManager: Fixed up redirectors for 0 collections in 0.000045 seconds (updated 0 objects)
[2018.09.05-02.06.22:887][103]LogSlate: Took 0.000239 seconds to synchronously load lazily loaded font '../../../Engine/Content/Slate/Fonts/Roboto-Light.ttf' (167K)
[2018.09.05-02.06.23:344][158]LogSlate: FSceneViewport::OnFocusLost() reason 0
[2018.09.05-02.06.23:402][165]LogTemp: Repeating last play command: New Editor Window (PIE)
[2018.09.05-02.06.23:414][165]LogBlueprintUserMessages: Early PlayInEditor Detection: Level '/Game/EthansStuff/Maps/test.test:PersistentLevel' has LevelScriptBlueprint '/Game/EthansStuff/Maps/test.test:PersistentLevel.test' with GeneratedClass '/Game/EthansStuff/Maps/test.test_C' with ClassGeneratedBy '/Game/EthansStuff/Maps/test.test:PersistentLevel.test'
[2018.09.05-02.06.23:414][165]LogPlayLevel: PlayLevel: No blueprints needed recompiling
[2018.09.05-02.06.23:426][165]PIE: New page: PIE session: test (Sep 6, 2018, 2:06:23 AM)
[2018.09.05-02.06.23:427][165]LogPlayLevel: Creating play world package: /Game/EthansStuff/Maps/UEDPIE_0_test
[2018.09.05-02.06.23:431][165]LogPlayLevel: PIE: StaticDuplicateObject took: (0.005212s)
[2018.09.05-02.06.23:432][165]LogAIModule: Creating AISystem for world test
[2018.09.05-02.06.23:433][165]LogPlayLevel: PIE: World Init took: (0.001248s)
[2018.09.05-02.06.23:433][165]LogPlayLevel: PIE: Created PIE world by copying editor world from /Game/EthansStuff/Maps/test.test to /Game/EthansStuff/Maps/UEDPIE_0_test.test (0.006686s)
[2018.09.05-02.06.23:456][165]LogInit: XAudio2 using 'Headphones (High Definition Audio Device)' : 2 channels at 48 kHz using 16 bits per sample (channel mask 0x3)
[2018.09.05-02.06.23:461][165]LogInit: FAudioDevice initialized.
[2018.09.05-02.06.23:469][165]LogSlate: Updating window title bar state: overlay mode, drag disabled, window buttons hidden, title bar hidden
[2018.09.05-02.06.23:519][165]LogLinker: Warning: Can't find file '/Game/2DSideScrollerBP/Blueprints/2DSideScrollerGameMode'
[2018.09.05-02.06.23:520][165]LogLinker: Warning: Can't find file '/Game/2DSideScrollerBP/Blueprints/2DSideScrollerGameMode'
[2018.09.05-02.06.23:520][165]LogUObjectGlobals: Warning: Failed to find object 'Class /Game/2DSideScrollerBP/Blueprints/2DSideScrollerGameMode.2DSideScrollerGameMode_C'
[2018.09.05-02.06.23:520][165]LogLoad: Game class is 'GameModeBase'
[2018.09.05-02.06.23:522][165]LogWorld: Bringing World /Game/EthansStuff/Maps/UEDPIE_0_test.test up for play (max tick rate 0) at 2018.09.05-14.06.23
[2018.09.05-02.06.23:523][165]LogWorld: Bringing up level for play took: 0.001746
[2018.09.05-02.06.23:538][165]LogContentBrowser: Native class hierarchy updated for 'MovieSceneCapture' in 0.0002 seconds. Added 10 classes and 0 folders.
[2018.09.05-02.06.23:542][165]PIE: Play in editor start time for /Game/EthansStuff/Maps/UEDPIE_0_test 0.006
[2018.09.05-02.06.23:543][165]LogBlueprintUserMessages: Late PlayInEditor Detection: Level '/Game/EthansStuff/Maps/test.test:PersistentLevel' has LevelScriptBlueprint '/Game/EthansStuff/Maps/test.test:PersistentLevel.test' with GeneratedClass '/Game/EthansStuff/Maps/test.test_C' with ClassGeneratedBy '/Game/EthansStuff/Maps/test.test:PersistentLevel.test'
[2018.09.05-02.06.23:584][165]LogRenderer: Reallocating scene render targets to support 1208x684 Format 10 NumSamples 1 (Frame:1).
[2018.09.05-02.06.33:132][306]LogBlueprintUserMessages: Early EndPlayMap Detection: Level '/Game/EthansStuff/Maps/test.test:PersistentLevel' has LevelScriptBlueprint '/Game/EthansStuff/Maps/test.test:PersistentLevel.test' with GeneratedClass '/Game/EthansStuff/Maps/test.test_C' with ClassGeneratedBy '/Game/EthansStuff/Maps/test.test:PersistentLevel.test'
[2018.09.05-02.06.33:133][306]LogSlate: Updating window title bar state: overlay mode, drag disabled, window buttons hidden, title bar hidden
[2018.09.05-02.06.33:144][306]LogSlate: Window 'GrabCharacter Game Preview Standalone (64-bit/PCD3D_SM5)' being destroyed
[2018.09.05-02.06.33:172][306]LogPlayLevel: Display: Shutting down PIE online subsystems
[2018.09.05-02.06.33:172][306]LogBlueprintUserMessages: Late EndPlayMap Detection: Level '/Game/EthansStuff/Maps/test.test:PersistentLevel' has LevelScriptBlueprint '/Game/EthansStuff/Maps/test.test:PersistentLevel.test' with GeneratedClass '/Game/EthansStuff/Maps/test.test_C' with ClassGeneratedBy '/Game/EthansStuff/Maps/test.test:PersistentLevel.test'
[2018.09.05-02.06.33:232][309]LogPlayLevel: Display: Destroying online subsystem :Context_2
[2018.09.05-02.06.50:407][368]LogAssetEditorManager: Opening Asset editor for Blueprint /Game/EthansStuff/Blueprint/OurDude.OurDude
[2018.09.05-02.06.50:759][368]LogContentBrowser: Native class hierarchy updated for 'BlueprintGraph' in 0.0005 seconds. Added 116 classes and 0 folders.
[2018.09.05-02.06.51:365][368]LogSlate: Took 0.000183 seconds to synchronously load lazily loaded font '../../../Engine/Content/Slate/Fonts/Roboto-BoldCondensed.ttf' (158K)
[2018.09.05-02.06.51:504][369]LogSlate: Took 0.000256 seconds to synchronously load lazily loaded font '../../../Engine/Content/Slate/Fonts/Roboto-Italic.ttf' (157K)
[2018.09.05-02.07.00:596][365]LogTexture: Display: Building textures: Running_2 (BGRA8, 30X30)
[2018.09.05-02.07.00:596][365]LogTexture: Display: Building textures: Running_4 (BGRA8, 30X30)
[2018.09.05-02.07.00:596][365]LogTexture: Display: Building textures: Running_3 (BGRA8, 30X30)
[2018.09.05-02.07.03:941][751]Cmd: OBJ SAVEPACKAGE PACKAGE="/Game/EthansStuff/Blueprint/OurDude" FILE="../../../../../Users/brandon.van7367/Documents/BrawlyBoys/GrabCharacter/Content/EthansStuff/Blueprint/OurDude.uasset" SILENT=true
[2018.09.05-02.07.03:978][751]LogSavePackage: Moving '../../../../../Users/brandon.van7367/Documents/BrawlyBoys/GrabCharacter/Saved/OurDude9C8B90AC4E255E61B44407BD342289F3.tmp' to '../../../../../Users/brandon.van7367/Documents/BrawlyBoys/GrabCharacter/Content/EthansStuff/Blueprint/OurDude.uasset'
[2018.09.05-02.07.08:135][218]LogAssetEditorManager: Opening Asset editor for Blueprint /Game/EthansStuff/Blueprint/Player2.Player2
[2018.09.05-02.07.18:093][281]BlueprintLog: New page: Compile Player2
[2018.09.05-02.07.19:300][386]LogTemp: Repeating last play command: New Editor Window (PIE)
[2018.09.05-02.07.19:322][386]LogBlueprintUserMessages: Early PlayInEditor Detection: Level '/Game/EthansStuff/Maps/test.test:PersistentLevel' has LevelScriptBlueprint '/Game/EthansStuff/Maps/test.test:PersistentLevel.test' with GeneratedClass '/Game/EthansStuff/Maps/test.test_C' with ClassGeneratedBy '/Game/EthansStuff/Maps/test.test:PersistentLevel.test'
[2018.09.05-02.07.19:322][386]BlueprintLog: New page: Pre-Play auto-recompile
[2018.09.05-02.07.19:336][386]LogPlayLevel: [PlayLevel] Compiling OurDude before play...
[2018.09.05-02.07.19:479][386]LogPlayLevel: PlayLevel: Blueprint regeneration took 157 ms (1 blueprints)
[2018.09.05-02.07.19:479][386]PIE: New page: PIE session: test (Sep 6, 2018, 2:07:19 AM)
[2018.09.05-02.07.19:479][386]LogPlayLevel: Creating play world package: /Game/EthansStuff/Maps/UEDPIE_0_test
[2018.09.05-02.07.19:484][386]LogPlayLevel: PIE: StaticDuplicateObject took: (0.004595s)
[2018.09.05-02.07.19:484][386]LogAIModule: Creating AISystem for world test
[2018.09.05-02.07.19:484][386]LogPlayLevel: PIE: World Init took: (0.000638s)
[2018.09.05-02.07.19:484][386]LogPlayLevel: PIE: Created PIE world by copying editor world from /Game/EthansStuff/Maps/test.test to /Game/EthansStuff/Maps/UEDPIE_0_test.test (0.005325s)
[2018.09.05-02.07.19:512][386]LogInit: XAudio2 using 'Headphones (High Definition Audio Device)' : 2 channels at 48 kHz using 16 bits per sample (channel mask 0x3)
[2018.09.05-02.07.19:517][386]LogInit: FAudioDevice initialized.
[2018.09.05-02.07.19:524][386]LogSlate: Updating window title bar state: overlay mode, drag disabled, window buttons hidden, title bar hidden
[2018.09.05-02.07.19:562][386]LogLoad: Game class is 'GameModeBase'
[2018.09.05-02.07.19:564][386]LogWorld: Bringing World /Game/EthansStuff/Maps/UEDPIE_0_test.test up for play (max tick rate 0) at 2018.09.05-14.07.19
[2018.09.05-02.07.19:564][386]LogWorld: Bringing up level for play took: 0.001747
[2018.09.05-02.07.19:581][386]PIE: Play in editor start time for /Game/EthansStuff/Maps/UEDPIE_0_test 0.046
[2018.09.05-02.07.19:581][386]LogBlueprintUserMessages: Late PlayInEditor Detection: Level '/Game/EthansStuff/Maps/test.test:PersistentLevel' has LevelScriptBlueprint '/Game/EthansStuff/Maps/test.test:PersistentLevel.test' with GeneratedClass '/Game/EthansStuff/Maps/test.test_C' with ClassGeneratedBy '/Game/EthansStuff/Maps/test.test:PersistentLevel.test'
[2018.09.05-02.07.25:920][962]LogBlueprintUserMessages: Early EndPlayMap Detection: Level '/Game/EthansStuff/Maps/test.test:PersistentLevel' has LevelScriptBlueprint '/Game/EthansStuff/Maps/test.test:PersistentLevel.test' with GeneratedClass '/Game/EthansStuff/Maps/test.test_C' with ClassGeneratedBy '/Game/EthansStuff/Maps/test.test:PersistentLevel.test'
[2018.09.05-02.07.25:921][962]LogSlate: Updating window title bar state: overlay mode, drag disabled, window buttons hidden, title bar hidden
[2018.09.05-02.07.25:934][962]LogSlate: Window 'GrabCharacter Game Preview Standalone (64-bit/PCD3D_SM5)' being destroyed
[2018.09.05-02.07.25:973][962]LogPlayLevel: Display: Shutting down PIE online subsystems
[2018.09.05-02.07.25:973][962]LogBlueprintUserMessages: Late EndPlayMap Detection: Level '/Game/EthansStuff/Maps/test.test:PersistentLevel' has LevelScriptBlueprint '/Game/EthansStuff/Maps/test.test:PersistentLevel.test' with GeneratedClass '/Game/EthansStuff/Maps/test.test_C' with ClassGeneratedBy '/Game/EthansStuff/Maps/test.test:PersistentLevel.test'
[2018.09.05-02.07.26:129][963]LogPlayLevel: Display: Destroying online subsystem :Context_5
[2018.09.05-02.07.27:729][141]LogTemp: Repeating last play command: New Editor Window (PIE)
[2018.09.05-02.07.27:745][141]LogBlueprintUserMessages: Early PlayInEditor Detection: Level '/Game/EthansStuff/Maps/test.test:PersistentLevel' has LevelScriptBlueprint '/Game/EthansStuff/Maps/test.test:PersistentLevel.test' with GeneratedClass '/Game/EthansStuff/Maps/test.test_C' with ClassGeneratedBy '/Game/EthansStuff/Maps/test.test:PersistentLevel.test'
[2018.09.05-02.07.27:745][141]LogPlayLevel: PlayLevel: No blueprints needed recompiling
[2018.09.05-02.07.27:745][141]PIE: New page: PIE session: test (Sep 6, 2018, 2:07:27 AM)
[2018.09.05-02.07.27:745][141]LogPlayLevel: Creating play world package: /Game/EthansStuff/Maps/UEDPIE_0_test
[2018.09.05-02.07.27:750][141]LogPlayLevel: PIE: StaticDuplicateObject took: (0.004845s)
[2018.09.05-02.07.27:751][141]LogAIModule: Creating AISystem for world test
[2018.09.05-02.07.27:751][141]LogPlayLevel: PIE: World Init took: (0.000891s)
[2018.09.05-02.07.27:751][141]LogPlayLevel: PIE: Created PIE world by copying editor world from /Game/EthansStuff/Maps/test.test to /Game/EthansStuff/Maps/UEDPIE_0_test.test (0.005850s)
[2018.09.05-02.07.27:780][141]LogInit: XAudio2 using 'Headphones (High Definition Audio Device)' : 2 channels at 48 kHz using 16 bits per sample (channel mask 0x3)
[2018.09.05-02.07.27:785][141]LogInit: FAudioDevice initialized.
[2018.09.05-02.07.27:792][141]LogSlate: Updating window title bar state: overlay mode, drag disabled, window buttons hidden, title bar hidden
[2018.09.05-02.07.27:837][141]LogLoad: Game class is 'GameModeBase'
[2018.09.05-02.07.27:839][141]LogWorld: Bringing World /Game/EthansStuff/Maps/UEDPIE_0_test.test up for play (max tick rate 0) at 2018.09.05-14.07.27
[2018.09.05-02.07.27:839][141]LogWorld: Bringing up level for play took: 0.001498
[2018.09.05-02.07.27:858][141]PIE: Play in editor start time for /Game/EthansStuff/Maps/UEDPIE_0_test 0.323
[2018.09.05-02.07.27:858][141]LogBlueprintUserMessages: Late PlayInEditor Detection: Level '/Game/EthansStuff/Maps/test.test:PersistentLevel' has LevelScriptBlueprint '/Game/EthansStuff/Maps/test.test:PersistentLevel.test' with GeneratedClass '/Game/EthansStuff/Maps/test.test_C' with ClassGeneratedBy '/Game/EthansStuff/Maps/test.test:PersistentLevel.test'
[2018.09.05-02.07.29:710][310]LogSlate: Window 'GrabCharacter Game Preview Standalone (64-bit/PCD3D_SM5)' being destroyed
[2018.09.05-02.07.29:713][310]LogBlueprintUserMessages: Early EndPlayMap Detection: Level '/Game/EthansStuff/Maps/test.test:PersistentLevel' has LevelScriptBlueprint '/Game/EthansStuff/Maps/test.test:PersistentLevel.test' with GeneratedClass '/Game/EthansStuff/Maps/test.test_C' with ClassGeneratedBy '/Game/EthansStuff/Maps/test.test:PersistentLevel.test'
[2018.09.05-02.07.29:752][310]LogPlayLevel: Display: Shutting down PIE online subsystems
[2018.09.05-02.07.29:752][310]LogBlueprintUserMessages: Late EndPlayMap Detection: Level '/Game/EthansStuff/Maps/test.test:PersistentLevel' has LevelScriptBlueprint '/Game/EthansStuff/Maps/test.test:PersistentLevel.test' with GeneratedClass '/Game/EthansStuff/Maps/test.test_C' with ClassGeneratedBy '/Game/EthansStuff/Maps/test.test:PersistentLevel.test'
[2018.09.05-02.07.29:919][311]LogPlayLevel: Display: Destroying online subsystem :Context_6
[2018.09.05-02.07.45:615][127]LogTemp: Repeating last play command: New Editor Window (PIE)
[2018.09.05-02.07.45:627][127]LogBlueprintUserMessages: Early PlayInEditor Detection: Level '/Game/EthansStuff/Maps/test.test:PersistentLevel' has LevelScriptBlueprint '/Game/EthansStuff/Maps/test.test:PersistentLevel.test' with GeneratedClass '/Game/EthansStuff/Maps/test.test_C' with ClassGeneratedBy '/Game/EthansStuff/Maps/test.test:PersistentLevel.test'
[2018.09.05-02.07.45:627][127]BlueprintLog: New page: Pre-Play auto-recompile
[2018.09.05-02.07.45:640][127]LogPlayLevel: [PlayLevel] Compiling Player2 before play...
[2018.09.05-02.07.45:788][127]LogPlayLevel: PlayLevel: Blueprint regeneration took 161 ms (1 blueprints)
[2018.09.05-02.07.45:789][127]PIE: New page: PIE session: test (Sep 6, 2018, 2:07:45 AM)
[2018.09.05-02.07.45:789][127]LogPlayLevel: Creating play world package: /Game/EthansStuff/Maps/UEDPIE_0_test
[2018.09.05-02.07.45:793][127]LogPlayLevel: PIE: StaticDuplicateObject took: (0.004390s)
[2018.09.05-02.07.45:794][127]LogAIModule: Creating AISystem for world test
[2018.09.05-02.07.45:794][127]LogPlayLevel: PIE: World Init took: (0.001139s)
[2018.09.05-02.07.45:794][127]LogPlayLevel: PIE: Created PIE world by copying editor world from /Game/EthansStuff/Maps/test.test to /Game/EthansStuff/Maps/UEDPIE_0_test.test (0.005621s)
[2018.09.05-02.07.45:820][127]LogInit: XAudio2 using 'Headphones (High Definition Audio Device)' : 2 channels at 48 kHz using 16 bits per sample (channel mask 0x3)
[2018.09.05-02.07.45:825][127]LogInit: FAudioDevice initialized.
[2018.09.05-02.07.45:832][127]LogSlate: Updating window title bar state: overlay mode, drag disabled, window buttons hidden, title bar hidden
[2018.09.05-02.07.45:872][127]LogLoad: Game class is 'GameModeBase'
[2018.09.05-02.07.45:874][127]LogWorld: Bringing World /Game/EthansStuff/Maps/UEDPIE_0_test.test up for play (max tick rate 0) at 2018.09.05-14.07.45
[2018.09.05-02.07.45:874][127]LogWorld: Bringing up level for play took: 0.001505
[2018.09.05-02.07.45:890][127]PIE: Play in editor start time for /Game/EthansStuff/Maps/UEDPIE_0_test 0.356
[2018.09.05-02.07.45:891][127]LogBlueprintUserMessages: Late PlayInEditor Detection: Level '/Game/EthansStuff/Maps/test.test:PersistentLevel' has LevelScriptBlueprint '/Game/EthansStuff/Maps/test.test:PersistentLevel.test' with GeneratedClass '/Game/EthansStuff/Maps/test.test_C' with ClassGeneratedBy '/Game/EthansStuff/Maps/test.test:PersistentLevel.test'
[2018.09.05-02.07.47:152][231]LogBlueprintUserMessages: Early EndPlayMap Detection: Level '/Game/EthansStuff/Maps/test.test:PersistentLevel' has LevelScriptBlueprint '/Game/EthansStuff/Maps/test.test:PersistentLevel.test' with GeneratedClass '/Game/EthansStuff/Maps/test.test_C' with ClassGeneratedBy '/Game/EthansStuff/Maps/test.test:PersistentLevel.test'
[2018.09.05-02.07.47:152][231]LogSlate: Updating window title bar state: overlay mode, drag disabled, window buttons hidden, title bar hidden
[2018.09.05-02.07.47:164][231]LogSlate: Window 'GrabCharacter Game Preview Standalone (64-bit/PCD3D_SM5)' being destroyed
[2018.09.05-02.07.47:199][231]LogPlayLevel: Display: Shutting down PIE online subsystems
[2018.09.05-02.07.47:199][231]LogBlueprintUserMessages: Late EndPlayMap Detection: Level '/Game/EthansStuff/Maps/test.test:PersistentLevel' has LevelScriptBlueprint '/Game/EthansStuff/Maps/test.test:PersistentLevel.test' with GeneratedClass '/Game/EthansStuff/Maps/test.test_C' with ClassGeneratedBy '/Game/EthansStuff/Maps/test.test:PersistentLevel.test'
[2018.09.05-02.07.47:252][233]LogPlayLevel: Display: Destroying online subsystem :Context_7
[2018.09.05-02.07.50:739][641]Cmd: OBJ SAVEPACKAGE PACKAGE="/Game/EthansStuff/Blueprint/Player2" FILE="../../../../../Users/brandon.van7367/Documents/BrawlyBoys/GrabCharacter/Content/EthansStuff/Blueprint/Player2.uasset" SILENT=true
[2018.09.05-02.07.50:776][641]LogSavePackage: Moving '../../../../../Users/brandon.van7367/Documents/BrawlyBoys/GrabCharacter/Saved/Player230E5314749B1651DCD9D61812345C125.tmp' to '../../../../../Users/brandon.van7367/Documents/BrawlyBoys/GrabCharacter/Content/EthansStuff/Blueprint/Player2.uasset'
[2018.09.05-02.07.51:342][708]BlueprintLog: New page: Compile Player2
[2018.09.05-02.07.56:250][212]BlueprintLog: New page: Compile OurDude
[2018.09.05-02.07.57:523][318]LogTemp: Repeating last play command: New Editor Window (PIE)
[2018.09.05-02.07.57:547][318]LogBlueprintUserMessages: Early PlayInEditor Detection: Level '/Game/EthansStuff/Maps/test.test:PersistentLevel' has LevelScriptBlueprint '/Game/EthansStuff/Maps/test.test:PersistentLevel.test' with GeneratedClass '/Game/EthansStuff/Maps/test.test_C' with ClassGeneratedBy '/Game/EthansStuff/Maps/test.test:PersistentLevel.test'
[2018.09.05-02.07.57:547][318]LogPlayLevel: PlayLevel: No blueprints needed recompiling
[2018.09.05-02.07.57:547][318]PIE: New page: PIE session: test (Sep 6, 2018, 2:07:57 AM)
[2018.09.05-02.07.57:547][318]LogPlayLevel: Creating play world package: /Game/EthansStuff/Maps/UEDPIE_0_test
[2018.09.05-02.07.57:552][318]LogPlayLevel: PIE: StaticDuplicateObject took: (0.004805s)
[2018.09.05-02.07.57:553][318]LogAIModule: Creating AISystem for world test
[2018.09.05-02.07.57:553][318]LogPlayLevel: PIE: World Init took: (0.001024s)
[2018.09.05-02.07.57:553][318]LogPlayLevel: PIE: Created PIE world by copying editor world from /Game/EthansStuff/Maps/test.test to /Game/EthansStuff/Maps/UEDPIE_0_test.test (0.005985s)
[2018.09.05-02.07.57:579][318]LogInit: XAudio2 using 'Headphones (High Definition Audio Device)' : 2 channels at 48 kHz using 16 bits per sample (channel mask 0x3)
[2018.09.05-02.07.57:585][318]LogInit: FAudioDevice initialized.
[2018.09.05-02.07.57:592][318]LogSlate: Updating window title bar state: overlay mode, drag disabled, window buttons hidden, title bar hidden
[2018.09.05-02.07.57:633][318]LogLoad: Game class is 'GameModeBase'
[2018.09.05-02.07.57:635][318]LogWorld: Bringing World /Game/EthansStuff/Maps/UEDPIE_0_test.test up for play (max tick rate 0) at 2018.09.05-14.07.57
[2018.09.05-02.07.57:636][318]LogWorld: Bringing up level for play took: 0.001512
[2018.09.05-02.07.57:652][318]PIE: Play in editor start time for /Game/EthansStuff/Maps/UEDPIE_0_test 0.118
[2018.09.05-02.07.57:652][318]LogBlueprintUserMessages: Late PlayInEditor Detection: Level '/Game/EthansStuff/Maps/test.test:PersistentLevel' has LevelScriptBlueprint '/Game/EthansStuff/Maps/test.test:PersistentLevel.test' with GeneratedClass '/Game/EthansStuff/Maps/test.test_C' with ClassGeneratedBy '/Game/EthansStuff/Maps/test.test:PersistentLevel.test'
[2018.09.05-02.08.13:445][789]LogBlueprintUserMessages: Early EndPlayMap Detection: Level '/Game/EthansStuff/Maps/test.test:PersistentLevel' has LevelScriptBlueprint '/Game/EthansStuff/Maps/test.test:PersistentLevel.test' with GeneratedClass '/Game/EthansStuff/Maps/test.test_C' with ClassGeneratedBy '/Game/EthansStuff/Maps/test.test:PersistentLevel.test'
[2018.09.05-02.08.13:445][789]LogSlate: Updating window title bar state: overlay mode, drag disabled, window buttons hidden, title bar hidden
[2018.09.05-02.08.13:460][789]LogSlate: Window 'GrabCharacter Game Preview Standalone (64-bit/PCD3D_SM5)' being destroyed
[2018.09.05-02.08.13:501][789]LogPlayLevel: Display: Shutting down PIE online subsystems
[2018.09.05-02.08.13:502][789]LogBlueprintUserMessages: Late EndPlayMap Detection: Level '/Game/EthansStuff/Maps/test.test:PersistentLevel' has LevelScriptBlueprint '/Game/EthansStuff/Maps/test.test:PersistentLevel.test' with GeneratedClass '/Game/EthansStuff/Maps/test.test_C' with ClassGeneratedBy '/Game/EthansStuff/Maps/test.test:PersistentLevel.test'
[2018.09.05-02.08.13:658][790]LogPlayLevel: Display: Destroying online subsystem :Context_8
[2018.09.05-02.08.25:468][121]LogSlate: FSceneViewport::OnFocusLost() reason 2
[2018.09.05-02.08.29:384][317]LogSlate: Window 'Save Content' being destroyed
[2018.09.05-02.08.29:491][317]LogSlate: Window 'Player2' being destroyed
[2018.09.05-02.08.29:494][317]LogActorComponent: UnregisterComponent: (/Engine/Transient.EditorFloorComp) Not registered. Aborting.
[2018.09.05-02.08.29:544][317]LogSlate: Window 'GrabCharacter - Unreal Editor' being destroyed
[2018.09.05-02.08.29:545][317]LogWindowsTextInputMethodSystem: Display: IME system now deactivated.
[2018.09.05-02.08.29:711][318]Cmd: QUIT_EDITOR
[2018.09.05-02.08.29:795][318]LogExit: Preparing to exit.
[2018.09.05-02.08.29:994][318]LogExit: Editor shut down
[2018.09.05-02.08.29:994][318]LogExit: Transaction tracking system shut down
[2018.09.05-02.08.30:253][318]LogExit: Object subsystem successfully closed.
[2018.09.05-02.08.30:265][318]LogShaderCompilers: Display: Shaders left to compile 0
[2018.09.05-02.08.30:267][318]LogD3D11RHI: Shutdown
[2018.09.05-02.08.30:267][318]LogD3D11RHI: CleanupD3DDevice
[2018.09.05-02.08.30:269][318]LogD3D11RHI: ~FD3D11DynamicRHI
[2018.09.05-02.08.30:275][318]LogModuleManager: Shutting down and abandoning module BlueprintGraph (618)
[2018.09.05-02.08.30:275][318]LogModuleManager: Shutting down and abandoning module MovieSceneCapture (616)
[2018.09.05-02.08.30:275][318]LogModuleManager: Shutting down and abandoning module Voice (614)
[2018.09.05-02.08.30:275][318]LogModuleManager: Shutting down and abandoning module HierarchicalLODOutliner (612)
[2018.09.05-02.08.30:275][318]LogModuleManager: Shutting down and abandoning module ExternalImagePicker (610)
[2018.09.05-02.08.30:275][318]LogModuleManager: Shutting down and abandoning module SceneOutliner (608)
[2018.09.05-02.08.30:275][318]LogModuleManager: Shutting down and abandoning module AddContentDialog (606)
[2018.09.05-02.08.30:275][318]LogModuleManager: Shutting down and abandoning module WidgetCarousel (605)
[2018.09.05-02.08.30:275][318]LogModuleManager: Shutting down and abandoning module EditorWidgets (602)
[2018.09.05-02.08.30:275][318]LogModuleManager: Shutting down and abandoning module CollectionManager (600)
[2018.09.05-02.08.30:275][318]LogModuleManager: Shutting down and abandoning module StatsViewer (598)
[2018.09.05-02.08.30:275][318]LogModuleManager: Shutting down and abandoning module FoliageEdit (596)
[2018.09.05-02.08.30:275][318]LogModuleManager: Shutting down and abandoning module LandscapeEditor (594)
[2018.09.05-02.08.30:276][318]LogModuleManager: Shutting down and abandoning module MeshPaintMode (592)
[2018.09.05-02.08.30:276][318]LogModuleManager: Shutting down and abandoning module SceneDepthPickerMode (590)
[2018.09.05-02.08.30:276][318]LogModuleManager: Shutting down and abandoning module ActorPickerMode (588)
[2018.09.05-02.08.30:276][318]LogModuleManager: Shutting down and abandoning module GeometryMode (586)
[2018.09.05-02.08.30:276][318]LogModuleManager: Shutting down and abandoning module TextureAlignMode (584)
[2018.09.05-02.08.30:276][318]LogModuleManager: Shutting down and abandoning module BspMode (582)
[2018.09.05-02.08.30:276][318]LogModuleManager: Shutting down and abandoning module PIEPreviewDeviceProfileSelector (580)
[2018.09.05-02.08.30:276][318]LogModuleManager: Shutting down and abandoning module SequenceRecorderSections (578)
[2018.09.05-02.08.30:276][318]LogModuleManager: Shutting down and abandoning module AutomationWorker (576)
[2018.09.05-02.08.30:276][318]LogModuleManager: Shutting down and abandoning module AudioCaptureEditor (574)
[2018.09.05-02.08.30:276][318]LogModuleManager: Shutting down and abandoning module SequenceRecorder (573)
[2018.09.05-02.08.30:276][318]LogModuleManager: Shutting down and abandoning module MatineeToLevelSequence (570)
[2018.09.05-02.08.30:276][318]LogModuleManager: Shutting down and abandoning module LevelSequenceEditor (568)
[2018.09.05-02.08.30:276][318]LogModuleManager: Shutting down and abandoning module PlacementMode (567)
[2018.09.05-02.08.30:276][318]LogModuleManager: Shutting down and abandoning module MaterialEditor (566)
[2018.09.05-02.08.30:276][318]LogModuleManager: Shutting down and abandoning module WmfMediaFactory (562)
[2018.09.05-02.08.30:276][318]LogModuleManager: Shutting down and abandoning module WmfMediaEditor (560)
[2018.09.05-02.08.30:276][318]LogModuleManager: Shutting down and abandoning module MediaPlayerEditor (558)
[2018.09.05-02.08.30:276][318]LogModuleManager: Shutting down and abandoning module OpenExrWrapper (556)
[2018.09.05-02.08.30:276][318]LogModuleManager: Shutting down and abandoning module ImgMediaFactory (554)
[2018.09.05-02.08.30:276][318]LogModuleManager: Shutting down and abandoning module ImgMediaEditor (552)
[2018.09.05-02.08.30:276][318]LogModuleManager: Shutting down and abandoning module AvfMediaFactory (550)
[2018.09.05-02.08.30:276][318]LogModuleManager: Shutting down and abandoning module AvfMediaEditor (548)
[2018.09.05-02.08.30:276][318]LogModuleManager: Shutting down and abandoning module AndroidMediaFactory (546)
[2018.09.05-02.08.30:276][318]LogModuleManager: Shutting down and abandoning module AndroidMediaEditor (544)
[2018.09.05-02.08.30:276][318]LogModuleManager: Shutting down and abandoning module MagicLeapCameraPreviewFactory (542)
[2018.09.05-02.08.30:276][318]LogModuleManager: Shutting down and abandoning module MagicLeapMediaFactory (540)
[2018.09.05-02.08.30:276][318]LogModuleManager: Shutting down and abandoning module MagicLeapMediaEditor (538)
[2018.09.05-02.08.30:276][318]LogModuleManager: Shutting down and abandoning module CharacterAI (536)
[2018.09.05-02.08.30:276][318]LogModuleManager: Shutting down and abandoning module SmartSnapping (534)
[2018.09.05-02.08.30:276][318]LogModuleManager: Shutting down and abandoning module SessionServices (532)
[2018.09.05-02.08.30:276][318]LogModuleManager: Shutting down and abandoning module ViewportSnapping (530)
[2018.09.05-02.08.30:276][318]LogModuleManager: Shutting down and abandoning module ViewportInteraction (528)
[2018.09.05-02.08.30:276][318]LogModuleManager: Shutting down and abandoning module ClothPainter (526)
[2018.09.05-02.08.30:276][318]LogModuleManager: Shutting down and abandoning module SkeletalMeshEditor (525)
[2018.09.05-02.08.30:276][318]LogModuleManager: Shutting down and abandoning module LogVisualizer (522)
[2018.09.05-02.08.30:276][318]LogModuleManager: Shutting down and abandoning module IntroTutorials (520)
[2018.09.05-02.08.30:276][318]LogModuleManager: Shutting down and abandoning module GameProjectGeneration (519)
[2018.09.05-02.08.30:276][318]LogModuleManager: Shutting down and abandoning module LuminPlatformEditor (516)
[2018.09.05-02.08.30:276][318]LogModuleManager: Shutting down and abandoning module IOSPlatformEditor (514)
[2018.09.05-02.08.30:276][318]LogModuleManager: Shutting down and abandoning module HTML5PlatformEditor (512)
[2018.09.05-02.08.30:276][318]LogModuleManager: Shutting down and abandoning module AndroidPlatformEditor (510)
[2018.09.05-02.08.30:276][318]LogModuleManager: Shutting down and abandoning module AndroidDeviceDetection (509)
[2018.09.05-02.08.31:036][318]LogModuleManager: Shutting down and abandoning module WindowsPlatformEditor (506)
[2018.09.05-02.08.31:036][318]LogModuleManager: Shutting down and abandoning module LuminRuntimeSettings (504)
[2018.09.05-02.08.31:036][318]LogModuleManager: Shutting down and abandoning module IOSRuntimeSettings (502)
[2018.09.05-02.08.31:036][318]LogModuleManager: Shutting down and abandoning module AndroidRuntimeSettings (500)
[2018.09.05-02.08.31:036][318]LogModuleManager: Shutting down and abandoning module InputBindingEditor (498)
[2018.09.05-02.08.31:036][318]LogModuleManager: Shutting down and abandoning module MergeActors (496)
[2018.09.05-02.08.31:036][318]LogModuleManager: Shutting down and abandoning module LocalizationDashboard (494)
[2018.09.05-02.08.31:036][318]LogModuleManager: Shutting down and abandoning module LocalizationService (493)
[2018.09.05-02.08.31:036][318]LogModuleManager: Shutting down and abandoning module HardwareTargeting (490)
[2018.09.05-02.08.31:036][318]LogModuleManager: Shutting down and abandoning module DeviceProfileEditor (488)
[2018.09.05-02.08.31:036][318]LogModuleManager: Shutting down and abandoning module UndoHistory (486)
[2018.09.05-02.08.31:036][318]LogModuleManager: Shutting down and abandoning module XmlParser (484)
[2018.09.05-02.08.31:036][318]LogModuleManager: Shutting down and abandoning module Blutility (482)
[2018.09.05-02.08.31:036][318]LogModuleManager: Shutting down and abandoning module ProjectSettingsViewer (480)
[2018.09.05-02.08.31:036][318]LogModuleManager: Shutting down and abandoning module ProjectTargetPlatformEditor (479)
[2018.09.05-02.08.31:036][318]LogModuleManager: Shutting down and abandoning module EditorSettingsViewer (476)
[2018.09.05-02.08.31:036][318]LogModuleManager: Shutting down and abandoning module SettingsEditor (474)
[2018.09.05-02.08.31:036][318]LogModuleManager: Shutting down and abandoning module ProjectLauncher (472)
[2018.09.05-02.08.31:036][318]LogModuleManager: Shutting down and abandoning module SessionFrontend (470)
[2018.09.05-02.08.31:036][318]LogModuleManager: Shutting down and abandoning module ProfilerClient (468)
[2018.09.05-02.08.31:036][318]LogModuleManager: Shutting down and abandoning module DeviceManager (466)
[2018.09.05-02.08.31:036][318]LogModuleManager: Shutting down and abandoning module TargetDeviceServices (465)
[2018.09.05-02.08.31:099][318]LogModuleManager: Shutting down and abandoning module AutomationController (462)
[2018.09.05-02.08.31:099][318]LogModuleManager: Shutting down and abandoning module AutomationWindow (460)
[2018.09.05-02.08.31:099][318]LogModuleManager: Shutting down and abandoning module Layers (458)
[2018.09.05-02.08.31:099][318]LogModuleManager: Shutting down and abandoning module ComponentVisualizers (456)
[2018.09.05-02.08.31:099][318]LogModuleManager: Shutting down and abandoning module DetailCustomizations (454)
[2018.09.05-02.08.31:099][318]LogModuleManager: Shutting down and abandoning module PackagesDialog (452)
[2018.09.05-02.08.31:099][318]LogModuleManager: Shutting down and abandoning module Persona (450)
[2018.09.05-02.08.31:099][318]LogModuleManager: Shutting down and abandoning module AdvancedPreviewScene (449)
[2018.09.05-02.08.31:099][318]LogModuleManager: Shutting down and abandoning module AnimGraph (447)
[2018.09.05-02.08.31:099][318]LogModuleManager: Shutting down and abandoning module Kismet (444)
[2018.09.05-02.08.31:102][318]LogModuleManager: Shutting down and abandoning module GraphEditor (442)
[2018.09.05-02.08.31:102][318]LogModuleManager: Shutting down and abandoning module ClassViewer (440)
[2018.09.05-02.08.31:102][318]LogModuleManager: Shutting down and abandoning module Toolbox (438)
[2018.09.05-02.08.31:102][318]LogModuleManager: Shutting down and abandoning module ModuleUI (436)
[2018.09.05-02.08.31:102][318]LogModuleManager: Shutting down and abandoning module MovieSceneTools (434)
[2018.09.05-02.08.31:102][318]LogModuleManager: Shutting down and abandoning module OutputLog (432)
[2018.09.05-02.08.31:102][318]LogModuleManager: Shutting down and abandoning module GammaUI (430)
[2018.09.05-02.08.31:102][318]LogModuleManager: Shutting down and abandoning module Documentation (428)
[2018.09.05-02.08.31:103][318]LogModuleManager: Shutting down and abandoning module MovieSceneTracks (426)
[2018.09.05-02.08.31:103][318]LogModuleManager: Shutting down and abandoning module MovieScene (424)
[2018.09.05-02.08.31:103][318]LogModuleManager: Shutting down and abandoning module StreamingPauseRendering (422)
[2018.09.05-02.08.31:103][318]LogModuleManager: Shutting down and abandoning module LauncherPlatform (420)
[2018.09.05-02.08.31:103][318]LogModuleManager: Shutting down and abandoning module AnalyticsET (418)
[2018.09.05-02.08.31:103][318]LogModuleManager: Shutting down and abandoning module PortalServices (416)
[2018.09.05-02.08.31:103][318]LogModuleManager: Shutting down and abandoning module PortalRpc (414)
[2018.09.05-02.08.31:103][318]LogModuleManager: Shutting down and abandoning module MessagingRpc (412)
[2018.09.05-02.08.31:103][318]LogModuleManager: Shutting down and abandoning module AIModule (410)
[2018.09.05-02.08.31:103][318]LogModuleManager: Shutting down and abandoning module GameplayDebugger (409)
[2018.09.05-02.08.31:103][318]LogModuleManager: Shutting down and abandoning module AITestSuite (407)
[2018.09.05-02.08.31:103][318]LogModuleManager: Shutting down and abandoning module NavigationSystem (405)
[2018.09.05-02.08.31:103][318]LogModuleManager: Shutting down and abandoning module DesktopPlatform (402)
[2018.09.05-02.08.31:103][318]LogModuleManager: Shutting down and abandoning module ProfilerService (400)
[2018.09.05-02.08.31:124][318]LogModuleManager: Shutting down and abandoning module TaskGraph (398)
[2018.09.05-02.08.31:124][318]LogModuleManager: Shutting down and abandoning module SteamVRController (396)
[2018.09.05-02.08.31:124][318]LogModuleManager: Shutting down and abandoning module ProceduralMeshComponentEditor (394)
[2018.09.05-02.08.31:124][318]LogModuleManager: Shutting down and abandoning module ProceduralMeshComponent (392)
[2018.09.05-02.08.31:124][318]LogModuleManager: Shutting down and abandoning module OculusInput (390)
[2018.09.05-02.08.31:124][318]LogModuleManager: Shutting down and abandoning module MobilePatchingUtils (388)
[2018.09.05-02.08.31:124][318]LogModuleManager: Shutting down and abandoning module EditableMesh (386)
[2018.09.05-02.08.31:124][318]LogModuleManager: Shutting down and abandoning module CustomMeshComponent (384)
[2018.09.05-02.08.31:124][318]LogModuleManager: Shutting down and abandoning module CableComponent (382)
[2018.09.05-02.08.31:124][318]LogModuleManager: Shutting down and abandoning module AudioCapture (380)
[2018.09.05-02.08.31:124][318]LogModuleManager: Shutting down and abandoning module ArchVisCharacter (378)
[2018.09.05-02.08.31:124][318]LogModuleManager: Shutting down and abandoning module AndroidPermission (376)
[2018.09.05-02.08.31:124][318]LogModuleManager: Shutting down and abandoning module NUTUnrealEngine4 (374)
[2018.09.05-02.08.31:124][318]LogModuleManager: Shutting down and abandoning module NetcodeUnitTest (372)
[2018.09.05-02.08.31:124][318]LogModuleManager: Shutting down and abandoning module MediaCompositingEditor (370)
[2018.09.05-02.08.31:124][318]LogModuleManager: Shutting down and abandoning module MediaCompositing (368)
[2018.09.05-02.08.31:124][318]LogModuleManager: Shutting down and abandoning module LinearTimecode (366)
[2018.09.05-02.08.31:124][318]LogModuleManager: Shutting down and abandoning module ImgMedia (364)
[2018.09.05-02.08.31:127][318]LogModuleManager: Shutting down and abandoning module HTML5Networking (362)
[2018.09.05-02.08.31:127][318]LogModuleManager: Shutting down and abandoning module GeometryCacheTracks (360)
[2018.09.05-02.08.31:127][318]LogModuleManager: Shutting down and abandoning module GeometryCacheSequencer (358)
[2018.09.05-02.08.31:127][318]LogModuleManager: Shutting down and abandoning module BackChannel (356)
[2018.09.05-02.08.31:127][318]LogModuleManager: Shutting down and abandoning module AppleVision (354)
[2018.09.05-02.08.31:127][318]LogModuleManager: Shutting down and abandoning module AppleImageUtils (352)
[2018.09.05-02.08.31:127][318]LogModuleManager: Shutting down and abandoning module AlembicImporter (350)
[2018.09.05-02.08.31:127][318]LogModuleManager: Shutting down and abandoning module AlembicLibrary (349)
[2018.09.05-02.08.31:127][318]LogModuleManager: Shutting down and abandoning module GeometryCache (348)
[2018.09.05-02.08.31:127][318]LogModuleManager: Shutting down and abandoning module GeometryCacheEd (347)
[2018.09.05-02.08.31:127][318]LogModuleManager: Shutting down and abandoning module DatasmithContentEditor (342)
[2018.09.05-02.08.31:127][318]LogModuleManager: Shutting down and abandoning module DatasmithContent (340)
[2018.09.05-02.08.31:127][318]LogModuleManager: Shutting down and abandoning module SpeedTreeImporter (338)
[2018.09.05-02.08.31:127][318]LogModuleManager: Shutting down and abandoning module PluginBrowser (336)
[2018.09.05-02.08.31:127][318]LogModuleManager: Shutting down and abandoning module MobileLauncherProfileWizard (334)
[2018.09.05-02.08.31:127][318]LogModuleManager: Shutting down and abandoning module PolygonModeling (332)
[2018.09.05-02.08.31:127][318]LogModuleManager: Shutting down and abandoning module MeshEditor (330)
[2018.09.05-02.08.31:127][318]LogModuleManager: Shutting down and abandoning module CryptoKeysOpenSSL (328)
[2018.09.05-02.08.31:127][318]LogModuleManager: Shutting down and abandoning module CryptoKeys (326)
[2018.09.05-02.08.31:127][318]LogModuleManager: Shutting down and abandoning module VisualStudioSourceCodeAccess (324)
[2018.09.05-02.08.31:127][318]LogModuleManager: Shutting down and abandoning module VisualStudioCodeSourceCodeAccess (322)
[2018.09.05-02.08.31:127][318]LogModuleManager: Shutting down and abandoning module UObjectPlugin (320)
[2018.09.05-02.08.31:127][318]LogModuleManager: Shutting down and abandoning module SubversionSourceControl (318)
[2018.09.05-02.08.31:127][318]LogModuleManager: Shutting down and abandoning module PerforceSourceControl (316)
[2018.09.05-02.08.31:127][318]LogModuleManager: Shutting down and abandoning module GitSourceControl (314)
[2018.09.05-02.08.31:127][318]LogModuleManager: Shutting down and abandoning module SourceControl (313)
[2018.09.05-02.08.31:127][318]LogModuleManager: Shutting down and abandoning module CLionSourceCodeAccess (310)
[2018.09.05-02.08.31:127][318]LogModuleManager: Shutting down and abandoning module LightPropagationVolumeEditor (308)
[2018.09.05-02.08.31:127][318]LogModuleManager: Shutting down and abandoning module PaperTiledImporter (306)
[2018.09.05-02.08.31:127][318]LogModuleManager: Shutting down and abandoning module PaperSpriteSheetImporter (304)
[2018.09.05-02.08.31:127][318]LogModuleManager: Shutting down and abandoning module Paper2DEditor (302)
[2018.09.05-02.08.31:127][318]LogModuleManager: Shutting down and abandoning module MeshPaint (301)
[2018.09.05-02.08.31:127][318]LogModuleManager: Shutting down and abandoning module RuntimePhysXCooking (298)
[2018.09.05-02.08.31:127][318]LogModuleManager: Shutting down and abandoning module PhysXVehiclesEditor (296)
[2018.09.05-02.08.31:128][318]LogModuleManager: Shutting down and abandoning module PhysXVehicles (294)
[2018.09.05-02.08.31:128][318]LogModuleManager: Shutting down and abandoning module OculusEditor (292)
[2018.09.05-02.08.31:128][318]LogModuleManager: Shutting down and abandoning module LocationServicesBPLibrary (290)
[2018.09.05-02.08.31:128][318]LogModuleManager: Shutting down and abandoning module ImmediatePhysicsEditor (288)
[2018.09.05-02.08.31:128][318]LogModuleManager: Shutting down and abandoning module ImmediatePhysics (286)
[2018.09.05-02.08.31:128][318]LogModuleManager: Shutting down and abandoning module ActorSequence (284)
[2018.09.05-02.08.31:128][318]LogModuleManager: Shutting down and abandoning module UdpMessaging (282)
[2018.09.05-02.08.31:228][318]LogModuleManager: Shutting down and abandoning module TcpMessaging (280)
[2018.09.05-02.08.31:328][318]LogModuleManager: Shutting down and abandoning module MagicLeapAudio (278)
[2018.09.05-02.08.31:328][318]LogModuleManager: Shutting down and abandoning module GameplayTagsEditor (276)
[2018.09.05-02.08.31:328][318]LogModuleManager: Shutting down and abandoning module FacialAnimationEditor (274)
[2018.09.05-02.08.31:328][318]LogModuleManager: Shutting down and abandoning module FacialAnimation (272)
[2018.09.05-02.08.31:328][318]LogModuleManager: Shutting down and abandoning module DataValidation (270)
[2018.09.05-02.08.31:328][318]LogModuleManager: Shutting down and abandoning module AssetManagerEditor (268)
[2018.09.05-02.08.31:328][318]LogModuleManager: Shutting down and abandoning module LevelEditor (267)
[2018.09.05-02.08.31:329][318]LogModuleManager: Shutting down and abandoning module PixelInspectorModule (266)
[2018.09.05-02.08.31:329][318]LogModuleManager: Shutting down and abandoning module CommonMenuExtensions (264)
[2018.09.05-02.08.31:329][318]LogModuleManager: Shutting down and abandoning module MainFrame (262)
[2018.09.05-02.08.31:329][318]LogModuleManager: Shutting down and abandoning module HotReload (261)
[2018.09.05-02.08.31:329][318]LogModuleManager: Shutting down and abandoning module ContentBrowser (257)
[2018.09.05-02.08.31:330][318]LogModuleManager: Shutting down and abandoning module TreeMap (255)
[2018.09.05-02.08.31:330][318]LogModuleManager: Shutting down and abandoning module LightPropagationVolumeRuntime (252)
[2018.09.05-02.08.31:330][318]LogModuleManager: Shutting down and abandoning module AISupportModule (250)
[2018.09.05-02.08.31:330][318]LogModuleManager: Shutting down and abandoning module Paper2D (248)
[2018.09.05-02.08.31:330][318]LogModuleManager: Shutting down and abandoning module WindowsMoviePlayer (246)
[2018.09.05-02.08.31:330][318]LogModuleManager: Shutting down and abandoning module WmfMedia (244)
[2018.09.05-02.08.31:331][318]LogModuleManager: Shutting down and abandoning module Media (243)
[2018.09.05-02.08.31:337][318]LogModuleManager: Shutting down and abandoning module PacketHandler (240)
[2018.09.05-02.08.31:337][318]LogModuleManager: Shutting down and abandoning module ClothingSystemEditor (238)
[2018.09.05-02.08.31:337][318]LogModuleManager: Shutting down and abandoning module ClothingSystemRuntime (236)
[2018.09.05-02.08.31:337][318]LogModuleManager: Shutting down and abandoning module MediaAssets (234)
[2018.09.05-02.08.31:337][318]LogModuleManager: Shutting down and abandoning module Overlay (232)
[2018.09.05-02.08.31:337][318]LogModuleManager: Shutting down and abandoning module OverlayEditor (231)
[2018.09.05-02.08.31:337][318]LogModuleManager: Shutting down and abandoning module VREditor (228)
[2018.09.05-02.08.31:337][318]LogModuleManager: Shutting down and abandoning module StringTableEditor (226)
[2018.09.05-02.08.31:337][318]LogModuleManager: Shutting down and abandoning module GameplayTasksEditor (224)
[2018.09.05-02.08.31:337][318]LogModuleManager: Shutting down and abandoning module BehaviorTreeEditor (222)
[2018.09.05-02.08.31:337][318]LogModuleManager: Shutting down and abandoning module FunctionalTesting (220)
[2018.09.05-02.08.31:338][318]LogModuleManager: Shutting down and abandoning module CollisionAnalyzer (218)
[2018.09.05-02.08.31:338][318]LogModuleManager: Shutting down and abandoning module WorkspaceMenuStructure (217)
[2018.09.05-02.08.31:338][318]LogModuleManager: Shutting down and abandoning module UMG (214)
[2018.09.05-02.08.31:338][318]LogModuleManager: Shutting down and abandoning module UMGEditor (213)
[2018.09.05-02.08.31:338][318]LogModuleManager: Shutting down and abandoning module Sequencer (212)
[2018.09.05-02.08.31:338][318]LogModuleManager: Shutting down and abandoning module MessageLog (209)
[2018.09.05-02.08.31:338][318]LogModuleManager: Shutting down and abandoning module SlateReflector (204)
[2018.09.05-02.08.31:338][318]LogModuleManager: Shutting down and abandoning module Slate (202)
[2018.09.05-02.08.31:338][318]LogModuleManager: Shutting down and abandoning module EditorStyle (200)
[2018.09.05-02.08.31:339][318]LogModuleManager: Shutting down and abandoning module MRMesh (198)
[2018.09.05-02.08.31:339][318]LogModuleManager: Shutting down and abandoning module SourceCodeAccess (196)
[2018.09.05-02.08.31:339][318]LogModuleManager: Shutting down and abandoning module HeadMountedDisplay (194)
[2018.09.05-02.08.31:339][318]LogModuleManager: Shutting down and abandoning module XAudio2 (192)
[2018.09.05-02.08.31:339][318]LogModuleManager: Shutting down and abandoning module Networking (190)
[2018.09.05-02.08.31:339][318]LogModuleManager: Shutting down and abandoning module Core (188)
[2018.09.05-02.08.31:339][318]LogModuleManager: Shutting down and abandoning module LevelSequence (186)
[2018.09.05-02.08.31:339][318]LogModuleManager: Shutting down and abandoning module KismetCompiler (184)
[2018.09.05-02.08.31:339][318]LogModuleManager: Shutting down and abandoning module MeshUtilities (182)
[2018.09.05-02.08.31:339][318]LogModuleManager: Shutting down and abandoning module MeshMergeUtilities (181)
[2018.09.05-02.08.31:339][318]LogModuleManager: Shutting down and abandoning module MeshReductionInterface (180)
[2018.09.05-02.08.31:339][318]LogModuleManager: Shutting down and abandoning module SimplygonSwarm (179)
[2018.09.05-02.08.31:339][318]LogModuleManager: Shutting down and abandoning module ProxyLODMeshReduction (177)
[2018.09.05-02.08.31:339][318]LogModuleManager: Shutting down and abandoning module SimplygonMeshReduction (175)
[2018.09.05-02.08.31:339][318]LogModuleManager: Shutting down and abandoning module QuadricMeshReduction (173)
[2018.09.05-02.08.31:339][318]LogModuleManager: Shutting down and abandoning module MaterialBaking (169)
[2018.09.05-02.08.31:339][318]LogModuleManager: Shutting down and abandoning module DirectoryWatcher (165)
[2018.09.05-02.08.31:339][318]LogModuleManager: Shutting down and abandoning module DerivedDataCache (162)
[2018.09.05-02.08.31:422][318]LogDerivedDataCache: Shutdown
[2018.09.05-02.08.31:422][318]LogModuleManager: Shutting down and abandoning module XGEController (160)
[2018.09.05-02.08.31:422][318]LogXGEController: Cleaning working directory: D:/Users/brandon.van7367/AppData/Local/Temp/UnrealXGEWorkingDir/
[2018.09.05-02.08.31:422][318]LogModuleManager: Shutting down and abandoning module TargetPlatform (158)
[2018.09.05-02.08.31:422][318]LogModuleManager: Shutting down and abandoning module VulkanShaderFormat (157)
[2018.09.05-02.08.31:422][318]LogModuleManager: Shutting down and abandoning module ShaderFormatVectorVM (155)
[2018.09.05-02.08.31:422][318]LogModuleManager: Shutting down and abandoning module ShaderFormatOpenGL (153)
[2018.09.05-02.08.31:422][318]LogModuleManager: Shutting down and abandoning module ShaderFormatD3D (151)
[2018.09.05-02.08.31:422][318]LogModuleManager: Shutting down and abandoning module MetalShaderFormat (149)
[2018.09.05-02.08.31:422][318]LogModuleManager: Shutting down and abandoning module TextureFormatUncompressed (147)
[2018.09.05-02.08.31:422][318]LogModuleManager: Shutting down and abandoning module TextureFormatPVR (145)
[2018.09.05-02.08.31:422][318]LogModuleManager: Shutting down and abandoning module TextureFormatDXT (143)
[2018.09.05-02.08.31:422][318]LogModuleManager: Shutting down and abandoning module TextureFormatIntelISPCTexComp (141)
[2018.09.05-02.08.31:422][318]LogModuleManager: Shutting down and abandoning module TextureFormatASTC (139)
[2018.09.05-02.08.31:422][318]LogModuleManager: Shutting down and abandoning module ImageWrapper (138)
[2018.09.05-02.08.31:422][318]LogModuleManager: Shutting down and abandoning module TextureFormatAndroid (135)
[2018.09.05-02.08.31:422][318]LogModuleManager: Shutting down and abandoning module AudioFormatOpus (133)
[2018.09.05-02.08.31:422][318]LogModuleManager: Shutting down and abandoning module AudioFormatOgg (131)
[2018.09.05-02.08.31:422][318]LogModuleManager: Shutting down and abandoning module AudioFormatADPCM (129)
[2018.09.05-02.08.31:422][318]LogModuleManager: Shutting down and abandoning module LuminTargetPlatform (127)
[2018.09.05-02.08.31:422][318]LogModuleManager: Shutting down and abandoning module LinuxTargetPlatform (125)
[2018.09.05-02.08.31:422][318]LogModuleManager: Shutting down and abandoning module LinuxServerTargetPlatform (123)
[2018.09.05-02.08.31:422][318]LogModuleManager: Shutting down and abandoning module LinuxNoEditorTargetPlatform (121)
[2018.09.05-02.08.31:422][318]LogModuleManager: Shutting down and abandoning module LinuxClientTargetPlatform (119)
[2018.09.05-02.08.31:422][318]LogModuleManager: Shutting down and abandoning module TVOSTargetPlatform (117)
[2018.09.05-02.08.31:423][318]LogModuleManager: Shutting down and abandoning module Messaging (115)
[2018.09.05-02.08.31:423][318]LogModuleManager: Shutting down and abandoning module IOSTargetPlatform (113)
[2018.09.05-02.08.31:423][318]LogModuleManager: Shutting down and abandoning module HTML5TargetPlatform (111)
[2018.09.05-02.08.31:423][318]LogModuleManager: Shutting down and abandoning module AndroidTargetPlatform (109)
[2018.09.05-02.08.31:427][318]LogModuleManager: Shutting down and abandoning module WindowsTargetPlatform (107)
[2018.09.05-02.08.31:428][318]LogModuleManager: Shutting down and abandoning module WindowsServerTargetPlatform (105)
[2018.09.05-02.08.31:428][318]LogModuleManager: Shutting down and abandoning module WindowsNoEditorTargetPlatform (103)
[2018.09.05-02.08.31:428][318]LogModuleManager: Shutting down and abandoning module WindowsClientTargetPlatform (101)
[2018.09.05-02.08.31:428][318]LogModuleManager: Shutting down and abandoning module MacTargetPlatform (99)
[2018.09.05-02.08.31:428][318]LogModuleManager: Shutting down and abandoning module MacServerTargetPlatform (97)
[2018.09.05-02.08.31:428][318]LogModuleManager: Shutting down and abandoning module MacNoEditorTargetPlatform (95)
[2018.09.05-02.08.31:428][318]LogModuleManager: Shutting down and abandoning module MacClientTargetPlatform (93)
[2018.09.05-02.08.31:428][318]LogModuleManager: Shutting down and abandoning module AllDesktopTargetPlatform (91)
[2018.09.05-02.08.31:428][318]LogModuleManager: Shutting down and abandoning module InputCore (88)
[2018.09.05-02.08.31:428][318]LogModuleManager: Shutting down and abandoning module Settings (86)
[2018.09.05-02.08.31:428][318]LogModuleManager: Shutting down and abandoning module PhysXCooking (84)
[2018.09.05-02.08.31:428][318]LogModuleManager: Shutting down and abandoning module SteamVR (82)
[2018.09.05-02.08.31:428][318]LogModuleManager: Shutting down and abandoning module OculusHMD (80)
[2018.09.05-02.08.31:428][318]LogModuleManager: Shutting down and abandoning module ExampleDeviceProfileSelector (78)
[2018.09.05-02.08.31:428][318]LogModuleManager: Shutting down and abandoning module LauncherChunkInstaller (76)
[2018.09.05-02.08.31:428][318]LogModuleManager: Shutting down and abandoning module OnlineBlueprintSupport (74)
[2018.09.05-02.08.31:428][318]LogModuleManager: Shutting down and abandoning module OnlineSubsystem (70)
[2018.09.05-02.08.31:428][318]LogModuleManager: Shutting down and abandoning module XMPP (65)
[2018.09.05-02.08.31:428][318]LogModuleManager: Shutting down and abandoning module WebSockets (64)
[2018.09.05-02.08.31:438][318]LogModuleManager: Shutting down and abandoning module HTTP (61)
[2018.09.05-02.08.31:439][318]LogHttp: Display: Http module shutting down, but needs to wait on 1 outstanding Http requests:
[2018.09.05-02.08.31:439][318]LogHttp: Display: 	verb=[POST] url=[https://datarouter.ol.epicgames.com/datarouter/api/v1/public/data?SessionID=%7B8F6B391B-405B-1A23-288A-10974ADA9ED5%7D&AppID=UEEditor.Rocket.Release&AppVersion=4.20.2-4302132%2B%2B%2BUE4%2BRelease-4.20&UserID=b910499d41be1036cc20cfbe1bbb7b02%7C18199573a9024700b6fe1c27ce7f3acc%7C3509449f-5479-431f-8217-14b9625e6547&AppEnvironment=datacollector-binary&UploadType=eteventstream] status=Processing
[2018.09.05-02.08.31:465][318]LogModuleManager: Shutting down and abandoning module SSL (60)
[2018.09.05-02.08.31:466][318]LogModuleManager: Shutting down and abandoning module MagicLeapEmulator (56)
[2018.09.05-02.08.31:466][318]LogModuleManager: Shutting down and abandoning module MagicLeapPrivileges (54)
[2018.09.05-02.08.31:466][318]LogModuleManager: Shutting down and abandoning module MagicLeapIdentity (52)
[2018.09.05-02.08.31:466][318]LogModuleManager: Shutting down and abandoning module MagicLeapHelperVulkan (50)
[2018.09.05-02.08.31:466][318]LogModuleManager: Shutting down and abandoning module MagicLeapHelperOpenGL (48)
[2018.09.05-02.08.31:466][318]LogModuleManager: Shutting down and abandoning module MagicLeapSecureStorage (46)
[2018.09.05-02.08.31:466][318]LogModuleManager: Shutting down and abandoning module MagicLeapGestures (44)
[2018.09.05-02.08.31:466][318]LogModuleManager: Shutting down and abandoning module MagicLeapEyeTracker (42)
[2018.09.05-02.08.31:466][318]LogModuleManager: Shutting down and abandoning module MagicLeapController (40)
[2018.09.05-02.08.31:466][318]LogSlate: Slate User Destroyed.  User Index 0, Is Virtual User: 0
[2018.09.05-02.08.31:466][318]LogSlate: Slate User Destroyed.  User Index 1, Is Virtual User: 0
[2018.09.05-02.08.31:466][318]LogModuleManager: Shutting down and abandoning module MagicLeap (38)
[2018.09.05-02.08.31:466][318]LogModuleManager: Shutting down and abandoning module AnimationModifiers (36)
[2018.09.05-02.08.31:466][318]LogModuleManager: Shutting down and abandoning module PropertyEditor (35)
[2018.09.05-02.08.31:466][318]LogModuleManager: Shutting down and abandoning module AudioEditor (32)
[2018.09.05-02.08.31:466][318]LogModuleManager: Shutting down and abandoning module TextureCompressor (30)
[2018.09.05-02.08.31:467][318]LogModuleManager: Shutting down and abandoning module ShaderCore (28)
[2018.09.05-02.08.31:467][318]LogModuleManager: Shutting down and abandoning module Landscape (26)
[2018.09.05-02.08.31:467][318]LogModuleManager: Shutting down and abandoning module SlateRHIRenderer (24)
[2018.09.05-02.08.31:467][318]LogModuleManager: Shutting down and abandoning module OpenGLDrv (22)
[2018.09.05-02.08.31:467][318]LogModuleManager: Shutting down and abandoning module D3D11RHI (20)
[2018.09.05-02.08.31:467][318]LogModuleManager: Shutting down and abandoning module AnimGraphRuntime (18)
[2018.09.05-02.08.31:467][318]LogModuleManager: Shutting down and abandoning module Renderer (16)
[2018.09.05-02.08.31:467][318]LogModuleManager: Shutting down and abandoning module Engine (14)
[2018.09.05-02.08.31:467][318]LogModuleManager: Shutting down and abandoning module CoreUObject (12)
[2018.09.05-02.08.31:467][318]LogModuleManager: Shutting down and abandoning module NetworkFile (10)
[2018.09.05-02.08.31:467][318]LogModuleManager: Shutting down and abandoning module CookedIterativeFile (8)
[2018.09.05-02.08.31:467][318]LogModuleManager: Shutting down and abandoning module StreamingFile (6)
[2018.09.05-02.08.31:467][318]LogModuleManager: Shutting down and abandoning module SandboxFile (4)
[2018.09.05-02.08.31:467][318]LogModuleManager: Shutting down and abandoning module PakFile (2)
[2018.09.05-02.08.31:472][318]LogExit: Exiting.
[2018.09.05-02.08.31:483][318]Log file closed, 09/05/18 14:08:31
